[2023-06-07 11:28:44] production.ERROR: SQLSTATE[HY000] [1130] Host '127.0.0.1' is not allowed to connect to this MariaDB server (SQL: select * from `bravo_terms` where `attr_id` = 18) {"exception":"[object] (Illuminate\\Database\\QueryException(code: 1130): SQLSTATE[HY000] [1130] Host '127.0.0.1' is not allowed to connect to this MariaDB server (SQL: select * from `bravo_terms` where `attr_id` = 18) at /home/u533143048/domains/techdocklabs.com/public_html/roamiodeals/vendor/laravel/framework/src/Illuminate/Database/Connection.php:760)
[stacktrace]
#0 /home/u533143048/domains/techdocklabs.com/public_html/roamiodeals/vendor/laravel/framework/src/Illuminate/Database/Connection.php(720): Illuminate\\Database\\Connection->runQueryCallback()
#1 /home/u533143048/domains/techdocklabs.com/public_html/roamiodeals/vendor/laravel/framework/src/Illuminate/Database/Connection.php(422): Illuminate\\Database\\Connection->run()
#2 /home/u533143048/domains/techdocklabs.com/public_html/roamiodeals/vendor/laravel/framework/src/Illuminate/Database/Query/Builder.php(2654): Illuminate\\Database\\Connection->select()
#3 /home/u533143048/domains/techdocklabs.com/public_html/roamiodeals/vendor/laravel/framework/src/Illuminate/Database/Query/Builder.php(2642): Illuminate\\Database\\Query\\Builder->runSelect()
#4 /home/u533143048/domains/techdocklabs.com/public_html/roamiodeals/vendor/laravel/framework/src/Illuminate/Database/Query/Builder.php(3178): Illuminate\\Database\\Query\\Builder->Illuminate\\Database\\Query\\{closure}()
#5 /home/u533143048/domains/techdocklabs.com/public_html/roamiodeals/vendor/laravel/framework/src/Illuminate/Database/Query/Builder.php(2643): Illuminate\\Database\\Query\\Builder->onceWithColumns()
#6 /home/u533143048/domains/techdocklabs.com/public_html/roamiodeals/modules/Api/Controllers/SearchController.php(118): Illuminate\\Database\\Query\\Builder->get()
#7 /home/u533143048/domains/techdocklabs.com/public_html/roamiodeals/vendor/laravel/framework/src/Illuminate/Routing/Controller.php(54): Modules\\Api\\Controllers\\SearchController->attrtermsget()
#8 /home/u533143048/domains/techdocklabs.com/public_html/roamiodeals/vendor/laravel/framework/src/Illuminate/Routing/ControllerDispatcher.php(43): Illuminate\\Routing\\Controller->callAction()
#9 /home/u533143048/domains/techdocklabs.com/public_html/roamiodeals/vendor/laravel/framework/src/Illuminate/Routing/Route.php(260): Illuminate\\Routing\\ControllerDispatcher->dispatch()
#10 /home/u533143048/domains/techdocklabs.com/public_html/roamiodeals/vendor/laravel/framework/src/Illuminate/Routing/Route.php(205): Illuminate\\Routing\\Route->runController()
#11 /home/u533143048/domains/techdocklabs.com/public_html/roamiodeals/vendor/laravel/framework/src/Illuminate/Routing/Router.php(798): Illuminate\\Routing\\Route->run()
#12 /home/u533143048/domains/techdocklabs.com/public_html/roamiodeals/vendor/laravel/framework/src/Illuminate/Pipeline/Pipeline.php(141): Illuminate\\Routing\\Router->Illuminate\\Routing\\{closure}()
#13 /home/u533143048/domains/techdocklabs.com/public_html/roamiodeals/app/Http/Middleware/SetLanguageForApi.php(32): Illuminate\\Pipeline\\Pipeline->Illuminate\\Pipeline\\{closure}()
#14 /home/u533143048/domains/techdocklabs.com/public_html/roamiodeals/vendor/laravel/framework/src/Illuminate/Pipeline/Pipeline.php(180): App\\Http\\Middleware\\SetLanguageForApi->handle()
#15 /home/u533143048/domains/techdocklabs.com/public_html/roamiodeals/app/Http/Middleware/RequireChangePassword.php(41): Illuminate\\Pipeline\\Pipeline->Illuminate\\Pipeline\\{closure}()
#16 /home/u533143048/domains/techdocklabs.com/public_html/roamiodeals/vendor/laravel/framework/src/Illuminate/Pipeline/Pipeline.php(180): App\\Http\\Middleware\\RequireChangePassword->handle()
#17 /home/u533143048/domains/techdocklabs.com/public_html/roamiodeals/vendor/laravel/framework/src/Illuminate/Routing/Middleware/SubstituteBindings.php(50): Illuminate\\Pipeline\\Pipeline->Illuminate\\Pipeline\\{closure}()
#18 /home/u533143048/domains/techdocklabs.com/public_html/roamiodeals/vendor/laravel/framework/src/Illuminate/Pipeline/Pipeline.php(180): Illuminate\\Routing\\Middleware\\SubstituteBindings->handle()
#19 /home/u533143048/domains/techdocklabs.com/public_html/roamiodeals/vendor/laravel/framework/src/Illuminate/Routing/Middleware/ThrottleRequests.php(126): Illuminate\\Pipeline\\Pipeline->Illuminate\\Pipeline\\{closure}()
#20 /home/u533143048/domains/techdocklabs.com/public_html/roamiodeals/vendor/laravel/framework/src/Illuminate/Routing/Middleware/ThrottleRequests.php(102): Illuminate\\Routing\\Middleware\\ThrottleRequests->handleRequest()
#21 /home/u533143048/domains/techdocklabs.com/public_html/roamiodeals/vendor/laravel/framework/src/Illuminate/Routing/Middleware/ThrottleRequests.php(54): Illuminate\\Routing\\Middleware\\ThrottleRequests->handleRequestUsingNamedLimiter()
#22 /home/u533143048/domains/techdocklabs.com/public_html/roamiodeals/vendor/laravel/framework/src/Illuminate/Pipeline/Pipeline.php(180): Illuminate\\Routing\\Middleware\\ThrottleRequests->handle()
#23 /home/u533143048/domains/techdocklabs.com/public_html/roamiodeals/vendor/laravel/framework/src/Illuminate/Pipeline/Pipeline.php(116): Illuminate\\Pipeline\\Pipeline->Illuminate\\Pipeline\\{closure}()
#24 /home/u533143048/domains/techdocklabs.com/public_html/roamiodeals/vendor/laravel/framework/src/Illuminate/Routing/Router.php(799): Illuminate\\Pipeline\\Pipeline->then()
#25 /home/u533143048/domains/techdocklabs.com/public_html/roamiodeals/vendor/laravel/framework/src/Illuminate/Routing/Router.php(776): Illuminate\\Routing\\Router->runRouteWithinStack()
#26 /home/u533143048/domains/techdocklabs.com/public_html/roamiodeals/vendor/laravel/framework/src/Illuminate/Routing/Router.php(740): Illuminate\\Routing\\Router->runRoute()
#27 /home/u533143048/domains/techdocklabs.com/public_html/roamiodeals/vendor/laravel/framework/src/Illuminate/Routing/Router.php(729): Illuminate\\Routing\\Router->dispatchToRoute()
#28 /home/u533143048/domains/techdocklabs.com/public_html/roamiodeals/vendor/laravel/framework/src/Illuminate/Foundation/Http/Kernel.php(190): Illuminate\\Routing\\Router->dispatch()
#29 /home/u533143048/domains/techdocklabs.com/public_html/roamiodeals/vendor/laravel/framework/src/Illuminate/Pipeline/Pipeline.php(141): Illuminate\\Foundation\\Http\\Kernel->Illuminate\\Foundation\\Http\\{closure}()
#30 /home/u533143048/domains/techdocklabs.com/public_html/roamiodeals/themes/Base/Core/Middleware/RunUpdater.php(72): Illuminate\\Pipeline\\Pipeline->Illuminate\\Pipeline\\{closure}()
#31 /home/u533143048/domains/techdocklabs.com/public_html/roamiodeals/vendor/laravel/framework/src/Illuminate/Pipeline/Pipeline.php(180): Themes\\Base\\Core\\Middleware\\RunUpdater->handle()
#32 /home/u533143048/domains/techdocklabs.com/public_html/roamiodeals/vendor/barryvdh/laravel-debugbar/src/Middleware/InjectDebugbar.php(66): Illuminate\\Pipeline\\Pipeline->Illuminate\\Pipeline\\{closure}()
#33 /home/u533143048/domains/techdocklabs.com/public_html/roamiodeals/vendor/laravel/framework/src/Illuminate/Pipeline/Pipeline.php(180): Barryvdh\\Debugbar\\Middleware\\InjectDebugbar->handle()
#34 /home/u533143048/domains/techdocklabs.com/public_html/roamiodeals/vendor/laravel/framework/src/Illuminate/Foundation/Http/Middleware/TransformsRequest.php(21): Illuminate\\Pipeline\\Pipeline->Illuminate\\Pipeline\\{closure}()
#35 /home/u533143048/domains/techdocklabs.com/public_html/roamiodeals/vendor/laravel/framework/src/Illuminate/Foundation/Http/Middleware/ConvertEmptyStringsToNull.php(31): Illuminate\\Foundation\\Http\\Middleware\\TransformsRequest->handle()
#36 /home/u533143048/domains/techdocklabs.com/public_html/roamiodeals/vendor/laravel/framework/src/Illuminate/Pipeline/Pipeline.php(180): Illuminate\\Foundation\\Http\\Middleware\\ConvertEmptyStringsToNull->handle()
#37 /home/u533143048/domains/techdocklabs.com/public_html/roamiodeals/vendor/laravel/framework/src/Illuminate/Foundation/Http/Middleware/TransformsRequest.php(21): Illuminate\\Pipeline\\Pipeline->Illuminate\\Pipeline\\{closure}()
#38 /home/u533143048/domains/techdocklabs.com/public_html/roamiodeals/vendor/laravel/framework/src/Illuminate/Foundation/Http/Middleware/TrimStrings.php(40): Illuminate\\Foundation\\Http\\Middleware\\TransformsRequest->handle()
#39 /home/u533143048/domains/techdocklabs.com/public_html/roamiodeals/vendor/laravel/framework/src/Illuminate/Pipeline/Pipeline.php(180): Illuminate\\Foundation\\Http\\Middleware\\TrimStrings->handle()
#40 /home/u533143048/domains/techdocklabs.com/public_html/roamiodeals/vendor/laravel/framework/src/Illuminate/Foundation/Http/Middleware/ValidatePostSize.php(27): Illuminate\\Pipeline\\Pipeline->Illuminate\\Pipeline\\{closure}()
#41 /home/u533143048/domains/techdocklabs.com/public_html/roamiodeals/vendor/laravel/framework/src/Illuminate/Pipeline/Pipeline.php(180): Illuminate\\Foundation\\Http\\Middleware\\ValidatePostSize->handle()
#42 /home/u533143048/domains/techdocklabs.com/public_html/roamiodeals/vendor/laravel/framework/src/Illuminate/Foundation/Http/Middleware/PreventRequestsDuringMaintenance.php(86): Illuminate\\Pipeline\\Pipeline->Illuminate\\Pipeline\\{closure}()
#43 /home/u533143048/domains/techdocklabs.com/public_html/roamiodeals/vendor/laravel/framework/src/Illuminate/Pipeline/Pipeline.php(180): Illuminate\\Foundation\\Http\\Middleware\\PreventRequestsDuringMaintenance->handle()
#44 /home/u533143048/domains/techdocklabs.com/public_html/roamiodeals/vendor/laravel/framework/src/Illuminate/Http/Middleware/HandleCors.php(62): Illuminate\\Pipeline\\Pipeline->Illuminate\\Pipeline\\{closure}()
#45 /home/u533143048/domains/techdocklabs.com/public_html/roamiodeals/vendor/laravel/framework/src/Illuminate/Pipeline/Pipeline.php(180): Illuminate\\Http\\Middleware\\HandleCors->handle()
#46 /home/u533143048/domains/techdocklabs.com/public_html/roamiodeals/app/Http/Middleware/RedirectToInstaller.php(40): Illuminate\\Pipeline\\Pipeline->Illuminate\\Pipeline\\{closure}()
#47 /home/u533143048/domains/techdocklabs.com/public_html/roamiodeals/vendor/laravel/framework/src/Illuminate/Pipeline/Pipeline.php(180): App\\Http\\Middleware\\RedirectToInstaller->handle()
#48 /home/u533143048/domains/techdocklabs.com/public_html/roamiodeals/vendor/laravel/framework/src/Illuminate/Http/Middleware/TrustProxies.php(39): Illuminate\\Pipeline\\Pipeline->Illuminate\\Pipeline\\{closure}()
#49 /home/u533143048/domains/techdocklabs.com/public_html/roamiodeals/vendor/laravel/framework/src/Illuminate/Pipeline/Pipeline.php(180): Illuminate\\Http\\Middleware\\TrustProxies->handle()
#50 /home/u533143048/domains/techdocklabs.com/public_html/roamiodeals/vendor/laravel/framework/src/Illuminate/Pipeline/Pipeline.php(116): Illuminate\\Pipeline\\Pipeline->Illuminate\\Pipeline\\{closure}()
#51 /home/u533143048/domains/techdocklabs.com/public_html/roamiodeals/vendor/laravel/framework/src/Illuminate/Foundation/Http/Kernel.php(165): Illuminate\\Pipeline\\Pipeline->then()
#52 /home/u533143048/domains/techdocklabs.com/public_html/roamiodeals/vendor/laravel/framework/src/Illuminate/Foundation/Http/Kernel.php(134): Illuminate\\Foundation\\Http\\Kernel->sendRequestThroughRouter()
#53 /home/u533143048/domains/techdocklabs.com/public_html/roamiodeals/public/index.php(72): Illuminate\\Foundation\\Http\\Kernel->handle()
#54 {main}

[previous exception] [object] (PDOException(code: 1130): SQLSTATE[HY000] [1130] Host '127.0.0.1' is not allowed to connect to this MariaDB server at /home/u533143048/domains/techdocklabs.com/public_html/roamiodeals/vendor/laravel/framework/src/Illuminate/Database/Connectors/Connector.php:70)
[stacktrace]
#0 /home/u533143048/domains/techdocklabs.com/public_html/roamiodeals/vendor/laravel/framework/src/Illuminate/Database/Connectors/Connector.php(70): PDO->__construct()
#1 /home/u533143048/domains/techdocklabs.com/public_html/roamiodeals/vendor/laravel/framework/src/Illuminate/Database/Connectors/Connector.php(46): Illuminate\\Database\\Connectors\\Connector->createPdoConnection()
#2 /home/u533143048/domains/techdocklabs.com/public_html/roamiodeals/vendor/laravel/framework/src/Illuminate/Database/Connectors/MySqlConnector.php(24): Illuminate\\Database\\Connectors\\Connector->createConnection()
#3 /home/u533143048/domains/techdocklabs.com/public_html/roamiodeals/vendor/laravel/framework/src/Illuminate/Database/Connectors/ConnectionFactory.php(184): Illuminate\\Database\\Connectors\\MySqlConnector->connect()
#4 [internal function]: Illuminate\\Database\\Connectors\\ConnectionFactory->Illuminate\\Database\\Connectors\\{closure}()
#5 /home/u533143048/domains/techdocklabs.com/public_html/roamiodeals/vendor/laravel/framework/src/Illuminate/Database/Connection.php(1181): call_user_func()
#6 /home/u533143048/domains/techdocklabs.com/public_html/roamiodeals/vendor/laravel/framework/src/Illuminate/Database/Connection.php(1217): Illuminate\\Database\\Connection->getPdo()
#7 /home/u533143048/domains/techdocklabs.com/public_html/roamiodeals/vendor/laravel/framework/src/Illuminate/Database/Connection.php(486): Illuminate\\Database\\Connection->getReadPdo()
#8 /home/u533143048/domains/techdocklabs.com/public_html/roamiodeals/vendor/laravel/framework/src/Illuminate/Database/Connection.php(414): Illuminate\\Database\\Connection->getPdoForSelect()
#9 /home/u533143048/domains/techdocklabs.com/public_html/roamiodeals/vendor/laravel/framework/src/Illuminate/Database/Connection.php(753): Illuminate\\Database\\Connection->Illuminate\\Database\\{closure}()
#10 /home/u533143048/domains/techdocklabs.com/public_html/roamiodeals/vendor/laravel/framework/src/Illuminate/Database/Connection.php(720): Illuminate\\Database\\Connection->runQueryCallback()
#11 /home/u533143048/domains/techdocklabs.com/public_html/roamiodeals/vendor/laravel/framework/src/Illuminate/Database/Connection.php(422): Illuminate\\Database\\Connection->run()
#12 /home/u533143048/domains/techdocklabs.com/public_html/roamiodeals/vendor/laravel/framework/src/Illuminate/Database/Query/Builder.php(2654): Illuminate\\Database\\Connection->select()
#13 /home/u533143048/domains/techdocklabs.com/public_html/roamiodeals/vendor/laravel/framework/src/Illuminate/Database/Query/Builder.php(2642): Illuminate\\Database\\Query\\Builder->runSelect()
#14 /home/u533143048/domains/techdocklabs.com/public_html/roamiodeals/vendor/laravel/framework/src/Illuminate/Database/Query/Builder.php(3178): Illuminate\\Database\\Query\\Builder->Illuminate\\Database\\Query\\{closure}()
#15 /home/u533143048/domains/techdocklabs.com/public_html/roamiodeals/vendor/laravel/framework/src/Illuminate/Database/Query/Builder.php(2643): Illuminate\\Database\\Query\\Builder->onceWithColumns()
#16 /home/u533143048/domains/techdocklabs.com/public_html/roamiodeals/modules/Api/Controllers/SearchController.php(118): Illuminate\\Database\\Query\\Builder->get()
#17 /home/u533143048/domains/techdocklabs.com/public_html/roamiodeals/vendor/laravel/framework/src/Illuminate/Routing/Controller.php(54): Modules\\Api\\Controllers\\SearchController->attrtermsget()
#18 /home/u533143048/domains/techdocklabs.com/public_html/roamiodeals/vendor/laravel/framework/src/Illuminate/Routing/ControllerDispatcher.php(43): Illuminate\\Routing\\Controller->callAction()
#19 /home/u533143048/domains/techdocklabs.com/public_html/roamiodeals/vendor/laravel/framework/src/Illuminate/Routing/Route.php(260): Illuminate\\Routing\\ControllerDispatcher->dispatch()
#20 /home/u533143048/domains/techdocklabs.com/public_html/roamiodeals/vendor/laravel/framework/src/Illuminate/Routing/Route.php(205): Illuminate\\Routing\\Route->runController()
#21 /home/u533143048/domains/techdocklabs.com/public_html/roamiodeals/vendor/laravel/framework/src/Illuminate/Routing/Router.php(798): Illuminate\\Routing\\Route->run()
#22 /home/u533143048/domains/techdocklabs.com/public_html/roamiodeals/vendor/laravel/framework/src/Illuminate/Pipeline/Pipeline.php(141): Illuminate\\Routing\\Router->Illuminate\\Routing\\{closure}()
#23 /home/u533143048/domains/techdocklabs.com/public_html/roamiodeals/app/Http/Middleware/SetLanguageForApi.php(32): Illuminate\\Pipeline\\Pipeline->Illuminate\\Pipeline\\{closure}()
#24 /home/u533143048/domains/techdocklabs.com/public_html/roamiodeals/vendor/laravel/framework/src/Illuminate/Pipeline/Pipeline.php(180): App\\Http\\Middleware\\SetLanguageForApi->handle()
#25 /home/u533143048/domains/techdocklabs.com/public_html/roamiodeals/app/Http/Middleware/RequireChangePassword.php(41): Illuminate\\Pipeline\\Pipeline->Illuminate\\Pipeline\\{closure}()
#26 /home/u533143048/domains/techdocklabs.com/public_html/roamiodeals/vendor/laravel/framework/src/Illuminate/Pipeline/Pipeline.php(180): App\\Http\\Middleware\\RequireChangePassword->handle()
#27 /home/u533143048/domains/techdocklabs.com/public_html/roamiodeals/vendor/laravel/framework/src/Illuminate/Routing/Middleware/SubstituteBindings.php(50): Illuminate\\Pipeline\\Pipeline->Illuminate\\Pipeline\\{closure}()
#28 /home/u533143048/domains/techdocklabs.com/public_html/roamiodeals/vendor/laravel/framework/src/Illuminate/Pipeline/Pipeline.php(180): Illuminate\\Routing\\Middleware\\SubstituteBindings->handle()
#29 /home/u533143048/domains/techdocklabs.com/public_html/roamiodeals/vendor/laravel/framework/src/Illuminate/Routing/Middleware/ThrottleRequests.php(126): Illuminate\\Pipeline\\Pipeline->Illuminate\\Pipeline\\{closure}()
#30 /home/u533143048/domains/techdocklabs.com/public_html/roamiodeals/vendor/laravel/framework/src/Illuminate/Routing/Middleware/ThrottleRequests.php(102): Illuminate\\Routing\\Middleware\\ThrottleRequests->handleRequest()
#31 /home/u533143048/domains/techdocklabs.com/public_html/roamiodeals/vendor/laravel/framework/src/Illuminate/Routing/Middleware/ThrottleRequests.php(54): Illuminate\\Routing\\Middleware\\ThrottleRequests->handleRequestUsingNamedLimiter()
#32 /home/u533143048/domains/techdocklabs.com/public_html/roamiodeals/vendor/laravel/framework/src/Illuminate/Pipeline/Pipeline.php(180): Illuminate\\Routing\\Middleware\\ThrottleRequests->handle()
#33 /home/u533143048/domains/techdocklabs.com/public_html/roamiodeals/vendor/laravel/framework/src/Illuminate/Pipeline/Pipeline.php(116): Illuminate\\Pipeline\\Pipeline->Illuminate\\Pipeline\\{closure}()
#34 /home/u533143048/domains/techdocklabs.com/public_html/roamiodeals/vendor/laravel/framework/src/Illuminate/Routing/Router.php(799): Illuminate\\Pipeline\\Pipeline->then()
#35 /home/u533143048/domains/techdocklabs.com/public_html/roamiodeals/vendor/laravel/framework/src/Illuminate/Routing/Router.php(776): Illuminate\\Routing\\Router->runRouteWithinStack()
#36 /home/u533143048/domains/techdocklabs.com/public_html/roamiodeals/vendor/laravel/framework/src/Illuminate/Routing/Router.php(740): Illuminate\\Routing\\Router->runRoute()
#37 /home/u533143048/domains/techdocklabs.com/public_html/roamiodeals/vendor/laravel/framework/src/Illuminate/Routing/Router.php(729): Illuminate\\Routing\\Router->dispatchToRoute()
#38 /home/u533143048/domains/techdocklabs.com/public_html/roamiodeals/vendor/laravel/framework/src/Illuminate/Foundation/Http/Kernel.php(190): Illuminate\\Routing\\Router->dispatch()
#39 /home/u533143048/domains/techdocklabs.com/public_html/roamiodeals/vendor/laravel/framework/src/Illuminate/Pipeline/Pipeline.php(141): Illuminate\\Foundation\\Http\\Kernel->Illuminate\\Foundation\\Http\\{closure}()
#40 /home/u533143048/domains/techdocklabs.com/public_html/roamiodeals/themes/Base/Core/Middleware/RunUpdater.php(72): Illuminate\\Pipeline\\Pipeline->Illuminate\\Pipeline\\{closure}()
#41 /home/u533143048/domains/techdocklabs.com/public_html/roamiodeals/vendor/laravel/framework/src/Illuminate/Pipeline/Pipeline.php(180): Themes\\Base\\Core\\Middleware\\RunUpdater->handle()
#42 /home/u533143048/domains/techdocklabs.com/public_html/roamiodeals/vendor/barryvdh/laravel-debugbar/src/Middleware/InjectDebugbar.php(66): Illuminate\\Pipeline\\Pipeline->Illuminate\\Pipeline\\{closure}()
#43 /home/u533143048/domains/techdocklabs.com/public_html/roamiodeals/vendor/laravel/framework/src/Illuminate/Pipeline/Pipeline.php(180): Barryvdh\\Debugbar\\Middleware\\InjectDebugbar->handle()
#44 /home/u533143048/domains/techdocklabs.com/public_html/roamiodeals/vendor/laravel/framework/src/Illuminate/Foundation/Http/Middleware/TransformsRequest.php(21): Illuminate\\Pipeline\\Pipeline->Illuminate\\Pipeline\\{closure}()
#45 /home/u533143048/domains/techdocklabs.com/public_html/roamiodeals/vendor/laravel/framework/src/Illuminate/Foundation/Http/Middleware/ConvertEmptyStringsToNull.php(31): Illuminate\\Foundation\\Http\\Middleware\\TransformsRequest->handle()
#46 /home/u533143048/domains/techdocklabs.com/public_html/roamiodeals/vendor/laravel/framework/src/Illuminate/Pipeline/Pipeline.php(180): Illuminate\\Foundation\\Http\\Middleware\\ConvertEmptyStringsToNull->handle()
#47 /home/u533143048/domains/techdocklabs.com/public_html/roamiodeals/vendor/laravel/framework/src/Illuminate/Foundation/Http/Middleware/TransformsRequest.php(21): Illuminate\\Pipeline\\Pipeline->Illuminate\\Pipeline\\{closure}()
#48 /home/u533143048/domains/techdocklabs.com/public_html/roamiodeals/vendor/laravel/framework/src/Illuminate/Foundation/Http/Middleware/TrimStrings.php(40): Illuminate\\Foundation\\Http\\Middleware\\TransformsRequest->handle()
#49 /home/u533143048/domains/techdocklabs.com/public_html/roamiodeals/vendor/laravel/framework/src/Illuminate/Pipeline/Pipeline.php(180): Illuminate\\Foundation\\Http\\Middleware\\TrimStrings->handle()
#50 /home/u533143048/domains/techdocklabs.com/public_html/roamiodeals/vendor/laravel/framework/src/Illuminate/Foundation/Http/Middleware/ValidatePostSize.php(27): Illuminate\\Pipeline\\Pipeline->Illuminate\\Pipeline\\{closure}()
#51 /home/u533143048/domains/techdocklabs.com/public_html/roamiodeals/vendor/laravel/framework/src/Illuminate/Pipeline/Pipeline.php(180): Illuminate\\Foundation\\Http\\Middleware\\ValidatePostSize->handle()
#52 /home/u533143048/domains/techdocklabs.com/public_html/roamiodeals/vendor/laravel/framework/src/Illuminate/Foundation/Http/Middleware/PreventRequestsDuringMaintenance.php(86): Illuminate\\Pipeline\\Pipeline->Illuminate\\Pipeline\\{closure}()
#53 /home/u533143048/domains/techdocklabs.com/public_html/roamiodeals/vendor/laravel/framework/src/Illuminate/Pipeline/Pipeline.php(180): Illuminate\\Foundation\\Http\\Middleware\\PreventRequestsDuringMaintenance->handle()
#54 /home/u533143048/domains/techdocklabs.com/public_html/roamiodeals/vendor/laravel/framework/src/Illuminate/Http/Middleware/HandleCors.php(62): Illuminate\\Pipeline\\Pipeline->Illuminate\\Pipeline\\{closure}()
#55 /home/u533143048/domains/techdocklabs.com/public_html/roamiodeals/vendor/laravel/framework/src/Illuminate/Pipeline/Pipeline.php(180): Illuminate\\Http\\Middleware\\HandleCors->handle()
#56 /home/u533143048/domains/techdocklabs.com/public_html/roamiodeals/app/Http/Middleware/RedirectToInstaller.php(40): Illuminate\\Pipeline\\Pipeline->Illuminate\\Pipeline\\{closure}()
#57 /home/u533143048/domains/techdocklabs.com/public_html/roamiodeals/vendor/laravel/framework/src/Illuminate/Pipeline/Pipeline.php(180): App\\Http\\Middleware\\RedirectToInstaller->handle()
#58 /home/u533143048/domains/techdocklabs.com/public_html/roamiodeals/vendor/laravel/framework/src/Illuminate/Http/Middleware/TrustProxies.php(39): Illuminate\\Pipeline\\Pipeline->Illuminate\\Pipeline\\{closure}()
#59 /home/u533143048/domains/techdocklabs.com/public_html/roamiodeals/vendor/laravel/framework/src/Illuminate/Pipeline/Pipeline.php(180): Illuminate\\Http\\Middleware\\TrustProxies->handle()
#60 /home/u533143048/domains/techdocklabs.com/public_html/roamiodeals/vendor/laravel/framework/src/Illuminate/Pipeline/Pipeline.php(116): Illuminate\\Pipeline\\Pipeline->Illuminate\\Pipeline\\{closure}()
#61 /home/u533143048/domains/techdocklabs.com/public_html/roamiodeals/vendor/laravel/framework/src/Illuminate/Foundation/Http/Kernel.php(165): Illuminate\\Pipeline\\Pipeline->then()
#62 /home/u533143048/domains/techdocklabs.com/public_html/roamiodeals/vendor/laravel/framework/src/Illuminate/Foundation/Http/Kernel.php(134): Illuminate\\Foundation\\Http\\Kernel->sendRequestThroughRouter()
#63 /home/u533143048/domains/techdocklabs.com/public_html/roamiodeals/public/index.php(72): Illuminate\\Foundation\\Http\\Kernel->handle()
#64 {main}
"} 
[2023-06-07 16:26:09] production.ERROR: SQLSTATE[HY000] [1130] Host '127.0.0.1' is not allowed to connect to this MariaDB server (SQL: select `bravo_hotels`.`id`, `title`, `map_lat`, `map_lng`, `price`, `discount_percent`, `location_id`, `banner_image_id`, `star_rate`, (6371 * acos(cos(radians(26.7991396)) * cos(radians(map_lat)) * cos(radians(map_lng) - radians(80.8854183)) + sin(radians(26.7991396)) * sin(radians(map_lat)))) AS distance from `bravo_hotels` having `distance` < 10 order by `distance` asc) {"exception":"[object] (Illuminate\\Database\\QueryException(code: 1130): SQLSTATE[HY000] [1130] Host '127.0.0.1' is not allowed to connect to this MariaDB server (SQL: select `bravo_hotels`.`id`, `title`, `map_lat`, `map_lng`, `price`, `discount_percent`, `location_id`, `banner_image_id`, `star_rate`, (6371 * acos(cos(radians(26.7991396)) * cos(radians(map_lat)) * cos(radians(map_lng) - radians(80.8854183)) + sin(radians(26.7991396)) * sin(radians(map_lat)))) AS distance from `bravo_hotels` having `distance` < 10 order by `distance` asc) at /home/u533143048/domains/techdocklabs.com/public_html/roamiodeals/vendor/laravel/framework/src/Illuminate/Database/Connection.php:760)
[stacktrace]
#0 /home/u533143048/domains/techdocklabs.com/public_html/roamiodeals/vendor/laravel/framework/src/Illuminate/Database/Connection.php(720): Illuminate\\Database\\Connection->runQueryCallback()
#1 /home/u533143048/domains/techdocklabs.com/public_html/roamiodeals/vendor/laravel/framework/src/Illuminate/Database/Connection.php(422): Illuminate\\Database\\Connection->run()
#2 /home/u533143048/domains/techdocklabs.com/public_html/roamiodeals/vendor/laravel/framework/src/Illuminate/Database/Query/Builder.php(2654): Illuminate\\Database\\Connection->select()
#3 /home/u533143048/domains/techdocklabs.com/public_html/roamiodeals/vendor/laravel/framework/src/Illuminate/Database/Query/Builder.php(2642): Illuminate\\Database\\Query\\Builder->runSelect()
#4 /home/u533143048/domains/techdocklabs.com/public_html/roamiodeals/vendor/laravel/framework/src/Illuminate/Database/Query/Builder.php(3178): Illuminate\\Database\\Query\\Builder->Illuminate\\Database\\Query\\{closure}()
#5 /home/u533143048/domains/techdocklabs.com/public_html/roamiodeals/vendor/laravel/framework/src/Illuminate/Database/Query/Builder.php(2643): Illuminate\\Database\\Query\\Builder->onceWithColumns()
#6 /home/u533143048/domains/techdocklabs.com/public_html/roamiodeals/modules/Api/Controllers/SearchController.php(73): Illuminate\\Database\\Query\\Builder->get()
#7 /home/u533143048/domains/techdocklabs.com/public_html/roamiodeals/vendor/laravel/framework/src/Illuminate/Routing/Controller.php(54): Modules\\Api\\Controllers\\SearchController->hotelnear()
#8 /home/u533143048/domains/techdocklabs.com/public_html/roamiodeals/vendor/laravel/framework/src/Illuminate/Routing/ControllerDispatcher.php(43): Illuminate\\Routing\\Controller->callAction()
#9 /home/u533143048/domains/techdocklabs.com/public_html/roamiodeals/vendor/laravel/framework/src/Illuminate/Routing/Route.php(260): Illuminate\\Routing\\ControllerDispatcher->dispatch()
#10 /home/u533143048/domains/techdocklabs.com/public_html/roamiodeals/vendor/laravel/framework/src/Illuminate/Routing/Route.php(205): Illuminate\\Routing\\Route->runController()
#11 /home/u533143048/domains/techdocklabs.com/public_html/roamiodeals/vendor/laravel/framework/src/Illuminate/Routing/Router.php(798): Illuminate\\Routing\\Route->run()
#12 /home/u533143048/domains/techdocklabs.com/public_html/roamiodeals/vendor/laravel/framework/src/Illuminate/Pipeline/Pipeline.php(141): Illuminate\\Routing\\Router->Illuminate\\Routing\\{closure}()
#13 /home/u533143048/domains/techdocklabs.com/public_html/roamiodeals/app/Http/Middleware/SetLanguageForApi.php(32): Illuminate\\Pipeline\\Pipeline->Illuminate\\Pipeline\\{closure}()
#14 /home/u533143048/domains/techdocklabs.com/public_html/roamiodeals/vendor/laravel/framework/src/Illuminate/Pipeline/Pipeline.php(180): App\\Http\\Middleware\\SetLanguageForApi->handle()
#15 /home/u533143048/domains/techdocklabs.com/public_html/roamiodeals/app/Http/Middleware/RequireChangePassword.php(41): Illuminate\\Pipeline\\Pipeline->Illuminate\\Pipeline\\{closure}()
#16 /home/u533143048/domains/techdocklabs.com/public_html/roamiodeals/vendor/laravel/framework/src/Illuminate/Pipeline/Pipeline.php(180): App\\Http\\Middleware\\RequireChangePassword->handle()
#17 /home/u533143048/domains/techdocklabs.com/public_html/roamiodeals/vendor/laravel/framework/src/Illuminate/Routing/Middleware/SubstituteBindings.php(50): Illuminate\\Pipeline\\Pipeline->Illuminate\\Pipeline\\{closure}()
#18 /home/u533143048/domains/techdocklabs.com/public_html/roamiodeals/vendor/laravel/framework/src/Illuminate/Pipeline/Pipeline.php(180): Illuminate\\Routing\\Middleware\\SubstituteBindings->handle()
#19 /home/u533143048/domains/techdocklabs.com/public_html/roamiodeals/vendor/laravel/framework/src/Illuminate/Routing/Middleware/ThrottleRequests.php(126): Illuminate\\Pipeline\\Pipeline->Illuminate\\Pipeline\\{closure}()
#20 /home/u533143048/domains/techdocklabs.com/public_html/roamiodeals/vendor/laravel/framework/src/Illuminate/Routing/Middleware/ThrottleRequests.php(102): Illuminate\\Routing\\Middleware\\ThrottleRequests->handleRequest()
#21 /home/u533143048/domains/techdocklabs.com/public_html/roamiodeals/vendor/laravel/framework/src/Illuminate/Routing/Middleware/ThrottleRequests.php(54): Illuminate\\Routing\\Middleware\\ThrottleRequests->handleRequestUsingNamedLimiter()
#22 /home/u533143048/domains/techdocklabs.com/public_html/roamiodeals/vendor/laravel/framework/src/Illuminate/Pipeline/Pipeline.php(180): Illuminate\\Routing\\Middleware\\ThrottleRequests->handle()
#23 /home/u533143048/domains/techdocklabs.com/public_html/roamiodeals/vendor/laravel/framework/src/Illuminate/Pipeline/Pipeline.php(116): Illuminate\\Pipeline\\Pipeline->Illuminate\\Pipeline\\{closure}()
#24 /home/u533143048/domains/techdocklabs.com/public_html/roamiodeals/vendor/laravel/framework/src/Illuminate/Routing/Router.php(799): Illuminate\\Pipeline\\Pipeline->then()
#25 /home/u533143048/domains/techdocklabs.com/public_html/roamiodeals/vendor/laravel/framework/src/Illuminate/Routing/Router.php(776): Illuminate\\Routing\\Router->runRouteWithinStack()
#26 /home/u533143048/domains/techdocklabs.com/public_html/roamiodeals/vendor/laravel/framework/src/Illuminate/Routing/Router.php(740): Illuminate\\Routing\\Router->runRoute()
#27 /home/u533143048/domains/techdocklabs.com/public_html/roamiodeals/vendor/laravel/framework/src/Illuminate/Routing/Router.php(729): Illuminate\\Routing\\Router->dispatchToRoute()
#28 /home/u533143048/domains/techdocklabs.com/public_html/roamiodeals/vendor/laravel/framework/src/Illuminate/Foundation/Http/Kernel.php(190): Illuminate\\Routing\\Router->dispatch()
#29 /home/u533143048/domains/techdocklabs.com/public_html/roamiodeals/vendor/laravel/framework/src/Illuminate/Pipeline/Pipeline.php(141): Illuminate\\Foundation\\Http\\Kernel->Illuminate\\Foundation\\Http\\{closure}()
#30 /home/u533143048/domains/techdocklabs.com/public_html/roamiodeals/themes/Base/Core/Middleware/RunUpdater.php(72): Illuminate\\Pipeline\\Pipeline->Illuminate\\Pipeline\\{closure}()
#31 /home/u533143048/domains/techdocklabs.com/public_html/roamiodeals/vendor/laravel/framework/src/Illuminate/Pipeline/Pipeline.php(180): Themes\\Base\\Core\\Middleware\\RunUpdater->handle()
#32 /home/u533143048/domains/techdocklabs.com/public_html/roamiodeals/vendor/barryvdh/laravel-debugbar/src/Middleware/InjectDebugbar.php(66): Illuminate\\Pipeline\\Pipeline->Illuminate\\Pipeline\\{closure}()
#33 /home/u533143048/domains/techdocklabs.com/public_html/roamiodeals/vendor/laravel/framework/src/Illuminate/Pipeline/Pipeline.php(180): Barryvdh\\Debugbar\\Middleware\\InjectDebugbar->handle()
#34 /home/u533143048/domains/techdocklabs.com/public_html/roamiodeals/vendor/laravel/framework/src/Illuminate/Foundation/Http/Middleware/TransformsRequest.php(21): Illuminate\\Pipeline\\Pipeline->Illuminate\\Pipeline\\{closure}()
#35 /home/u533143048/domains/techdocklabs.com/public_html/roamiodeals/vendor/laravel/framework/src/Illuminate/Foundation/Http/Middleware/ConvertEmptyStringsToNull.php(31): Illuminate\\Foundation\\Http\\Middleware\\TransformsRequest->handle()
#36 /home/u533143048/domains/techdocklabs.com/public_html/roamiodeals/vendor/laravel/framework/src/Illuminate/Pipeline/Pipeline.php(180): Illuminate\\Foundation\\Http\\Middleware\\ConvertEmptyStringsToNull->handle()
#37 /home/u533143048/domains/techdocklabs.com/public_html/roamiodeals/vendor/laravel/framework/src/Illuminate/Foundation/Http/Middleware/TransformsRequest.php(21): Illuminate\\Pipeline\\Pipeline->Illuminate\\Pipeline\\{closure}()
#38 /home/u533143048/domains/techdocklabs.com/public_html/roamiodeals/vendor/laravel/framework/src/Illuminate/Foundation/Http/Middleware/TrimStrings.php(40): Illuminate\\Foundation\\Http\\Middleware\\TransformsRequest->handle()
#39 /home/u533143048/domains/techdocklabs.com/public_html/roamiodeals/vendor/laravel/framework/src/Illuminate/Pipeline/Pipeline.php(180): Illuminate\\Foundation\\Http\\Middleware\\TrimStrings->handle()
#40 /home/u533143048/domains/techdocklabs.com/public_html/roamiodeals/vendor/laravel/framework/src/Illuminate/Foundation/Http/Middleware/ValidatePostSize.php(27): Illuminate\\Pipeline\\Pipeline->Illuminate\\Pipeline\\{closure}()
#41 /home/u533143048/domains/techdocklabs.com/public_html/roamiodeals/vendor/laravel/framework/src/Illuminate/Pipeline/Pipeline.php(180): Illuminate\\Foundation\\Http\\Middleware\\ValidatePostSize->handle()
#42 /home/u533143048/domains/techdocklabs.com/public_html/roamiodeals/vendor/laravel/framework/src/Illuminate/Foundation/Http/Middleware/PreventRequestsDuringMaintenance.php(86): Illuminate\\Pipeline\\Pipeline->Illuminate\\Pipeline\\{closure}()
#43 /home/u533143048/domains/techdocklabs.com/public_html/roamiodeals/vendor/laravel/framework/src/Illuminate/Pipeline/Pipeline.php(180): Illuminate\\Foundation\\Http\\Middleware\\PreventRequestsDuringMaintenance->handle()
#44 /home/u533143048/domains/techdocklabs.com/public_html/roamiodeals/vendor/laravel/framework/src/Illuminate/Http/Middleware/HandleCors.php(62): Illuminate\\Pipeline\\Pipeline->Illuminate\\Pipeline\\{closure}()
#45 /home/u533143048/domains/techdocklabs.com/public_html/roamiodeals/vendor/laravel/framework/src/Illuminate/Pipeline/Pipeline.php(180): Illuminate\\Http\\Middleware\\HandleCors->handle()
#46 /home/u533143048/domains/techdocklabs.com/public_html/roamiodeals/app/Http/Middleware/RedirectToInstaller.php(40): Illuminate\\Pipeline\\Pipeline->Illuminate\\Pipeline\\{closure}()
#47 /home/u533143048/domains/techdocklabs.com/public_html/roamiodeals/vendor/laravel/framework/src/Illuminate/Pipeline/Pipeline.php(180): App\\Http\\Middleware\\RedirectToInstaller->handle()
#48 /home/u533143048/domains/techdocklabs.com/public_html/roamiodeals/vendor/laravel/framework/src/Illuminate/Http/Middleware/TrustProxies.php(39): Illuminate\\Pipeline\\Pipeline->Illuminate\\Pipeline\\{closure}()
#49 /home/u533143048/domains/techdocklabs.com/public_html/roamiodeals/vendor/laravel/framework/src/Illuminate/Pipeline/Pipeline.php(180): Illuminate\\Http\\Middleware\\TrustProxies->handle()
#50 /home/u533143048/domains/techdocklabs.com/public_html/roamiodeals/vendor/laravel/framework/src/Illuminate/Pipeline/Pipeline.php(116): Illuminate\\Pipeline\\Pipeline->Illuminate\\Pipeline\\{closure}()
#51 /home/u533143048/domains/techdocklabs.com/public_html/roamiodeals/vendor/laravel/framework/src/Illuminate/Foundation/Http/Kernel.php(165): Illuminate\\Pipeline\\Pipeline->then()
#52 /home/u533143048/domains/techdocklabs.com/public_html/roamiodeals/vendor/laravel/framework/src/Illuminate/Foundation/Http/Kernel.php(134): Illuminate\\Foundation\\Http\\Kernel->sendRequestThroughRouter()
#53 /home/u533143048/domains/techdocklabs.com/public_html/roamiodeals/public/index.php(72): Illuminate\\Foundation\\Http\\Kernel->handle()
#54 {main}

[previous exception] [object] (PDOException(code: 1130): SQLSTATE[HY000] [1130] Host '127.0.0.1' is not allowed to connect to this MariaDB server at /home/u533143048/domains/techdocklabs.com/public_html/roamiodeals/vendor/laravel/framework/src/Illuminate/Database/Connectors/Connector.php:70)
[stacktrace]
#0 /home/u533143048/domains/techdocklabs.com/public_html/roamiodeals/vendor/laravel/framework/src/Illuminate/Database/Connectors/Connector.php(70): PDO->__construct()
#1 /home/u533143048/domains/techdocklabs.com/public_html/roamiodeals/vendor/laravel/framework/src/Illuminate/Database/Connectors/Connector.php(46): Illuminate\\Database\\Connectors\\Connector->createPdoConnection()
#2 /home/u533143048/domains/techdocklabs.com/public_html/roamiodeals/vendor/laravel/framework/src/Illuminate/Database/Connectors/MySqlConnector.php(24): Illuminate\\Database\\Connectors\\Connector->createConnection()
#3 /home/u533143048/domains/techdocklabs.com/public_html/roamiodeals/vendor/laravel/framework/src/Illuminate/Database/Connectors/ConnectionFactory.php(184): Illuminate\\Database\\Connectors\\MySqlConnector->connect()
#4 [internal function]: Illuminate\\Database\\Connectors\\ConnectionFactory->Illuminate\\Database\\Connectors\\{closure}()
#5 /home/u533143048/domains/techdocklabs.com/public_html/roamiodeals/vendor/laravel/framework/src/Illuminate/Database/Connection.php(1181): call_user_func()
#6 /home/u533143048/domains/techdocklabs.com/public_html/roamiodeals/vendor/laravel/framework/src/Illuminate/Database/Connection.php(1217): Illuminate\\Database\\Connection->getPdo()
#7 /home/u533143048/domains/techdocklabs.com/public_html/roamiodeals/vendor/laravel/framework/src/Illuminate/Database/Connection.php(486): Illuminate\\Database\\Connection->getReadPdo()
#8 /home/u533143048/domains/techdocklabs.com/public_html/roamiodeals/vendor/laravel/framework/src/Illuminate/Database/Connection.php(414): Illuminate\\Database\\Connection->getPdoForSelect()
#9 /home/u533143048/domains/techdocklabs.com/public_html/roamiodeals/vendor/laravel/framework/src/Illuminate/Database/Connection.php(753): Illuminate\\Database\\Connection->Illuminate\\Database\\{closure}()
#10 /home/u533143048/domains/techdocklabs.com/public_html/roamiodeals/vendor/laravel/framework/src/Illuminate/Database/Connection.php(720): Illuminate\\Database\\Connection->runQueryCallback()
#11 /home/u533143048/domains/techdocklabs.com/public_html/roamiodeals/vendor/laravel/framework/src/Illuminate/Database/Connection.php(422): Illuminate\\Database\\Connection->run()
#12 /home/u533143048/domains/techdocklabs.com/public_html/roamiodeals/vendor/laravel/framework/src/Illuminate/Database/Query/Builder.php(2654): Illuminate\\Database\\Connection->select()
#13 /home/u533143048/domains/techdocklabs.com/public_html/roamiodeals/vendor/laravel/framework/src/Illuminate/Database/Query/Builder.php(2642): Illuminate\\Database\\Query\\Builder->runSelect()
#14 /home/u533143048/domains/techdocklabs.com/public_html/roamiodeals/vendor/laravel/framework/src/Illuminate/Database/Query/Builder.php(3178): Illuminate\\Database\\Query\\Builder->Illuminate\\Database\\Query\\{closure}()
#15 /home/u533143048/domains/techdocklabs.com/public_html/roamiodeals/vendor/laravel/framework/src/Illuminate/Database/Query/Builder.php(2643): Illuminate\\Database\\Query\\Builder->onceWithColumns()
#16 /home/u533143048/domains/techdocklabs.com/public_html/roamiodeals/modules/Api/Controllers/SearchController.php(73): Illuminate\\Database\\Query\\Builder->get()
#17 /home/u533143048/domains/techdocklabs.com/public_html/roamiodeals/vendor/laravel/framework/src/Illuminate/Routing/Controller.php(54): Modules\\Api\\Controllers\\SearchController->hotelnear()
#18 /home/u533143048/domains/techdocklabs.com/public_html/roamiodeals/vendor/laravel/framework/src/Illuminate/Routing/ControllerDispatcher.php(43): Illuminate\\Routing\\Controller->callAction()
#19 /home/u533143048/domains/techdocklabs.com/public_html/roamiodeals/vendor/laravel/framework/src/Illuminate/Routing/Route.php(260): Illuminate\\Routing\\ControllerDispatcher->dispatch()
#20 /home/u533143048/domains/techdocklabs.com/public_html/roamiodeals/vendor/laravel/framework/src/Illuminate/Routing/Route.php(205): Illuminate\\Routing\\Route->runController()
#21 /home/u533143048/domains/techdocklabs.com/public_html/roamiodeals/vendor/laravel/framework/src/Illuminate/Routing/Router.php(798): Illuminate\\Routing\\Route->run()
#22 /home/u533143048/domains/techdocklabs.com/public_html/roamiodeals/vendor/laravel/framework/src/Illuminate/Pipeline/Pipeline.php(141): Illuminate\\Routing\\Router->Illuminate\\Routing\\{closure}()
#23 /home/u533143048/domains/techdocklabs.com/public_html/roamiodeals/app/Http/Middleware/SetLanguageForApi.php(32): Illuminate\\Pipeline\\Pipeline->Illuminate\\Pipeline\\{closure}()
#24 /home/u533143048/domains/techdocklabs.com/public_html/roamiodeals/vendor/laravel/framework/src/Illuminate/Pipeline/Pipeline.php(180): App\\Http\\Middleware\\SetLanguageForApi->handle()
#25 /home/u533143048/domains/techdocklabs.com/public_html/roamiodeals/app/Http/Middleware/RequireChangePassword.php(41): Illuminate\\Pipeline\\Pipeline->Illuminate\\Pipeline\\{closure}()
#26 /home/u533143048/domains/techdocklabs.com/public_html/roamiodeals/vendor/laravel/framework/src/Illuminate/Pipeline/Pipeline.php(180): App\\Http\\Middleware\\RequireChangePassword->handle()
#27 /home/u533143048/domains/techdocklabs.com/public_html/roamiodeals/vendor/laravel/framework/src/Illuminate/Routing/Middleware/SubstituteBindings.php(50): Illuminate\\Pipeline\\Pipeline->Illuminate\\Pipeline\\{closure}()
#28 /home/u533143048/domains/techdocklabs.com/public_html/roamiodeals/vendor/laravel/framework/src/Illuminate/Pipeline/Pipeline.php(180): Illuminate\\Routing\\Middleware\\SubstituteBindings->handle()
#29 /home/u533143048/domains/techdocklabs.com/public_html/roamiodeals/vendor/laravel/framework/src/Illuminate/Routing/Middleware/ThrottleRequests.php(126): Illuminate\\Pipeline\\Pipeline->Illuminate\\Pipeline\\{closure}()
#30 /home/u533143048/domains/techdocklabs.com/public_html/roamiodeals/vendor/laravel/framework/src/Illuminate/Routing/Middleware/ThrottleRequests.php(102): Illuminate\\Routing\\Middleware\\ThrottleRequests->handleRequest()
#31 /home/u533143048/domains/techdocklabs.com/public_html/roamiodeals/vendor/laravel/framework/src/Illuminate/Routing/Middleware/ThrottleRequests.php(54): Illuminate\\Routing\\Middleware\\ThrottleRequests->handleRequestUsingNamedLimiter()
#32 /home/u533143048/domains/techdocklabs.com/public_html/roamiodeals/vendor/laravel/framework/src/Illuminate/Pipeline/Pipeline.php(180): Illuminate\\Routing\\Middleware\\ThrottleRequests->handle()
#33 /home/u533143048/domains/techdocklabs.com/public_html/roamiodeals/vendor/laravel/framework/src/Illuminate/Pipeline/Pipeline.php(116): Illuminate\\Pipeline\\Pipeline->Illuminate\\Pipeline\\{closure}()
#34 /home/u533143048/domains/techdocklabs.com/public_html/roamiodeals/vendor/laravel/framework/src/Illuminate/Routing/Router.php(799): Illuminate\\Pipeline\\Pipeline->then()
#35 /home/u533143048/domains/techdocklabs.com/public_html/roamiodeals/vendor/laravel/framework/src/Illuminate/Routing/Router.php(776): Illuminate\\Routing\\Router->runRouteWithinStack()
#36 /home/u533143048/domains/techdocklabs.com/public_html/roamiodeals/vendor/laravel/framework/src/Illuminate/Routing/Router.php(740): Illuminate\\Routing\\Router->runRoute()
#37 /home/u533143048/domains/techdocklabs.com/public_html/roamiodeals/vendor/laravel/framework/src/Illuminate/Routing/Router.php(729): Illuminate\\Routing\\Router->dispatchToRoute()
#38 /home/u533143048/domains/techdocklabs.com/public_html/roamiodeals/vendor/laravel/framework/src/Illuminate/Foundation/Http/Kernel.php(190): Illuminate\\Routing\\Router->dispatch()
#39 /home/u533143048/domains/techdocklabs.com/public_html/roamiodeals/vendor/laravel/framework/src/Illuminate/Pipeline/Pipeline.php(141): Illuminate\\Foundation\\Http\\Kernel->Illuminate\\Foundation\\Http\\{closure}()
#40 /home/u533143048/domains/techdocklabs.com/public_html/roamiodeals/themes/Base/Core/Middleware/RunUpdater.php(72): Illuminate\\Pipeline\\Pipeline->Illuminate\\Pipeline\\{closure}()
#41 /home/u533143048/domains/techdocklabs.com/public_html/roamiodeals/vendor/laravel/framework/src/Illuminate/Pipeline/Pipeline.php(180): Themes\\Base\\Core\\Middleware\\RunUpdater->handle()
#42 /home/u533143048/domains/techdocklabs.com/public_html/roamiodeals/vendor/barryvdh/laravel-debugbar/src/Middleware/InjectDebugbar.php(66): Illuminate\\Pipeline\\Pipeline->Illuminate\\Pipeline\\{closure}()
#43 /home/u533143048/domains/techdocklabs.com/public_html/roamiodeals/vendor/laravel/framework/src/Illuminate/Pipeline/Pipeline.php(180): Barryvdh\\Debugbar\\Middleware\\InjectDebugbar->handle()
#44 /home/u533143048/domains/techdocklabs.com/public_html/roamiodeals/vendor/laravel/framework/src/Illuminate/Foundation/Http/Middleware/TransformsRequest.php(21): Illuminate\\Pipeline\\Pipeline->Illuminate\\Pipeline\\{closure}()
#45 /home/u533143048/domains/techdocklabs.com/public_html/roamiodeals/vendor/laravel/framework/src/Illuminate/Foundation/Http/Middleware/ConvertEmptyStringsToNull.php(31): Illuminate\\Foundation\\Http\\Middleware\\TransformsRequest->handle()
#46 /home/u533143048/domains/techdocklabs.com/public_html/roamiodeals/vendor/laravel/framework/src/Illuminate/Pipeline/Pipeline.php(180): Illuminate\\Foundation\\Http\\Middleware\\ConvertEmptyStringsToNull->handle()
#47 /home/u533143048/domains/techdocklabs.com/public_html/roamiodeals/vendor/laravel/framework/src/Illuminate/Foundation/Http/Middleware/TransformsRequest.php(21): Illuminate\\Pipeline\\Pipeline->Illuminate\\Pipeline\\{closure}()
#48 /home/u533143048/domains/techdocklabs.com/public_html/roamiodeals/vendor/laravel/framework/src/Illuminate/Foundation/Http/Middleware/TrimStrings.php(40): Illuminate\\Foundation\\Http\\Middleware\\TransformsRequest->handle()
#49 /home/u533143048/domains/techdocklabs.com/public_html/roamiodeals/vendor/laravel/framework/src/Illuminate/Pipeline/Pipeline.php(180): Illuminate\\Foundation\\Http\\Middleware\\TrimStrings->handle()
#50 /home/u533143048/domains/techdocklabs.com/public_html/roamiodeals/vendor/laravel/framework/src/Illuminate/Foundation/Http/Middleware/ValidatePostSize.php(27): Illuminate\\Pipeline\\Pipeline->Illuminate\\Pipeline\\{closure}()
#51 /home/u533143048/domains/techdocklabs.com/public_html/roamiodeals/vendor/laravel/framework/src/Illuminate/Pipeline/Pipeline.php(180): Illuminate\\Foundation\\Http\\Middleware\\ValidatePostSize->handle()
#52 /home/u533143048/domains/techdocklabs.com/public_html/roamiodeals/vendor/laravel/framework/src/Illuminate/Foundation/Http/Middleware/PreventRequestsDuringMaintenance.php(86): Illuminate\\Pipeline\\Pipeline->Illuminate\\Pipeline\\{closure}()
#53 /home/u533143048/domains/techdocklabs.com/public_html/roamiodeals/vendor/laravel/framework/src/Illuminate/Pipeline/Pipeline.php(180): Illuminate\\Foundation\\Http\\Middleware\\PreventRequestsDuringMaintenance->handle()
#54 /home/u533143048/domains/techdocklabs.com/public_html/roamiodeals/vendor/laravel/framework/src/Illuminate/Http/Middleware/HandleCors.php(62): Illuminate\\Pipeline\\Pipeline->Illuminate\\Pipeline\\{closure}()
#55 /home/u533143048/domains/techdocklabs.com/public_html/roamiodeals/vendor/laravel/framework/src/Illuminate/Pipeline/Pipeline.php(180): Illuminate\\Http\\Middleware\\HandleCors->handle()
#56 /home/u533143048/domains/techdocklabs.com/public_html/roamiodeals/app/Http/Middleware/RedirectToInstaller.php(40): Illuminate\\Pipeline\\Pipeline->Illuminate\\Pipeline\\{closure}()
#57 /home/u533143048/domains/techdocklabs.com/public_html/roamiodeals/vendor/laravel/framework/src/Illuminate/Pipeline/Pipeline.php(180): App\\Http\\Middleware\\RedirectToInstaller->handle()
#58 /home/u533143048/domains/techdocklabs.com/public_html/roamiodeals/vendor/laravel/framework/src/Illuminate/Http/Middleware/TrustProxies.php(39): Illuminate\\Pipeline\\Pipeline->Illuminate\\Pipeline\\{closure}()
#59 /home/u533143048/domains/techdocklabs.com/public_html/roamiodeals/vendor/laravel/framework/src/Illuminate/Pipeline/Pipeline.php(180): Illuminate\\Http\\Middleware\\TrustProxies->handle()
#60 /home/u533143048/domains/techdocklabs.com/public_html/roamiodeals/vendor/laravel/framework/src/Illuminate/Pipeline/Pipeline.php(116): Illuminate\\Pipeline\\Pipeline->Illuminate\\Pipeline\\{closure}()
#61 /home/u533143048/domains/techdocklabs.com/public_html/roamiodeals/vendor/laravel/framework/src/Illuminate/Foundation/Http/Kernel.php(165): Illuminate\\Pipeline\\Pipeline->then()
#62 /home/u533143048/domains/techdocklabs.com/public_html/roamiodeals/vendor/laravel/framework/src/Illuminate/Foundation/Http/Kernel.php(134): Illuminate\\Foundation\\Http\\Kernel->sendRequestThroughRouter()
#63 /home/u533143048/domains/techdocklabs.com/public_html/roamiodeals/public/index.php(72): Illuminate\\Foundation\\Http\\Kernel->handle()
#64 {main}
"} 
