[2023-07-08 18:08:32] production.ERROR: file_put_contents(C:\Users\komal\OneDrive\Desktop\roamiodeals_T\roamiodeals\storage\framework/sessions/fgUgABBn1bAzPbva5bij1enqTkKczXDpGIhLQ1ir): Failed to open stream: No such file or directory {"exception":"[object] (ErrorException(code: 0): file_put_contents(C:\\Users\\komal\\OneDrive\\Desktop\\roamiodeals_T\\roamiodeals\\storage\\framework/sessions/fgUgABBn1bAzPbva5bij1enqTkKczXDpGIhLQ1ir): Failed to open stream: No such file or directory at C:\\Users\\komal\\OneDrive\\Desktop\\roamiodeals_T\\roamiodeals\\vendor\\laravel\\framework\\src\\Illuminate\\Filesystem\\Filesystem.php:190)
[stacktrace]
#0 C:\\Users\\komal\\OneDrive\\Desktop\\roamiodeals_T\\roamiodeals\\vendor\\laravel\\framework\\src\\Illuminate\\Foundation\\Bootstrap\\HandleExceptions.php(266): Illuminate\\Foundation\\Bootstrap\\HandleExceptions->handleError(2, 'file_put_conten...', 'C:\\\\Users\\\\komal\\\\...', 190)
#1 [internal function]: Illuminate\\Foundation\\Bootstrap\\HandleExceptions->Illuminate\\Foundation\\Bootstrap\\{closure}(2, 'file_put_conten...', 'C:\\\\Users\\\\komal\\\\...', 190)
#2 C:\\Users\\komal\\OneDrive\\Desktop\\roamiodeals_T\\roamiodeals\\vendor\\laravel\\framework\\src\\Illuminate\\Filesystem\\Filesystem.php(190): file_put_contents('C:\\\\Users\\\\komal\\\\...', 'a:3:{s:6:\"_toke...', 2)
#3 C:\\Users\\komal\\OneDrive\\Desktop\\roamiodeals_T\\roamiodeals\\vendor\\laravel\\framework\\src\\Illuminate\\Session\\FileSessionHandler.php(90): Illuminate\\Filesystem\\Filesystem->put('C:\\\\Users\\\\komal\\\\...', 'a:3:{s:6:\"_toke...', true)
#4 C:\\Users\\komal\\OneDrive\\Desktop\\roamiodeals_T\\roamiodeals\\vendor\\laravel\\framework\\src\\Illuminate\\Session\\Store.php(173): Illuminate\\Session\\FileSessionHandler->write('fgUgABBn1bAzPbv...', 'a:3:{s:6:\"_toke...')
#5 C:\\Users\\komal\\OneDrive\\Desktop\\roamiodeals_T\\roamiodeals\\vendor\\laravel\\framework\\src\\Illuminate\\Session\\Middleware\\StartSession.php(238): Illuminate\\Session\\Store->save()
#6 C:\\Users\\komal\\OneDrive\\Desktop\\roamiodeals_T\\roamiodeals\\vendor\\laravel\\framework\\src\\Illuminate\\Session\\Middleware\\StartSession.php(130): Illuminate\\Session\\Middleware\\StartSession->saveSession(Object(Illuminate\\Http\\Request))
#7 C:\\Users\\komal\\OneDrive\\Desktop\\roamiodeals_T\\roamiodeals\\vendor\\laravel\\framework\\src\\Illuminate\\Session\\Middleware\\StartSession.php(64): Illuminate\\Session\\Middleware\\StartSession->handleStatefulRequest(Object(Illuminate\\Http\\Request), Object(Illuminate\\Session\\Store), Object(Closure))
#8 C:\\Users\\komal\\OneDrive\\Desktop\\roamiodeals_T\\roamiodeals\\vendor\\laravel\\framework\\src\\Illuminate\\Pipeline\\Pipeline.php(180): Illuminate\\Session\\Middleware\\StartSession->handle(Object(Illuminate\\Http\\Request), Object(Closure))
#9 C:\\Users\\komal\\OneDrive\\Desktop\\roamiodeals_T\\roamiodeals\\vendor\\laravel\\framework\\src\\Illuminate\\Cookie\\Middleware\\AddQueuedCookiesToResponse.php(37): Illuminate\\Pipeline\\Pipeline->Illuminate\\Pipeline\\{closure}(Object(Illuminate\\Http\\Request))
#10 C:\\Users\\komal\\OneDrive\\Desktop\\roamiodeals_T\\roamiodeals\\vendor\\laravel\\framework\\src\\Illuminate\\Pipeline\\Pipeline.php(180): Illuminate\\Cookie\\Middleware\\AddQueuedCookiesToResponse->handle(Object(Illuminate\\Http\\Request), Object(Closure))
#11 C:\\Users\\komal\\OneDrive\\Desktop\\roamiodeals_T\\roamiodeals\\vendor\\laravel\\framework\\src\\Illuminate\\Cookie\\Middleware\\EncryptCookies.php(67): Illuminate\\Pipeline\\Pipeline->Illuminate\\Pipeline\\{closure}(Object(Illuminate\\Http\\Request))
#12 C:\\Users\\komal\\OneDrive\\Desktop\\roamiodeals_T\\roamiodeals\\vendor\\laravel\\framework\\src\\Illuminate\\Pipeline\\Pipeline.php(180): Illuminate\\Cookie\\Middleware\\EncryptCookies->handle(Object(Illuminate\\Http\\Request), Object(Closure))
#13 C:\\Users\\komal\\OneDrive\\Desktop\\roamiodeals_T\\roamiodeals\\vendor\\laravel\\framework\\src\\Illuminate\\Pipeline\\Pipeline.php(116): Illuminate\\Pipeline\\Pipeline->Illuminate\\Pipeline\\{closure}(Object(Illuminate\\Http\\Request))
#14 C:\\Users\\komal\\OneDrive\\Desktop\\roamiodeals_T\\roamiodeals\\vendor\\laravel\\framework\\src\\Illuminate\\Routing\\Router.php(799): Illuminate\\Pipeline\\Pipeline->then(Object(Closure))
#15 C:\\Users\\komal\\OneDrive\\Desktop\\roamiodeals_T\\roamiodeals\\vendor\\laravel\\framework\\src\\Illuminate\\Routing\\Router.php(776): Illuminate\\Routing\\Router->runRouteWithinStack(Object(Illuminate\\Routing\\Route), Object(Illuminate\\Http\\Request))
#16 C:\\Users\\komal\\OneDrive\\Desktop\\roamiodeals_T\\roamiodeals\\vendor\\laravel\\framework\\src\\Illuminate\\Routing\\Router.php(740): Illuminate\\Routing\\Router->runRoute(Object(Illuminate\\Http\\Request), Object(Illuminate\\Routing\\Route))
#17 C:\\Users\\komal\\OneDrive\\Desktop\\roamiodeals_T\\roamiodeals\\vendor\\laravel\\framework\\src\\Illuminate\\Routing\\Router.php(729): Illuminate\\Routing\\Router->dispatchToRoute(Object(Illuminate\\Http\\Request))
#18 C:\\Users\\komal\\OneDrive\\Desktop\\roamiodeals_T\\roamiodeals\\vendor\\laravel\\framework\\src\\Illuminate\\Foundation\\Http\\Kernel.php(190): Illuminate\\Routing\\Router->dispatch(Object(Illuminate\\Http\\Request))
#19 C:\\Users\\komal\\OneDrive\\Desktop\\roamiodeals_T\\roamiodeals\\vendor\\laravel\\framework\\src\\Illuminate\\Pipeline\\Pipeline.php(141): Illuminate\\Foundation\\Http\\Kernel->Illuminate\\Foundation\\Http\\{closure}(Object(Illuminate\\Http\\Request))
#20 C:\\Users\\komal\\OneDrive\\Desktop\\roamiodeals_T\\roamiodeals\\themes\\Base\\Core\\Middleware\\RunUpdater.php(72): Illuminate\\Pipeline\\Pipeline->Illuminate\\Pipeline\\{closure}(Object(Illuminate\\Http\\Request))
#21 C:\\Users\\komal\\OneDrive\\Desktop\\roamiodeals_T\\roamiodeals\\vendor\\laravel\\framework\\src\\Illuminate\\Pipeline\\Pipeline.php(180): Themes\\Base\\Core\\Middleware\\RunUpdater->handle(Object(Illuminate\\Http\\Request), Object(Closure))
#22 C:\\Users\\komal\\OneDrive\\Desktop\\roamiodeals_T\\roamiodeals\\vendor\\barryvdh\\laravel-debugbar\\src\\Middleware\\InjectDebugbar.php(66): Illuminate\\Pipeline\\Pipeline->Illuminate\\Pipeline\\{closure}(Object(Illuminate\\Http\\Request))
#23 C:\\Users\\komal\\OneDrive\\Desktop\\roamiodeals_T\\roamiodeals\\vendor\\laravel\\framework\\src\\Illuminate\\Pipeline\\Pipeline.php(180): Barryvdh\\Debugbar\\Middleware\\InjectDebugbar->handle(Object(Illuminate\\Http\\Request), Object(Closure))
#24 C:\\Users\\komal\\OneDrive\\Desktop\\roamiodeals_T\\roamiodeals\\vendor\\laravel\\framework\\src\\Illuminate\\Foundation\\Http\\Middleware\\TransformsRequest.php(21): Illuminate\\Pipeline\\Pipeline->Illuminate\\Pipeline\\{closure}(Object(Illuminate\\Http\\Request))
#25 C:\\Users\\komal\\OneDrive\\Desktop\\roamiodeals_T\\roamiodeals\\vendor\\laravel\\framework\\src\\Illuminate\\Foundation\\Http\\Middleware\\ConvertEmptyStringsToNull.php(31): Illuminate\\Foundation\\Http\\Middleware\\TransformsRequest->handle(Object(Illuminate\\Http\\Request), Object(Closure))
#26 C:\\Users\\komal\\OneDrive\\Desktop\\roamiodeals_T\\roamiodeals\\vendor\\laravel\\framework\\src\\Illuminate\\Pipeline\\Pipeline.php(180): Illuminate\\Foundation\\Http\\Middleware\\ConvertEmptyStringsToNull->handle(Object(Illuminate\\Http\\Request), Object(Closure))
#27 C:\\Users\\komal\\OneDrive\\Desktop\\roamiodeals_T\\roamiodeals\\vendor\\laravel\\framework\\src\\Illuminate\\Foundation\\Http\\Middleware\\TransformsRequest.php(21): Illuminate\\Pipeline\\Pipeline->Illuminate\\Pipeline\\{closure}(Object(Illuminate\\Http\\Request))
#28 C:\\Users\\komal\\OneDrive\\Desktop\\roamiodeals_T\\roamiodeals\\vendor\\laravel\\framework\\src\\Illuminate\\Foundation\\Http\\Middleware\\TrimStrings.php(40): Illuminate\\Foundation\\Http\\Middleware\\TransformsRequest->handle(Object(Illuminate\\Http\\Request), Object(Closure))
#29 C:\\Users\\komal\\OneDrive\\Desktop\\roamiodeals_T\\roamiodeals\\vendor\\laravel\\framework\\src\\Illuminate\\Pipeline\\Pipeline.php(180): Illuminate\\Foundation\\Http\\Middleware\\TrimStrings->handle(Object(Illuminate\\Http\\Request), Object(Closure))
#30 C:\\Users\\komal\\OneDrive\\Desktop\\roamiodeals_T\\roamiodeals\\vendor\\laravel\\framework\\src\\Illuminate\\Foundation\\Http\\Middleware\\ValidatePostSize.php(27): Illuminate\\Pipeline\\Pipeline->Illuminate\\Pipeline\\{closure}(Object(Illuminate\\Http\\Request))
#31 C:\\Users\\komal\\OneDrive\\Desktop\\roamiodeals_T\\roamiodeals\\vendor\\laravel\\framework\\src\\Illuminate\\Pipeline\\Pipeline.php(180): Illuminate\\Foundation\\Http\\Middleware\\ValidatePostSize->handle(Object(Illuminate\\Http\\Request), Object(Closure))
#32 C:\\Users\\komal\\OneDrive\\Desktop\\roamiodeals_T\\roamiodeals\\vendor\\laravel\\framework\\src\\Illuminate\\Foundation\\Http\\Middleware\\PreventRequestsDuringMaintenance.php(86): Illuminate\\Pipeline\\Pipeline->Illuminate\\Pipeline\\{closure}(Object(Illuminate\\Http\\Request))
#33 C:\\Users\\komal\\OneDrive\\Desktop\\roamiodeals_T\\roamiodeals\\vendor\\laravel\\framework\\src\\Illuminate\\Pipeline\\Pipeline.php(180): Illuminate\\Foundation\\Http\\Middleware\\PreventRequestsDuringMaintenance->handle(Object(Illuminate\\Http\\Request), Object(Closure))
#34 C:\\Users\\komal\\OneDrive\\Desktop\\roamiodeals_T\\roamiodeals\\vendor\\laravel\\framework\\src\\Illuminate\\Http\\Middleware\\HandleCors.php(49): Illuminate\\Pipeline\\Pipeline->Illuminate\\Pipeline\\{closure}(Object(Illuminate\\Http\\Request))
#35 C:\\Users\\komal\\OneDrive\\Desktop\\roamiodeals_T\\roamiodeals\\vendor\\laravel\\framework\\src\\Illuminate\\Pipeline\\Pipeline.php(180): Illuminate\\Http\\Middleware\\HandleCors->handle(Object(Illuminate\\Http\\Request), Object(Closure))
#36 C:\\Users\\komal\\OneDrive\\Desktop\\roamiodeals_T\\roamiodeals\\app\\Http\\Middleware\\RedirectToInstaller.php(40): Illuminate\\Pipeline\\Pipeline->Illuminate\\Pipeline\\{closure}(Object(Illuminate\\Http\\Request))
#37 C:\\Users\\komal\\OneDrive\\Desktop\\roamiodeals_T\\roamiodeals\\vendor\\laravel\\framework\\src\\Illuminate\\Pipeline\\Pipeline.php(180): App\\Http\\Middleware\\RedirectToInstaller->handle(Object(Illuminate\\Http\\Request), Object(Closure))
#38 C:\\Users\\komal\\OneDrive\\Desktop\\roamiodeals_T\\roamiodeals\\vendor\\laravel\\framework\\src\\Illuminate\\Http\\Middleware\\TrustProxies.php(39): Illuminate\\Pipeline\\Pipeline->Illuminate\\Pipeline\\{closure}(Object(Illuminate\\Http\\Request))
#39 C:\\Users\\komal\\OneDrive\\Desktop\\roamiodeals_T\\roamiodeals\\vendor\\laravel\\framework\\src\\Illuminate\\Pipeline\\Pipeline.php(180): Illuminate\\Http\\Middleware\\TrustProxies->handle(Object(Illuminate\\Http\\Request), Object(Closure))
#40 C:\\Users\\komal\\OneDrive\\Desktop\\roamiodeals_T\\roamiodeals\\vendor\\laravel\\framework\\src\\Illuminate\\Pipeline\\Pipeline.php(116): Illuminate\\Pipeline\\Pipeline->Illuminate\\Pipeline\\{closure}(Object(Illuminate\\Http\\Request))
#41 C:\\Users\\komal\\OneDrive\\Desktop\\roamiodeals_T\\roamiodeals\\vendor\\laravel\\framework\\src\\Illuminate\\Foundation\\Http\\Kernel.php(165): Illuminate\\Pipeline\\Pipeline->then(Object(Closure))
#42 C:\\Users\\komal\\OneDrive\\Desktop\\roamiodeals_T\\roamiodeals\\vendor\\laravel\\framework\\src\\Illuminate\\Foundation\\Http\\Kernel.php(134): Illuminate\\Foundation\\Http\\Kernel->sendRequestThroughRouter(Object(Illuminate\\Http\\Request))
#43 C:\\Users\\komal\\OneDrive\\Desktop\\roamiodeals_T\\roamiodeals\\public\\index.php(72): Illuminate\\Foundation\\Http\\Kernel->handle(Object(Illuminate\\Http\\Request))
#44 C:\\Users\\komal\\OneDrive\\Desktop\\roamiodeals_T\\roamiodeals\\server.php(21): require_once('C:\\\\Users\\\\komal\\\\...')
#45 {main}
"} 
[2023-07-08 18:15:46] production.ERROR: file_put_contents(C:\Users\komal\OneDrive\Desktop\roamiodeals_T\roamiodeals\storage\framework/sessions/fgUgABBn1bAzPbva5bij1enqTkKczXDpGIhLQ1ir): Failed to open stream: No such file or directory {"exception":"[object] (ErrorException(code: 0): file_put_contents(C:\\Users\\komal\\OneDrive\\Desktop\\roamiodeals_T\\roamiodeals\\storage\\framework/sessions/fgUgABBn1bAzPbva5bij1enqTkKczXDpGIhLQ1ir): Failed to open stream: No such file or directory at C:\\Users\\komal\\OneDrive\\Desktop\\roamiodeals_T\\roamiodeals\\vendor\\laravel\\framework\\src\\Illuminate\\Filesystem\\Filesystem.php:190)
[stacktrace]
#0 C:\\Users\\komal\\OneDrive\\Desktop\\roamiodeals_T\\roamiodeals\\vendor\\laravel\\framework\\src\\Illuminate\\Foundation\\Bootstrap\\HandleExceptions.php(266): Illuminate\\Foundation\\Bootstrap\\HandleExceptions->handleError(2, 'file_put_conten...', 'C:\\\\Users\\\\komal\\\\...', 190)
#1 [internal function]: Illuminate\\Foundation\\Bootstrap\\HandleExceptions->Illuminate\\Foundation\\Bootstrap\\{closure}(2, 'file_put_conten...', 'C:\\\\Users\\\\komal\\\\...', 190)
#2 C:\\Users\\komal\\OneDrive\\Desktop\\roamiodeals_T\\roamiodeals\\vendor\\laravel\\framework\\src\\Illuminate\\Filesystem\\Filesystem.php(190): file_put_contents('C:\\\\Users\\\\komal\\\\...', 'a:3:{s:6:\"_toke...', 2)
#3 C:\\Users\\komal\\OneDrive\\Desktop\\roamiodeals_T\\roamiodeals\\vendor\\laravel\\framework\\src\\Illuminate\\Session\\FileSessionHandler.php(90): Illuminate\\Filesystem\\Filesystem->put('C:\\\\Users\\\\komal\\\\...', 'a:3:{s:6:\"_toke...', true)
#4 C:\\Users\\komal\\OneDrive\\Desktop\\roamiodeals_T\\roamiodeals\\vendor\\laravel\\framework\\src\\Illuminate\\Session\\Store.php(173): Illuminate\\Session\\FileSessionHandler->write('fgUgABBn1bAzPbv...', 'a:3:{s:6:\"_toke...')
#5 C:\\Users\\komal\\OneDrive\\Desktop\\roamiodeals_T\\roamiodeals\\vendor\\laravel\\framework\\src\\Illuminate\\Session\\Middleware\\StartSession.php(238): Illuminate\\Session\\Store->save()
#6 C:\\Users\\komal\\OneDrive\\Desktop\\roamiodeals_T\\roamiodeals\\vendor\\laravel\\framework\\src\\Illuminate\\Session\\Middleware\\StartSession.php(130): Illuminate\\Session\\Middleware\\StartSession->saveSession(Object(Illuminate\\Http\\Request))
#7 C:\\Users\\komal\\OneDrive\\Desktop\\roamiodeals_T\\roamiodeals\\vendor\\laravel\\framework\\src\\Illuminate\\Session\\Middleware\\StartSession.php(64): Illuminate\\Session\\Middleware\\StartSession->handleStatefulRequest(Object(Illuminate\\Http\\Request), Object(Illuminate\\Session\\Store), Object(Closure))
#8 C:\\Users\\komal\\OneDrive\\Desktop\\roamiodeals_T\\roamiodeals\\vendor\\laravel\\framework\\src\\Illuminate\\Pipeline\\Pipeline.php(180): Illuminate\\Session\\Middleware\\StartSession->handle(Object(Illuminate\\Http\\Request), Object(Closure))
#9 C:\\Users\\komal\\OneDrive\\Desktop\\roamiodeals_T\\roamiodeals\\vendor\\laravel\\framework\\src\\Illuminate\\Cookie\\Middleware\\AddQueuedCookiesToResponse.php(37): Illuminate\\Pipeline\\Pipeline->Illuminate\\Pipeline\\{closure}(Object(Illuminate\\Http\\Request))
#10 C:\\Users\\komal\\OneDrive\\Desktop\\roamiodeals_T\\roamiodeals\\vendor\\laravel\\framework\\src\\Illuminate\\Pipeline\\Pipeline.php(180): Illuminate\\Cookie\\Middleware\\AddQueuedCookiesToResponse->handle(Object(Illuminate\\Http\\Request), Object(Closure))
#11 C:\\Users\\komal\\OneDrive\\Desktop\\roamiodeals_T\\roamiodeals\\vendor\\laravel\\framework\\src\\Illuminate\\Cookie\\Middleware\\EncryptCookies.php(67): Illuminate\\Pipeline\\Pipeline->Illuminate\\Pipeline\\{closure}(Object(Illuminate\\Http\\Request))
#12 C:\\Users\\komal\\OneDrive\\Desktop\\roamiodeals_T\\roamiodeals\\vendor\\laravel\\framework\\src\\Illuminate\\Pipeline\\Pipeline.php(180): Illuminate\\Cookie\\Middleware\\EncryptCookies->handle(Object(Illuminate\\Http\\Request), Object(Closure))
#13 C:\\Users\\komal\\OneDrive\\Desktop\\roamiodeals_T\\roamiodeals\\vendor\\laravel\\framework\\src\\Illuminate\\Pipeline\\Pipeline.php(116): Illuminate\\Pipeline\\Pipeline->Illuminate\\Pipeline\\{closure}(Object(Illuminate\\Http\\Request))
#14 C:\\Users\\komal\\OneDrive\\Desktop\\roamiodeals_T\\roamiodeals\\vendor\\laravel\\framework\\src\\Illuminate\\Routing\\Router.php(799): Illuminate\\Pipeline\\Pipeline->then(Object(Closure))
#15 C:\\Users\\komal\\OneDrive\\Desktop\\roamiodeals_T\\roamiodeals\\vendor\\laravel\\framework\\src\\Illuminate\\Routing\\Router.php(776): Illuminate\\Routing\\Router->runRouteWithinStack(Object(Illuminate\\Routing\\Route), Object(Illuminate\\Http\\Request))
#16 C:\\Users\\komal\\OneDrive\\Desktop\\roamiodeals_T\\roamiodeals\\vendor\\laravel\\framework\\src\\Illuminate\\Routing\\Router.php(740): Illuminate\\Routing\\Router->runRoute(Object(Illuminate\\Http\\Request), Object(Illuminate\\Routing\\Route))
#17 C:\\Users\\komal\\OneDrive\\Desktop\\roamiodeals_T\\roamiodeals\\vendor\\laravel\\framework\\src\\Illuminate\\Routing\\Router.php(729): Illuminate\\Routing\\Router->dispatchToRoute(Object(Illuminate\\Http\\Request))
#18 C:\\Users\\komal\\OneDrive\\Desktop\\roamiodeals_T\\roamiodeals\\vendor\\laravel\\framework\\src\\Illuminate\\Foundation\\Http\\Kernel.php(190): Illuminate\\Routing\\Router->dispatch(Object(Illuminate\\Http\\Request))
#19 C:\\Users\\komal\\OneDrive\\Desktop\\roamiodeals_T\\roamiodeals\\vendor\\laravel\\framework\\src\\Illuminate\\Pipeline\\Pipeline.php(141): Illuminate\\Foundation\\Http\\Kernel->Illuminate\\Foundation\\Http\\{closure}(Object(Illuminate\\Http\\Request))
#20 C:\\Users\\komal\\OneDrive\\Desktop\\roamiodeals_T\\roamiodeals\\themes\\Base\\Core\\Middleware\\RunUpdater.php(72): Illuminate\\Pipeline\\Pipeline->Illuminate\\Pipeline\\{closure}(Object(Illuminate\\Http\\Request))
#21 C:\\Users\\komal\\OneDrive\\Desktop\\roamiodeals_T\\roamiodeals\\vendor\\laravel\\framework\\src\\Illuminate\\Pipeline\\Pipeline.php(180): Themes\\Base\\Core\\Middleware\\RunUpdater->handle(Object(Illuminate\\Http\\Request), Object(Closure))
#22 C:\\Users\\komal\\OneDrive\\Desktop\\roamiodeals_T\\roamiodeals\\vendor\\barryvdh\\laravel-debugbar\\src\\Middleware\\InjectDebugbar.php(66): Illuminate\\Pipeline\\Pipeline->Illuminate\\Pipeline\\{closure}(Object(Illuminate\\Http\\Request))
#23 C:\\Users\\komal\\OneDrive\\Desktop\\roamiodeals_T\\roamiodeals\\vendor\\laravel\\framework\\src\\Illuminate\\Pipeline\\Pipeline.php(180): Barryvdh\\Debugbar\\Middleware\\InjectDebugbar->handle(Object(Illuminate\\Http\\Request), Object(Closure))
#24 C:\\Users\\komal\\OneDrive\\Desktop\\roamiodeals_T\\roamiodeals\\vendor\\laravel\\framework\\src\\Illuminate\\Foundation\\Http\\Middleware\\TransformsRequest.php(21): Illuminate\\Pipeline\\Pipeline->Illuminate\\Pipeline\\{closure}(Object(Illuminate\\Http\\Request))
#25 C:\\Users\\komal\\OneDrive\\Desktop\\roamiodeals_T\\roamiodeals\\vendor\\laravel\\framework\\src\\Illuminate\\Foundation\\Http\\Middleware\\ConvertEmptyStringsToNull.php(31): Illuminate\\Foundation\\Http\\Middleware\\TransformsRequest->handle(Object(Illuminate\\Http\\Request), Object(Closure))
#26 C:\\Users\\komal\\OneDrive\\Desktop\\roamiodeals_T\\roamiodeals\\vendor\\laravel\\framework\\src\\Illuminate\\Pipeline\\Pipeline.php(180): Illuminate\\Foundation\\Http\\Middleware\\ConvertEmptyStringsToNull->handle(Object(Illuminate\\Http\\Request), Object(Closure))
#27 C:\\Users\\komal\\OneDrive\\Desktop\\roamiodeals_T\\roamiodeals\\vendor\\laravel\\framework\\src\\Illuminate\\Foundation\\Http\\Middleware\\TransformsRequest.php(21): Illuminate\\Pipeline\\Pipeline->Illuminate\\Pipeline\\{closure}(Object(Illuminate\\Http\\Request))
#28 C:\\Users\\komal\\OneDrive\\Desktop\\roamiodeals_T\\roamiodeals\\vendor\\laravel\\framework\\src\\Illuminate\\Foundation\\Http\\Middleware\\TrimStrings.php(40): Illuminate\\Foundation\\Http\\Middleware\\TransformsRequest->handle(Object(Illuminate\\Http\\Request), Object(Closure))
#29 C:\\Users\\komal\\OneDrive\\Desktop\\roamiodeals_T\\roamiodeals\\vendor\\laravel\\framework\\src\\Illuminate\\Pipeline\\Pipeline.php(180): Illuminate\\Foundation\\Http\\Middleware\\TrimStrings->handle(Object(Illuminate\\Http\\Request), Object(Closure))
#30 C:\\Users\\komal\\OneDrive\\Desktop\\roamiodeals_T\\roamiodeals\\vendor\\laravel\\framework\\src\\Illuminate\\Foundation\\Http\\Middleware\\ValidatePostSize.php(27): Illuminate\\Pipeline\\Pipeline->Illuminate\\Pipeline\\{closure}(Object(Illuminate\\Http\\Request))
#31 C:\\Users\\komal\\OneDrive\\Desktop\\roamiodeals_T\\roamiodeals\\vendor\\laravel\\framework\\src\\Illuminate\\Pipeline\\Pipeline.php(180): Illuminate\\Foundation\\Http\\Middleware\\ValidatePostSize->handle(Object(Illuminate\\Http\\Request), Object(Closure))
#32 C:\\Users\\komal\\OneDrive\\Desktop\\roamiodeals_T\\roamiodeals\\vendor\\laravel\\framework\\src\\Illuminate\\Foundation\\Http\\Middleware\\PreventRequestsDuringMaintenance.php(86): Illuminate\\Pipeline\\Pipeline->Illuminate\\Pipeline\\{closure}(Object(Illuminate\\Http\\Request))
#33 C:\\Users\\komal\\OneDrive\\Desktop\\roamiodeals_T\\roamiodeals\\vendor\\laravel\\framework\\src\\Illuminate\\Pipeline\\Pipeline.php(180): Illuminate\\Foundation\\Http\\Middleware\\PreventRequestsDuringMaintenance->handle(Object(Illuminate\\Http\\Request), Object(Closure))
#34 C:\\Users\\komal\\OneDrive\\Desktop\\roamiodeals_T\\roamiodeals\\vendor\\laravel\\framework\\src\\Illuminate\\Http\\Middleware\\HandleCors.php(49): Illuminate\\Pipeline\\Pipeline->Illuminate\\Pipeline\\{closure}(Object(Illuminate\\Http\\Request))
#35 C:\\Users\\komal\\OneDrive\\Desktop\\roamiodeals_T\\roamiodeals\\vendor\\laravel\\framework\\src\\Illuminate\\Pipeline\\Pipeline.php(180): Illuminate\\Http\\Middleware\\HandleCors->handle(Object(Illuminate\\Http\\Request), Object(Closure))
#36 C:\\Users\\komal\\OneDrive\\Desktop\\roamiodeals_T\\roamiodeals\\app\\Http\\Middleware\\RedirectToInstaller.php(40): Illuminate\\Pipeline\\Pipeline->Illuminate\\Pipeline\\{closure}(Object(Illuminate\\Http\\Request))
#37 C:\\Users\\komal\\OneDrive\\Desktop\\roamiodeals_T\\roamiodeals\\vendor\\laravel\\framework\\src\\Illuminate\\Pipeline\\Pipeline.php(180): App\\Http\\Middleware\\RedirectToInstaller->handle(Object(Illuminate\\Http\\Request), Object(Closure))
#38 C:\\Users\\komal\\OneDrive\\Desktop\\roamiodeals_T\\roamiodeals\\vendor\\laravel\\framework\\src\\Illuminate\\Http\\Middleware\\TrustProxies.php(39): Illuminate\\Pipeline\\Pipeline->Illuminate\\Pipeline\\{closure}(Object(Illuminate\\Http\\Request))
#39 C:\\Users\\komal\\OneDrive\\Desktop\\roamiodeals_T\\roamiodeals\\vendor\\laravel\\framework\\src\\Illuminate\\Pipeline\\Pipeline.php(180): Illuminate\\Http\\Middleware\\TrustProxies->handle(Object(Illuminate\\Http\\Request), Object(Closure))
#40 C:\\Users\\komal\\OneDrive\\Desktop\\roamiodeals_T\\roamiodeals\\vendor\\laravel\\framework\\src\\Illuminate\\Pipeline\\Pipeline.php(116): Illuminate\\Pipeline\\Pipeline->Illuminate\\Pipeline\\{closure}(Object(Illuminate\\Http\\Request))
#41 C:\\Users\\komal\\OneDrive\\Desktop\\roamiodeals_T\\roamiodeals\\vendor\\laravel\\framework\\src\\Illuminate\\Foundation\\Http\\Kernel.php(165): Illuminate\\Pipeline\\Pipeline->then(Object(Closure))
#42 C:\\Users\\komal\\OneDrive\\Desktop\\roamiodeals_T\\roamiodeals\\vendor\\laravel\\framework\\src\\Illuminate\\Foundation\\Http\\Kernel.php(134): Illuminate\\Foundation\\Http\\Kernel->sendRequestThroughRouter(Object(Illuminate\\Http\\Request))
#43 C:\\Users\\komal\\OneDrive\\Desktop\\roamiodeals_T\\roamiodeals\\public\\index.php(72): Illuminate\\Foundation\\Http\\Kernel->handle(Object(Illuminate\\Http\\Request))
#44 C:\\Users\\komal\\OneDrive\\Desktop\\roamiodeals_T\\roamiodeals\\server.php(21): require_once('C:\\\\Users\\\\komal\\\\...')
#45 {main}
"} 
