[2023-06-30 09:19:41] production.ERROR: syntax error, unexpected end of file {"exception":"[object] (ParseError(code: 0): syntax error, unexpected end of file at C:\\Users\\komal\\OneDrive\\Desktop\\roamiodeals_T\\roamiodeals\\modules\\Flight\\Routes\\web.php:37)
[stacktrace]
#0 C:\\Users\\komal\\OneDrive\\Desktop\\roamiodeals_T\\roamiodeals\\vendor\\laravel\\framework\\src\\Illuminate\\Routing\\Router.php(503): Illuminate\\Routing\\RouteFileRegistrar->register('C:\\\\Users\\\\komal\\\\...')
#1 C:\\Users\\komal\\OneDrive\\Desktop\\roamiodeals_T\\roamiodeals\\vendor\\laravel\\framework\\src\\Illuminate\\Routing\\Router.php(457): Illuminate\\Routing\\Router->loadRoutes('C:\\\\Users\\\\komal\\\\...')
#2 C:\\Users\\komal\\OneDrive\\Desktop\\roamiodeals_T\\roamiodeals\\vendor\\laravel\\framework\\src\\Illuminate\\Routing\\RouteRegistrar.php(192): Illuminate\\Routing\\Router->group(Array, 'C:\\\\Users\\\\komal\\\\...')
#3 C:\\Users\\komal\\OneDrive\\Desktop\\roamiodeals_T\\roamiodeals\\modules\\Flight\\RouterServiceProvider.php(57): Illuminate\\Routing\\RouteRegistrar->group('C:\\\\Users\\\\komal\\\\...')
#4 C:\\Users\\komal\\OneDrive\\Desktop\\roamiodeals_T\\roamiodeals\\modules\\Flight\\RouterServiceProvider.php(39): Modules\\Flight\\RouterServiceProvider->mapWebRoutes()
#5 C:\\Users\\komal\\OneDrive\\Desktop\\roamiodeals_T\\roamiodeals\\vendor\\laravel\\framework\\src\\Illuminate\\Container\\BoundMethod.php(36): Modules\\Flight\\RouterServiceProvider->map()
#6 C:\\Users\\komal\\OneDrive\\Desktop\\roamiodeals_T\\roamiodeals\\vendor\\laravel\\framework\\src\\Illuminate\\Container\\Util.php(41): Illuminate\\Container\\BoundMethod::Illuminate\\Container\\{closure}()
#7 C:\\Users\\komal\\OneDrive\\Desktop\\roamiodeals_T\\roamiodeals\\vendor\\laravel\\framework\\src\\Illuminate\\Container\\BoundMethod.php(93): Illuminate\\Container\\Util::unwrapIfClosure(Object(Closure))
#8 C:\\Users\\komal\\OneDrive\\Desktop\\roamiodeals_T\\roamiodeals\\vendor\\laravel\\framework\\src\\Illuminate\\Container\\BoundMethod.php(37): Illuminate\\Container\\BoundMethod::callBoundMethod(Object(Illuminate\\Foundation\\Application), Array, Object(Closure))
#9 C:\\Users\\komal\\OneDrive\\Desktop\\roamiodeals_T\\roamiodeals\\vendor\\laravel\\framework\\src\\Illuminate\\Container\\Container.php(651): Illuminate\\Container\\BoundMethod::call(Object(Illuminate\\Foundation\\Application), Array, Array, NULL)
#10 C:\\Users\\komal\\OneDrive\\Desktop\\roamiodeals_T\\roamiodeals\\vendor\\laravel\\framework\\src\\Illuminate\\Foundation\\Support\\Providers\\RouteServiceProvider.php(122): Illuminate\\Container\\Container->call(Array)
#11 C:\\Users\\komal\\OneDrive\\Desktop\\roamiodeals_T\\roamiodeals\\vendor\\laravel\\framework\\src\\Illuminate\\Foundation\\Support\\Providers\\RouteServiceProvider.php(45): Illuminate\\Foundation\\Support\\Providers\\RouteServiceProvider->loadRoutes()
#12 C:\\Users\\komal\\OneDrive\\Desktop\\roamiodeals_T\\roamiodeals\\vendor\\laravel\\framework\\src\\Illuminate\\Container\\BoundMethod.php(36): Illuminate\\Foundation\\Support\\Providers\\RouteServiceProvider->Illuminate\\Foundation\\Support\\Providers\\{closure}()
#13 C:\\Users\\komal\\OneDrive\\Desktop\\roamiodeals_T\\roamiodeals\\vendor\\laravel\\framework\\src\\Illuminate\\Container\\Util.php(41): Illuminate\\Container\\BoundMethod::Illuminate\\Container\\{closure}()
#14 C:\\Users\\komal\\OneDrive\\Desktop\\roamiodeals_T\\roamiodeals\\vendor\\laravel\\framework\\src\\Illuminate\\Container\\BoundMethod.php(81): Illuminate\\Container\\Util::unwrapIfClosure(Object(Closure))
#15 C:\\Users\\komal\\OneDrive\\Desktop\\roamiodeals_T\\roamiodeals\\vendor\\laravel\\framework\\src\\Illuminate\\Container\\BoundMethod.php(37): Illuminate\\Container\\BoundMethod::callBoundMethod(Object(Illuminate\\Foundation\\Application), Object(Closure), Object(Closure))
#16 C:\\Users\\komal\\OneDrive\\Desktop\\roamiodeals_T\\roamiodeals\\vendor\\laravel\\framework\\src\\Illuminate\\Container\\Container.php(651): Illuminate\\Container\\BoundMethod::call(Object(Illuminate\\Foundation\\Application), Object(Closure), Array, NULL)
#17 C:\\Users\\komal\\OneDrive\\Desktop\\roamiodeals_T\\roamiodeals\\vendor\\laravel\\framework\\src\\Illuminate\\Support\\ServiceProvider.php(119): Illuminate\\Container\\Container->call(Object(Closure))
#18 C:\\Users\\komal\\OneDrive\\Desktop\\roamiodeals_T\\roamiodeals\\vendor\\laravel\\framework\\src\\Illuminate\\Foundation\\Application.php(936): Illuminate\\Support\\ServiceProvider->callBootedCallbacks()
#19 C:\\Users\\komal\\OneDrive\\Desktop\\roamiodeals_T\\roamiodeals\\vendor\\laravel\\framework\\src\\Illuminate\\Foundation\\Application.php(914): Illuminate\\Foundation\\Application->bootProvider(Object(Modules\\Flight\\RouterServiceProvider))
#20 [internal function]: Illuminate\\Foundation\\Application->Illuminate\\Foundation\\{closure}(Object(Modules\\Flight\\RouterServiceProvider), 60)
#21 C:\\Users\\komal\\OneDrive\\Desktop\\roamiodeals_T\\roamiodeals\\vendor\\laravel\\framework\\src\\Illuminate\\Foundation\\Application.php(915): array_walk(Array, Object(Closure))
#22 C:\\Users\\komal\\OneDrive\\Desktop\\roamiodeals_T\\roamiodeals\\vendor\\laravel\\framework\\src\\Illuminate\\Foundation\\Bootstrap\\BootProviders.php(17): Illuminate\\Foundation\\Application->boot()
#23 C:\\Users\\komal\\OneDrive\\Desktop\\roamiodeals_T\\roamiodeals\\vendor\\laravel\\framework\\src\\Illuminate\\Foundation\\Application.php(242): Illuminate\\Foundation\\Bootstrap\\BootProviders->bootstrap(Object(Illuminate\\Foundation\\Application))
#24 C:\\Users\\komal\\OneDrive\\Desktop\\roamiodeals_T\\roamiodeals\\vendor\\laravel\\framework\\src\\Illuminate\\Foundation\\Console\\Kernel.php(383): Illuminate\\Foundation\\Application->bootstrapWith(Array)
#25 C:\\Users\\komal\\OneDrive\\Desktop\\roamiodeals_T\\roamiodeals\\vendor\\laravel\\framework\\src\\Illuminate\\Foundation\\Console\\Kernel.php(153): Illuminate\\Foundation\\Console\\Kernel->bootstrap()
#26 Command line code(1): Illuminate\\Foundation\\Console\\Kernel->handle(Object(Symfony\\Component\\Console\\Input\\ArgvInput), Object(Symfony\\Component\\Console\\Output\\ConsoleOutput))
#27 {main}
"} 
[2023-06-30 09:19:54] production.ERROR: syntax error, unexpected end of file {"exception":"[object] (ParseError(code: 0): syntax error, unexpected end of file at C:\\Users\\komal\\OneDrive\\Desktop\\roamiodeals_T\\roamiodeals\\modules\\Flight\\Routes\\web.php:40)
[stacktrace]
#0 C:\\Users\\komal\\OneDrive\\Desktop\\roamiodeals_T\\roamiodeals\\vendor\\laravel\\framework\\src\\Illuminate\\Routing\\Router.php(503): Illuminate\\Routing\\RouteFileRegistrar->register('C:\\\\Users\\\\komal\\\\...')
#1 C:\\Users\\komal\\OneDrive\\Desktop\\roamiodeals_T\\roamiodeals\\vendor\\laravel\\framework\\src\\Illuminate\\Routing\\Router.php(457): Illuminate\\Routing\\Router->loadRoutes('C:\\\\Users\\\\komal\\\\...')
#2 C:\\Users\\komal\\OneDrive\\Desktop\\roamiodeals_T\\roamiodeals\\vendor\\laravel\\framework\\src\\Illuminate\\Routing\\RouteRegistrar.php(192): Illuminate\\Routing\\Router->group(Array, 'C:\\\\Users\\\\komal\\\\...')
#3 C:\\Users\\komal\\OneDrive\\Desktop\\roamiodeals_T\\roamiodeals\\modules\\Flight\\RouterServiceProvider.php(57): Illuminate\\Routing\\RouteRegistrar->group('C:\\\\Users\\\\komal\\\\...')
#4 C:\\Users\\komal\\OneDrive\\Desktop\\roamiodeals_T\\roamiodeals\\modules\\Flight\\RouterServiceProvider.php(39): Modules\\Flight\\RouterServiceProvider->mapWebRoutes()
#5 C:\\Users\\komal\\OneDrive\\Desktop\\roamiodeals_T\\roamiodeals\\vendor\\laravel\\framework\\src\\Illuminate\\Container\\BoundMethod.php(36): Modules\\Flight\\RouterServiceProvider->map()
#6 C:\\Users\\komal\\OneDrive\\Desktop\\roamiodeals_T\\roamiodeals\\vendor\\laravel\\framework\\src\\Illuminate\\Container\\Util.php(41): Illuminate\\Container\\BoundMethod::Illuminate\\Container\\{closure}()
#7 C:\\Users\\komal\\OneDrive\\Desktop\\roamiodeals_T\\roamiodeals\\vendor\\laravel\\framework\\src\\Illuminate\\Container\\BoundMethod.php(93): Illuminate\\Container\\Util::unwrapIfClosure(Object(Closure))
#8 C:\\Users\\komal\\OneDrive\\Desktop\\roamiodeals_T\\roamiodeals\\vendor\\laravel\\framework\\src\\Illuminate\\Container\\BoundMethod.php(37): Illuminate\\Container\\BoundMethod::callBoundMethod(Object(Illuminate\\Foundation\\Application), Array, Object(Closure))
#9 C:\\Users\\komal\\OneDrive\\Desktop\\roamiodeals_T\\roamiodeals\\vendor\\laravel\\framework\\src\\Illuminate\\Container\\Container.php(651): Illuminate\\Container\\BoundMethod::call(Object(Illuminate\\Foundation\\Application), Array, Array, NULL)
#10 C:\\Users\\komal\\OneDrive\\Desktop\\roamiodeals_T\\roamiodeals\\vendor\\laravel\\framework\\src\\Illuminate\\Foundation\\Support\\Providers\\RouteServiceProvider.php(122): Illuminate\\Container\\Container->call(Array)
#11 C:\\Users\\komal\\OneDrive\\Desktop\\roamiodeals_T\\roamiodeals\\vendor\\laravel\\framework\\src\\Illuminate\\Foundation\\Support\\Providers\\RouteServiceProvider.php(45): Illuminate\\Foundation\\Support\\Providers\\RouteServiceProvider->loadRoutes()
#12 C:\\Users\\komal\\OneDrive\\Desktop\\roamiodeals_T\\roamiodeals\\vendor\\laravel\\framework\\src\\Illuminate\\Container\\BoundMethod.php(36): Illuminate\\Foundation\\Support\\Providers\\RouteServiceProvider->Illuminate\\Foundation\\Support\\Providers\\{closure}()
#13 C:\\Users\\komal\\OneDrive\\Desktop\\roamiodeals_T\\roamiodeals\\vendor\\laravel\\framework\\src\\Illuminate\\Container\\Util.php(41): Illuminate\\Container\\BoundMethod::Illuminate\\Container\\{closure}()
#14 C:\\Users\\komal\\OneDrive\\Desktop\\roamiodeals_T\\roamiodeals\\vendor\\laravel\\framework\\src\\Illuminate\\Container\\BoundMethod.php(81): Illuminate\\Container\\Util::unwrapIfClosure(Object(Closure))
#15 C:\\Users\\komal\\OneDrive\\Desktop\\roamiodeals_T\\roamiodeals\\vendor\\laravel\\framework\\src\\Illuminate\\Container\\BoundMethod.php(37): Illuminate\\Container\\BoundMethod::callBoundMethod(Object(Illuminate\\Foundation\\Application), Object(Closure), Object(Closure))
#16 C:\\Users\\komal\\OneDrive\\Desktop\\roamiodeals_T\\roamiodeals\\vendor\\laravel\\framework\\src\\Illuminate\\Container\\Container.php(651): Illuminate\\Container\\BoundMethod::call(Object(Illuminate\\Foundation\\Application), Object(Closure), Array, NULL)
#17 C:\\Users\\komal\\OneDrive\\Desktop\\roamiodeals_T\\roamiodeals\\vendor\\laravel\\framework\\src\\Illuminate\\Support\\ServiceProvider.php(119): Illuminate\\Container\\Container->call(Object(Closure))
#18 C:\\Users\\komal\\OneDrive\\Desktop\\roamiodeals_T\\roamiodeals\\vendor\\laravel\\framework\\src\\Illuminate\\Foundation\\Application.php(936): Illuminate\\Support\\ServiceProvider->callBootedCallbacks()
#19 C:\\Users\\komal\\OneDrive\\Desktop\\roamiodeals_T\\roamiodeals\\vendor\\laravel\\framework\\src\\Illuminate\\Foundation\\Application.php(914): Illuminate\\Foundation\\Application->bootProvider(Object(Modules\\Flight\\RouterServiceProvider))
#20 [internal function]: Illuminate\\Foundation\\Application->Illuminate\\Foundation\\{closure}(Object(Modules\\Flight\\RouterServiceProvider), 60)
#21 C:\\Users\\komal\\OneDrive\\Desktop\\roamiodeals_T\\roamiodeals\\vendor\\laravel\\framework\\src\\Illuminate\\Foundation\\Application.php(915): array_walk(Array, Object(Closure))
#22 C:\\Users\\komal\\OneDrive\\Desktop\\roamiodeals_T\\roamiodeals\\vendor\\laravel\\framework\\src\\Illuminate\\Foundation\\Bootstrap\\BootProviders.php(17): Illuminate\\Foundation\\Application->boot()
#23 C:\\Users\\komal\\OneDrive\\Desktop\\roamiodeals_T\\roamiodeals\\vendor\\laravel\\framework\\src\\Illuminate\\Foundation\\Application.php(242): Illuminate\\Foundation\\Bootstrap\\BootProviders->bootstrap(Object(Illuminate\\Foundation\\Application))
#24 C:\\Users\\komal\\OneDrive\\Desktop\\roamiodeals_T\\roamiodeals\\vendor\\laravel\\framework\\src\\Illuminate\\Foundation\\Console\\Kernel.php(383): Illuminate\\Foundation\\Application->bootstrapWith(Array)
#25 C:\\Users\\komal\\OneDrive\\Desktop\\roamiodeals_T\\roamiodeals\\vendor\\laravel\\framework\\src\\Illuminate\\Foundation\\Console\\Kernel.php(153): Illuminate\\Foundation\\Console\\Kernel->bootstrap()
#26 Command line code(1): Illuminate\\Foundation\\Console\\Kernel->handle(Object(Symfony\\Component\\Console\\Input\\ArgvInput), Object(Symfony\\Component\\Console\\Output\\ConsoleOutput))
#27 {main}
"} 
[2023-06-30 09:27:05] production.ERROR: Undefined variable $style {"view":{"view":"C:\\Users\\komal\\OneDrive\\Desktop\\roamiodeals_T\\roamiodeals\\themes\\BC\\Flight\\Views\\frontend\\vish.blade.php","data":{"errors":"<pre class=sf-dump id=sf-dump-1298745792 data-indent-pad=\"  \"><span class=sf-dump-note>Illuminate\\Support\\ViewErrorBag</span> {<a class=sf-dump-ref>#1758</a><samp data-depth=1 class=sf-dump-expanded>
  #<span class=sf-dump-protected title=\"Protected property\">bags</span>: []
</samp>}
</pre><script>Sfdump(\"sf-dump-1298745792\", {\"maxDepth\":3,\"maxStringLength\":160})</script>
"}},"exception":"[object] (Spatie\\LaravelIgnition\\Exceptions\\ViewException(code: 0): Undefined variable $style at C:\\Users\\komal\\OneDrive\\Desktop\\roamiodeals_T\\roamiodeals\\storage\\framework\\views\\1916be71c6360ad20dd5951327b62bcc66046220.php:9)
[stacktrace]
#0 C:\\Users\\komal\\OneDrive\\Desktop\\roamiodeals_T\\roamiodeals\\vendor\\laravel\\framework\\src\\Illuminate\\Foundation\\Bootstrap\\HandleExceptions.php(266): Illuminate\\Foundation\\Bootstrap\\HandleExceptions->handleError(2, 'Undefined varia...', 'C:\\\\Users\\\\komal\\\\...', 9)
#1 C:\\Users\\komal\\OneDrive\\Desktop\\roamiodeals_T\\roamiodeals\\storage\\framework\\views\\1916be71c6360ad20dd5951327b62bcc66046220.php(9): Illuminate\\Foundation\\Bootstrap\\HandleExceptions->Illuminate\\Foundation\\Bootstrap\\{closure}(2, 'Undefined varia...', 'C:\\\\Users\\\\komal\\\\...', 9)
#2 C:\\Users\\komal\\OneDrive\\Desktop\\roamiodeals_T\\roamiodeals\\vendor\\laravel\\framework\\src\\Illuminate\\Filesystem\\Filesystem.php(109): require('C:\\\\Users\\\\komal\\\\...')
#3 C:\\Users\\komal\\OneDrive\\Desktop\\roamiodeals_T\\roamiodeals\\vendor\\laravel\\framework\\src\\Illuminate\\Filesystem\\Filesystem.php(110): Illuminate\\Filesystem\\Filesystem::Illuminate\\Filesystem\\{closure}()
#4 C:\\Users\\komal\\OneDrive\\Desktop\\roamiodeals_T\\roamiodeals\\vendor\\laravel\\framework\\src\\Illuminate\\View\\Engines\\PhpEngine.php(58): Illuminate\\Filesystem\\Filesystem->getRequire('C:\\\\Users\\\\komal\\\\...', Array)
#5 C:\\Users\\komal\\OneDrive\\Desktop\\roamiodeals_T\\roamiodeals\\vendor\\laravel\\framework\\src\\Illuminate\\View\\Engines\\CompilerEngine.php(70): Illuminate\\View\\Engines\\PhpEngine->evaluatePath('C:\\\\Users\\\\komal\\\\...', Array)
#6 C:\\Users\\komal\\OneDrive\\Desktop\\roamiodeals_T\\roamiodeals\\vendor\\laravel\\framework\\src\\Illuminate\\View\\View.php(152): Illuminate\\View\\Engines\\CompilerEngine->get('C:\\\\Users\\\\komal\\\\...', Array)
#7 C:\\Users\\komal\\OneDrive\\Desktop\\roamiodeals_T\\roamiodeals\\vendor\\laravel\\framework\\src\\Illuminate\\View\\View.php(135): Illuminate\\View\\View->getContents()
#8 C:\\Users\\komal\\OneDrive\\Desktop\\roamiodeals_T\\roamiodeals\\vendor\\laravel\\framework\\src\\Illuminate\\View\\View.php(104): Illuminate\\View\\View->renderContents()
#9 C:\\Users\\komal\\OneDrive\\Desktop\\roamiodeals_T\\roamiodeals\\vendor\\laravel\\framework\\src\\Illuminate\\Http\\Response.php(69): Illuminate\\View\\View->render()
#10 C:\\Users\\komal\\OneDrive\\Desktop\\roamiodeals_T\\roamiodeals\\vendor\\laravel\\framework\\src\\Illuminate\\Http\\Response.php(35): Illuminate\\Http\\Response->setContent(Object(Illuminate\\View\\View))
#11 C:\\Users\\komal\\OneDrive\\Desktop\\roamiodeals_T\\roamiodeals\\vendor\\laravel\\framework\\src\\Illuminate\\Routing\\Router.php(906): Illuminate\\Http\\Response->__construct(Object(Illuminate\\View\\View), 200, Array)
#12 C:\\Users\\komal\\OneDrive\\Desktop\\roamiodeals_T\\roamiodeals\\vendor\\laravel\\framework\\src\\Illuminate\\Routing\\Router.php(875): Illuminate\\Routing\\Router::toResponse(Object(Illuminate\\Http\\Request), Object(Illuminate\\View\\View))
#13 C:\\Users\\komal\\OneDrive\\Desktop\\roamiodeals_T\\roamiodeals\\vendor\\laravel\\framework\\src\\Illuminate\\Routing\\Router.php(798): Illuminate\\Routing\\Router->prepareResponse(Object(Illuminate\\Http\\Request), Object(Illuminate\\View\\View))
#14 C:\\Users\\komal\\OneDrive\\Desktop\\roamiodeals_T\\roamiodeals\\vendor\\laravel\\framework\\src\\Illuminate\\Pipeline\\Pipeline.php(141): Illuminate\\Routing\\Router->Illuminate\\Routing\\{closure}(Object(Illuminate\\Http\\Request))
#15 C:\\Users\\komal\\OneDrive\\Desktop\\roamiodeals_T\\roamiodeals\\app\\Http\\Middleware\\RequireChangePassword.php(41): Illuminate\\Pipeline\\Pipeline->Illuminate\\Pipeline\\{closure}(Object(Illuminate\\Http\\Request))
#16 C:\\Users\\komal\\OneDrive\\Desktop\\roamiodeals_T\\roamiodeals\\vendor\\laravel\\framework\\src\\Illuminate\\Pipeline\\Pipeline.php(180): App\\Http\\Middleware\\RequireChangePassword->handle(Object(Illuminate\\Http\\Request), Object(Closure))
#17 C:\\Users\\komal\\OneDrive\\Desktop\\roamiodeals_T\\roamiodeals\\app\\Http\\Middleware\\SetLanguageForAdmin.php(37): Illuminate\\Pipeline\\Pipeline->Illuminate\\Pipeline\\{closure}(Object(Illuminate\\Http\\Request))
#18 C:\\Users\\komal\\OneDrive\\Desktop\\roamiodeals_T\\roamiodeals\\vendor\\laravel\\framework\\src\\Illuminate\\Pipeline\\Pipeline.php(180): App\\Http\\Middleware\\SetLanguageForAdmin->handle(Object(Illuminate\\Http\\Request), Object(Closure))
#19 C:\\Users\\komal\\OneDrive\\Desktop\\roamiodeals_T\\roamiodeals\\app\\Http\\Middleware\\SetCurrentCurrency.php(48): Illuminate\\Pipeline\\Pipeline->Illuminate\\Pipeline\\{closure}(Object(Illuminate\\Http\\Request))
#20 C:\\Users\\komal\\OneDrive\\Desktop\\roamiodeals_T\\roamiodeals\\vendor\\laravel\\framework\\src\\Illuminate\\Pipeline\\Pipeline.php(180): App\\Http\\Middleware\\SetCurrentCurrency->handle(Object(Illuminate\\Http\\Request), Object(Closure))
#21 C:\\Users\\komal\\OneDrive\\Desktop\\roamiodeals_T\\roamiodeals\\app\\Http\\Middleware\\HideDebugbar.php(32): Illuminate\\Pipeline\\Pipeline->Illuminate\\Pipeline\\{closure}(Object(Illuminate\\Http\\Request))
#22 C:\\Users\\komal\\OneDrive\\Desktop\\roamiodeals_T\\roamiodeals\\vendor\\laravel\\framework\\src\\Illuminate\\Pipeline\\Pipeline.php(180): App\\Http\\Middleware\\HideDebugbar->handle(Object(Illuminate\\Http\\Request), Object(Closure))
#23 C:\\Users\\komal\\OneDrive\\Desktop\\roamiodeals_T\\roamiodeals\\app\\Http\\Middleware\\RedirectForMultiLanguage.php(58): Illuminate\\Pipeline\\Pipeline->Illuminate\\Pipeline\\{closure}(Object(Illuminate\\Http\\Request))
#24 C:\\Users\\komal\\OneDrive\\Desktop\\roamiodeals_T\\roamiodeals\\vendor\\laravel\\framework\\src\\Illuminate\\Pipeline\\Pipeline.php(180): App\\Http\\Middleware\\RedirectForMultiLanguage->handle(Object(Illuminate\\Http\\Request), Object(Closure))
#25 C:\\Users\\komal\\OneDrive\\Desktop\\roamiodeals_T\\roamiodeals\\vendor\\laravel\\framework\\src\\Illuminate\\Routing\\Middleware\\SubstituteBindings.php(50): Illuminate\\Pipeline\\Pipeline->Illuminate\\Pipeline\\{closure}(Object(Illuminate\\Http\\Request))
#26 C:\\Users\\komal\\OneDrive\\Desktop\\roamiodeals_T\\roamiodeals\\vendor\\laravel\\framework\\src\\Illuminate\\Pipeline\\Pipeline.php(180): Illuminate\\Routing\\Middleware\\SubstituteBindings->handle(Object(Illuminate\\Http\\Request), Object(Closure))
#27 C:\\Users\\komal\\OneDrive\\Desktop\\roamiodeals_T\\roamiodeals\\vendor\\laravel\\framework\\src\\Illuminate\\Foundation\\Http\\Middleware\\VerifyCsrfToken.php(78): Illuminate\\Pipeline\\Pipeline->Illuminate\\Pipeline\\{closure}(Object(Illuminate\\Http\\Request))
#28 C:\\Users\\komal\\OneDrive\\Desktop\\roamiodeals_T\\roamiodeals\\vendor\\laravel\\framework\\src\\Illuminate\\Pipeline\\Pipeline.php(180): Illuminate\\Foundation\\Http\\Middleware\\VerifyCsrfToken->handle(Object(Illuminate\\Http\\Request), Object(Closure))
#29 C:\\Users\\komal\\OneDrive\\Desktop\\roamiodeals_T\\roamiodeals\\vendor\\laravel\\framework\\src\\Illuminate\\View\\Middleware\\ShareErrorsFromSession.php(49): Illuminate\\Pipeline\\Pipeline->Illuminate\\Pipeline\\{closure}(Object(Illuminate\\Http\\Request))
#30 C:\\Users\\komal\\OneDrive\\Desktop\\roamiodeals_T\\roamiodeals\\vendor\\laravel\\framework\\src\\Illuminate\\Pipeline\\Pipeline.php(180): Illuminate\\View\\Middleware\\ShareErrorsFromSession->handle(Object(Illuminate\\Http\\Request), Object(Closure))
#31 C:\\Users\\komal\\OneDrive\\Desktop\\roamiodeals_T\\roamiodeals\\vendor\\laravel\\framework\\src\\Illuminate\\Session\\Middleware\\StartSession.php(121): Illuminate\\Pipeline\\Pipeline->Illuminate\\Pipeline\\{closure}(Object(Illuminate\\Http\\Request))
#32 C:\\Users\\komal\\OneDrive\\Desktop\\roamiodeals_T\\roamiodeals\\vendor\\laravel\\framework\\src\\Illuminate\\Session\\Middleware\\StartSession.php(64): Illuminate\\Session\\Middleware\\StartSession->handleStatefulRequest(Object(Illuminate\\Http\\Request), Object(Illuminate\\Session\\Store), Object(Closure))
#33 C:\\Users\\komal\\OneDrive\\Desktop\\roamiodeals_T\\roamiodeals\\vendor\\laravel\\framework\\src\\Illuminate\\Pipeline\\Pipeline.php(180): Illuminate\\Session\\Middleware\\StartSession->handle(Object(Illuminate\\Http\\Request), Object(Closure))
#34 C:\\Users\\komal\\OneDrive\\Desktop\\roamiodeals_T\\roamiodeals\\vendor\\laravel\\framework\\src\\Illuminate\\Cookie\\Middleware\\AddQueuedCookiesToResponse.php(37): Illuminate\\Pipeline\\Pipeline->Illuminate\\Pipeline\\{closure}(Object(Illuminate\\Http\\Request))
#35 C:\\Users\\komal\\OneDrive\\Desktop\\roamiodeals_T\\roamiodeals\\vendor\\laravel\\framework\\src\\Illuminate\\Pipeline\\Pipeline.php(180): Illuminate\\Cookie\\Middleware\\AddQueuedCookiesToResponse->handle(Object(Illuminate\\Http\\Request), Object(Closure))
#36 C:\\Users\\komal\\OneDrive\\Desktop\\roamiodeals_T\\roamiodeals\\vendor\\laravel\\framework\\src\\Illuminate\\Cookie\\Middleware\\EncryptCookies.php(67): Illuminate\\Pipeline\\Pipeline->Illuminate\\Pipeline\\{closure}(Object(Illuminate\\Http\\Request))
#37 C:\\Users\\komal\\OneDrive\\Desktop\\roamiodeals_T\\roamiodeals\\vendor\\laravel\\framework\\src\\Illuminate\\Pipeline\\Pipeline.php(180): Illuminate\\Cookie\\Middleware\\EncryptCookies->handle(Object(Illuminate\\Http\\Request), Object(Closure))
#38 C:\\Users\\komal\\OneDrive\\Desktop\\roamiodeals_T\\roamiodeals\\vendor\\laravel\\framework\\src\\Illuminate\\Pipeline\\Pipeline.php(116): Illuminate\\Pipeline\\Pipeline->Illuminate\\Pipeline\\{closure}(Object(Illuminate\\Http\\Request))
#39 C:\\Users\\komal\\OneDrive\\Desktop\\roamiodeals_T\\roamiodeals\\vendor\\laravel\\framework\\src\\Illuminate\\Routing\\Router.php(799): Illuminate\\Pipeline\\Pipeline->then(Object(Closure))
#40 C:\\Users\\komal\\OneDrive\\Desktop\\roamiodeals_T\\roamiodeals\\vendor\\laravel\\framework\\src\\Illuminate\\Routing\\Router.php(776): Illuminate\\Routing\\Router->runRouteWithinStack(Object(Illuminate\\Routing\\Route), Object(Illuminate\\Http\\Request))
#41 C:\\Users\\komal\\OneDrive\\Desktop\\roamiodeals_T\\roamiodeals\\vendor\\laravel\\framework\\src\\Illuminate\\Routing\\Router.php(740): Illuminate\\Routing\\Router->runRoute(Object(Illuminate\\Http\\Request), Object(Illuminate\\Routing\\Route))
#42 C:\\Users\\komal\\OneDrive\\Desktop\\roamiodeals_T\\roamiodeals\\vendor\\laravel\\framework\\src\\Illuminate\\Routing\\Router.php(729): Illuminate\\Routing\\Router->dispatchToRoute(Object(Illuminate\\Http\\Request))
#43 C:\\Users\\komal\\OneDrive\\Desktop\\roamiodeals_T\\roamiodeals\\vendor\\laravel\\framework\\src\\Illuminate\\Foundation\\Http\\Kernel.php(190): Illuminate\\Routing\\Router->dispatch(Object(Illuminate\\Http\\Request))
#44 C:\\Users\\komal\\OneDrive\\Desktop\\roamiodeals_T\\roamiodeals\\vendor\\laravel\\framework\\src\\Illuminate\\Pipeline\\Pipeline.php(141): Illuminate\\Foundation\\Http\\Kernel->Illuminate\\Foundation\\Http\\{closure}(Object(Illuminate\\Http\\Request))
#45 C:\\Users\\komal\\OneDrive\\Desktop\\roamiodeals_T\\roamiodeals\\themes\\Base\\Core\\Middleware\\RunUpdater.php(72): Illuminate\\Pipeline\\Pipeline->Illuminate\\Pipeline\\{closure}(Object(Illuminate\\Http\\Request))
#46 C:\\Users\\komal\\OneDrive\\Desktop\\roamiodeals_T\\roamiodeals\\vendor\\laravel\\framework\\src\\Illuminate\\Pipeline\\Pipeline.php(180): Themes\\Base\\Core\\Middleware\\RunUpdater->handle(Object(Illuminate\\Http\\Request), Object(Closure))
#47 C:\\Users\\komal\\OneDrive\\Desktop\\roamiodeals_T\\roamiodeals\\vendor\\barryvdh\\laravel-debugbar\\src\\Middleware\\InjectDebugbar.php(66): Illuminate\\Pipeline\\Pipeline->Illuminate\\Pipeline\\{closure}(Object(Illuminate\\Http\\Request))
#48 C:\\Users\\komal\\OneDrive\\Desktop\\roamiodeals_T\\roamiodeals\\vendor\\laravel\\framework\\src\\Illuminate\\Pipeline\\Pipeline.php(180): Barryvdh\\Debugbar\\Middleware\\InjectDebugbar->handle(Object(Illuminate\\Http\\Request), Object(Closure))
#49 C:\\Users\\komal\\OneDrive\\Desktop\\roamiodeals_T\\roamiodeals\\vendor\\laravel\\framework\\src\\Illuminate\\Foundation\\Http\\Middleware\\TransformsRequest.php(21): Illuminate\\Pipeline\\Pipeline->Illuminate\\Pipeline\\{closure}(Object(Illuminate\\Http\\Request))
#50 C:\\Users\\komal\\OneDrive\\Desktop\\roamiodeals_T\\roamiodeals\\vendor\\laravel\\framework\\src\\Illuminate\\Foundation\\Http\\Middleware\\ConvertEmptyStringsToNull.php(31): Illuminate\\Foundation\\Http\\Middleware\\TransformsRequest->handle(Object(Illuminate\\Http\\Request), Object(Closure))
#51 C:\\Users\\komal\\OneDrive\\Desktop\\roamiodeals_T\\roamiodeals\\vendor\\laravel\\framework\\src\\Illuminate\\Pipeline\\Pipeline.php(180): Illuminate\\Foundation\\Http\\Middleware\\ConvertEmptyStringsToNull->handle(Object(Illuminate\\Http\\Request), Object(Closure))
#52 C:\\Users\\komal\\OneDrive\\Desktop\\roamiodeals_T\\roamiodeals\\vendor\\laravel\\framework\\src\\Illuminate\\Foundation\\Http\\Middleware\\TransformsRequest.php(21): Illuminate\\Pipeline\\Pipeline->Illuminate\\Pipeline\\{closure}(Object(Illuminate\\Http\\Request))
#53 C:\\Users\\komal\\OneDrive\\Desktop\\roamiodeals_T\\roamiodeals\\vendor\\laravel\\framework\\src\\Illuminate\\Foundation\\Http\\Middleware\\TrimStrings.php(40): Illuminate\\Foundation\\Http\\Middleware\\TransformsRequest->handle(Object(Illuminate\\Http\\Request), Object(Closure))
#54 C:\\Users\\komal\\OneDrive\\Desktop\\roamiodeals_T\\roamiodeals\\vendor\\laravel\\framework\\src\\Illuminate\\Pipeline\\Pipeline.php(180): Illuminate\\Foundation\\Http\\Middleware\\TrimStrings->handle(Object(Illuminate\\Http\\Request), Object(Closure))
#55 C:\\Users\\komal\\OneDrive\\Desktop\\roamiodeals_T\\roamiodeals\\vendor\\laravel\\framework\\src\\Illuminate\\Foundation\\Http\\Middleware\\ValidatePostSize.php(27): Illuminate\\Pipeline\\Pipeline->Illuminate\\Pipeline\\{closure}(Object(Illuminate\\Http\\Request))
#56 C:\\Users\\komal\\OneDrive\\Desktop\\roamiodeals_T\\roamiodeals\\vendor\\laravel\\framework\\src\\Illuminate\\Pipeline\\Pipeline.php(180): Illuminate\\Foundation\\Http\\Middleware\\ValidatePostSize->handle(Object(Illuminate\\Http\\Request), Object(Closure))
#57 C:\\Users\\komal\\OneDrive\\Desktop\\roamiodeals_T\\roamiodeals\\vendor\\laravel\\framework\\src\\Illuminate\\Foundation\\Http\\Middleware\\PreventRequestsDuringMaintenance.php(86): Illuminate\\Pipeline\\Pipeline->Illuminate\\Pipeline\\{closure}(Object(Illuminate\\Http\\Request))
#58 C:\\Users\\komal\\OneDrive\\Desktop\\roamiodeals_T\\roamiodeals\\vendor\\laravel\\framework\\src\\Illuminate\\Pipeline\\Pipeline.php(180): Illuminate\\Foundation\\Http\\Middleware\\PreventRequestsDuringMaintenance->handle(Object(Illuminate\\Http\\Request), Object(Closure))
#59 C:\\Users\\komal\\OneDrive\\Desktop\\roamiodeals_T\\roamiodeals\\vendor\\laravel\\framework\\src\\Illuminate\\Http\\Middleware\\HandleCors.php(49): Illuminate\\Pipeline\\Pipeline->Illuminate\\Pipeline\\{closure}(Object(Illuminate\\Http\\Request))
#60 C:\\Users\\komal\\OneDrive\\Desktop\\roamiodeals_T\\roamiodeals\\vendor\\laravel\\framework\\src\\Illuminate\\Pipeline\\Pipeline.php(180): Illuminate\\Http\\Middleware\\HandleCors->handle(Object(Illuminate\\Http\\Request), Object(Closure))
#61 C:\\Users\\komal\\OneDrive\\Desktop\\roamiodeals_T\\roamiodeals\\app\\Http\\Middleware\\RedirectToInstaller.php(40): Illuminate\\Pipeline\\Pipeline->Illuminate\\Pipeline\\{closure}(Object(Illuminate\\Http\\Request))
#62 C:\\Users\\komal\\OneDrive\\Desktop\\roamiodeals_T\\roamiodeals\\vendor\\laravel\\framework\\src\\Illuminate\\Pipeline\\Pipeline.php(180): App\\Http\\Middleware\\RedirectToInstaller->handle(Object(Illuminate\\Http\\Request), Object(Closure))
#63 C:\\Users\\komal\\OneDrive\\Desktop\\roamiodeals_T\\roamiodeals\\vendor\\laravel\\framework\\src\\Illuminate\\Http\\Middleware\\TrustProxies.php(39): Illuminate\\Pipeline\\Pipeline->Illuminate\\Pipeline\\{closure}(Object(Illuminate\\Http\\Request))
#64 C:\\Users\\komal\\OneDrive\\Desktop\\roamiodeals_T\\roamiodeals\\vendor\\laravel\\framework\\src\\Illuminate\\Pipeline\\Pipeline.php(180): Illuminate\\Http\\Middleware\\TrustProxies->handle(Object(Illuminate\\Http\\Request), Object(Closure))
#65 C:\\Users\\komal\\OneDrive\\Desktop\\roamiodeals_T\\roamiodeals\\vendor\\laravel\\framework\\src\\Illuminate\\Pipeline\\Pipeline.php(116): Illuminate\\Pipeline\\Pipeline->Illuminate\\Pipeline\\{closure}(Object(Illuminate\\Http\\Request))
#66 C:\\Users\\komal\\OneDrive\\Desktop\\roamiodeals_T\\roamiodeals\\vendor\\laravel\\framework\\src\\Illuminate\\Foundation\\Http\\Kernel.php(165): Illuminate\\Pipeline\\Pipeline->then(Object(Closure))
#67 C:\\Users\\komal\\OneDrive\\Desktop\\roamiodeals_T\\roamiodeals\\vendor\\laravel\\framework\\src\\Illuminate\\Foundation\\Http\\Kernel.php(134): Illuminate\\Foundation\\Http\\Kernel->sendRequestThroughRouter(Object(Illuminate\\Http\\Request))
#68 C:\\Users\\komal\\OneDrive\\Desktop\\roamiodeals_T\\roamiodeals\\public\\index.php(72): Illuminate\\Foundation\\Http\\Kernel->handle(Object(Illuminate\\Http\\Request))
#69 C:\\Users\\komal\\OneDrive\\Desktop\\roamiodeals_T\\roamiodeals\\server.php(21): require_once('C:\\\\Users\\\\komal\\\\...')
#70 {main}

[previous exception] [object] (ErrorException(code: 0): Undefined variable $style at C:\\Users\\komal\\OneDrive\\Desktop\\roamiodeals_T\\roamiodeals\\storage\\framework\\views\\1916be71c6360ad20dd5951327b62bcc66046220.php:9)
[stacktrace]
#0 C:\\Users\\komal\\OneDrive\\Desktop\\roamiodeals_T\\roamiodeals\\vendor\\laravel\\framework\\src\\Illuminate\\Foundation\\Bootstrap\\HandleExceptions.php(266): Illuminate\\Foundation\\Bootstrap\\HandleExceptions->handleError(2, 'Undefined varia...', 'C:\\\\Users\\\\komal\\\\...', 9)
#1 C:\\Users\\komal\\OneDrive\\Desktop\\roamiodeals_T\\roamiodeals\\storage\\framework\\views\\1916be71c6360ad20dd5951327b62bcc66046220.php(9): Illuminate\\Foundation\\Bootstrap\\HandleExceptions->Illuminate\\Foundation\\Bootstrap\\{closure}(2, 'Undefined varia...', 'C:\\\\Users\\\\komal\\\\...', 9)
#2 C:\\Users\\komal\\OneDrive\\Desktop\\roamiodeals_T\\roamiodeals\\vendor\\laravel\\framework\\src\\Illuminate\\Filesystem\\Filesystem.php(109): require('C:\\\\Users\\\\komal\\\\...')
#3 C:\\Users\\komal\\OneDrive\\Desktop\\roamiodeals_T\\roamiodeals\\vendor\\laravel\\framework\\src\\Illuminate\\Filesystem\\Filesystem.php(110): Illuminate\\Filesystem\\Filesystem::Illuminate\\Filesystem\\{closure}()
#4 C:\\Users\\komal\\OneDrive\\Desktop\\roamiodeals_T\\roamiodeals\\vendor\\laravel\\framework\\src\\Illuminate\\View\\Engines\\PhpEngine.php(58): Illuminate\\Filesystem\\Filesystem->getRequire('C:\\\\Users\\\\komal\\\\...', Array)
#5 C:\\Users\\komal\\OneDrive\\Desktop\\roamiodeals_T\\roamiodeals\\vendor\\laravel\\framework\\src\\Illuminate\\View\\Engines\\CompilerEngine.php(70): Illuminate\\View\\Engines\\PhpEngine->evaluatePath('C:\\\\Users\\\\komal\\\\...', Array)
#6 C:\\Users\\komal\\OneDrive\\Desktop\\roamiodeals_T\\roamiodeals\\vendor\\laravel\\framework\\src\\Illuminate\\View\\View.php(152): Illuminate\\View\\Engines\\CompilerEngine->get('C:\\\\Users\\\\komal\\\\...', Array)
#7 C:\\Users\\komal\\OneDrive\\Desktop\\roamiodeals_T\\roamiodeals\\vendor\\laravel\\framework\\src\\Illuminate\\View\\View.php(135): Illuminate\\View\\View->getContents()
#8 C:\\Users\\komal\\OneDrive\\Desktop\\roamiodeals_T\\roamiodeals\\vendor\\laravel\\framework\\src\\Illuminate\\View\\View.php(104): Illuminate\\View\\View->renderContents()
#9 C:\\Users\\komal\\OneDrive\\Desktop\\roamiodeals_T\\roamiodeals\\vendor\\laravel\\framework\\src\\Illuminate\\Http\\Response.php(69): Illuminate\\View\\View->render()
#10 C:\\Users\\komal\\OneDrive\\Desktop\\roamiodeals_T\\roamiodeals\\vendor\\laravel\\framework\\src\\Illuminate\\Http\\Response.php(35): Illuminate\\Http\\Response->setContent(Object(Illuminate\\View\\View))
#11 C:\\Users\\komal\\OneDrive\\Desktop\\roamiodeals_T\\roamiodeals\\vendor\\laravel\\framework\\src\\Illuminate\\Routing\\Router.php(906): Illuminate\\Http\\Response->__construct(Object(Illuminate\\View\\View), 200, Array)
#12 C:\\Users\\komal\\OneDrive\\Desktop\\roamiodeals_T\\roamiodeals\\vendor\\laravel\\framework\\src\\Illuminate\\Routing\\Router.php(875): Illuminate\\Routing\\Router::toResponse(Object(Illuminate\\Http\\Request), Object(Illuminate\\View\\View))
#13 C:\\Users\\komal\\OneDrive\\Desktop\\roamiodeals_T\\roamiodeals\\vendor\\laravel\\framework\\src\\Illuminate\\Routing\\Router.php(798): Illuminate\\Routing\\Router->prepareResponse(Object(Illuminate\\Http\\Request), Object(Illuminate\\View\\View))
#14 C:\\Users\\komal\\OneDrive\\Desktop\\roamiodeals_T\\roamiodeals\\vendor\\laravel\\framework\\src\\Illuminate\\Pipeline\\Pipeline.php(141): Illuminate\\Routing\\Router->Illuminate\\Routing\\{closure}(Object(Illuminate\\Http\\Request))
#15 C:\\Users\\komal\\OneDrive\\Desktop\\roamiodeals_T\\roamiodeals\\app\\Http\\Middleware\\RequireChangePassword.php(41): Illuminate\\Pipeline\\Pipeline->Illuminate\\Pipeline\\{closure}(Object(Illuminate\\Http\\Request))
#16 C:\\Users\\komal\\OneDrive\\Desktop\\roamiodeals_T\\roamiodeals\\vendor\\laravel\\framework\\src\\Illuminate\\Pipeline\\Pipeline.php(180): App\\Http\\Middleware\\RequireChangePassword->handle(Object(Illuminate\\Http\\Request), Object(Closure))
#17 C:\\Users\\komal\\OneDrive\\Desktop\\roamiodeals_T\\roamiodeals\\app\\Http\\Middleware\\SetLanguageForAdmin.php(37): Illuminate\\Pipeline\\Pipeline->Illuminate\\Pipeline\\{closure}(Object(Illuminate\\Http\\Request))
#18 C:\\Users\\komal\\OneDrive\\Desktop\\roamiodeals_T\\roamiodeals\\vendor\\laravel\\framework\\src\\Illuminate\\Pipeline\\Pipeline.php(180): App\\Http\\Middleware\\SetLanguageForAdmin->handle(Object(Illuminate\\Http\\Request), Object(Closure))
#19 C:\\Users\\komal\\OneDrive\\Desktop\\roamiodeals_T\\roamiodeals\\app\\Http\\Middleware\\SetCurrentCurrency.php(48): Illuminate\\Pipeline\\Pipeline->Illuminate\\Pipeline\\{closure}(Object(Illuminate\\Http\\Request))
#20 C:\\Users\\komal\\OneDrive\\Desktop\\roamiodeals_T\\roamiodeals\\vendor\\laravel\\framework\\src\\Illuminate\\Pipeline\\Pipeline.php(180): App\\Http\\Middleware\\SetCurrentCurrency->handle(Object(Illuminate\\Http\\Request), Object(Closure))
#21 C:\\Users\\komal\\OneDrive\\Desktop\\roamiodeals_T\\roamiodeals\\app\\Http\\Middleware\\HideDebugbar.php(32): Illuminate\\Pipeline\\Pipeline->Illuminate\\Pipeline\\{closure}(Object(Illuminate\\Http\\Request))
#22 C:\\Users\\komal\\OneDrive\\Desktop\\roamiodeals_T\\roamiodeals\\vendor\\laravel\\framework\\src\\Illuminate\\Pipeline\\Pipeline.php(180): App\\Http\\Middleware\\HideDebugbar->handle(Object(Illuminate\\Http\\Request), Object(Closure))
#23 C:\\Users\\komal\\OneDrive\\Desktop\\roamiodeals_T\\roamiodeals\\app\\Http\\Middleware\\RedirectForMultiLanguage.php(58): Illuminate\\Pipeline\\Pipeline->Illuminate\\Pipeline\\{closure}(Object(Illuminate\\Http\\Request))
#24 C:\\Users\\komal\\OneDrive\\Desktop\\roamiodeals_T\\roamiodeals\\vendor\\laravel\\framework\\src\\Illuminate\\Pipeline\\Pipeline.php(180): App\\Http\\Middleware\\RedirectForMultiLanguage->handle(Object(Illuminate\\Http\\Request), Object(Closure))
#25 C:\\Users\\komal\\OneDrive\\Desktop\\roamiodeals_T\\roamiodeals\\vendor\\laravel\\framework\\src\\Illuminate\\Routing\\Middleware\\SubstituteBindings.php(50): Illuminate\\Pipeline\\Pipeline->Illuminate\\Pipeline\\{closure}(Object(Illuminate\\Http\\Request))
#26 C:\\Users\\komal\\OneDrive\\Desktop\\roamiodeals_T\\roamiodeals\\vendor\\laravel\\framework\\src\\Illuminate\\Pipeline\\Pipeline.php(180): Illuminate\\Routing\\Middleware\\SubstituteBindings->handle(Object(Illuminate\\Http\\Request), Object(Closure))
#27 C:\\Users\\komal\\OneDrive\\Desktop\\roamiodeals_T\\roamiodeals\\vendor\\laravel\\framework\\src\\Illuminate\\Foundation\\Http\\Middleware\\VerifyCsrfToken.php(78): Illuminate\\Pipeline\\Pipeline->Illuminate\\Pipeline\\{closure}(Object(Illuminate\\Http\\Request))
#28 C:\\Users\\komal\\OneDrive\\Desktop\\roamiodeals_T\\roamiodeals\\vendor\\laravel\\framework\\src\\Illuminate\\Pipeline\\Pipeline.php(180): Illuminate\\Foundation\\Http\\Middleware\\VerifyCsrfToken->handle(Object(Illuminate\\Http\\Request), Object(Closure))
#29 C:\\Users\\komal\\OneDrive\\Desktop\\roamiodeals_T\\roamiodeals\\vendor\\laravel\\framework\\src\\Illuminate\\View\\Middleware\\ShareErrorsFromSession.php(49): Illuminate\\Pipeline\\Pipeline->Illuminate\\Pipeline\\{closure}(Object(Illuminate\\Http\\Request))
#30 C:\\Users\\komal\\OneDrive\\Desktop\\roamiodeals_T\\roamiodeals\\vendor\\laravel\\framework\\src\\Illuminate\\Pipeline\\Pipeline.php(180): Illuminate\\View\\Middleware\\ShareErrorsFromSession->handle(Object(Illuminate\\Http\\Request), Object(Closure))
#31 C:\\Users\\komal\\OneDrive\\Desktop\\roamiodeals_T\\roamiodeals\\vendor\\laravel\\framework\\src\\Illuminate\\Session\\Middleware\\StartSession.php(121): Illuminate\\Pipeline\\Pipeline->Illuminate\\Pipeline\\{closure}(Object(Illuminate\\Http\\Request))
#32 C:\\Users\\komal\\OneDrive\\Desktop\\roamiodeals_T\\roamiodeals\\vendor\\laravel\\framework\\src\\Illuminate\\Session\\Middleware\\StartSession.php(64): Illuminate\\Session\\Middleware\\StartSession->handleStatefulRequest(Object(Illuminate\\Http\\Request), Object(Illuminate\\Session\\Store), Object(Closure))
#33 C:\\Users\\komal\\OneDrive\\Desktop\\roamiodeals_T\\roamiodeals\\vendor\\laravel\\framework\\src\\Illuminate\\Pipeline\\Pipeline.php(180): Illuminate\\Session\\Middleware\\StartSession->handle(Object(Illuminate\\Http\\Request), Object(Closure))
#34 C:\\Users\\komal\\OneDrive\\Desktop\\roamiodeals_T\\roamiodeals\\vendor\\laravel\\framework\\src\\Illuminate\\Cookie\\Middleware\\AddQueuedCookiesToResponse.php(37): Illuminate\\Pipeline\\Pipeline->Illuminate\\Pipeline\\{closure}(Object(Illuminate\\Http\\Request))
#35 C:\\Users\\komal\\OneDrive\\Desktop\\roamiodeals_T\\roamiodeals\\vendor\\laravel\\framework\\src\\Illuminate\\Pipeline\\Pipeline.php(180): Illuminate\\Cookie\\Middleware\\AddQueuedCookiesToResponse->handle(Object(Illuminate\\Http\\Request), Object(Closure))
#36 C:\\Users\\komal\\OneDrive\\Desktop\\roamiodeals_T\\roamiodeals\\vendor\\laravel\\framework\\src\\Illuminate\\Cookie\\Middleware\\EncryptCookies.php(67): Illuminate\\Pipeline\\Pipeline->Illuminate\\Pipeline\\{closure}(Object(Illuminate\\Http\\Request))
#37 C:\\Users\\komal\\OneDrive\\Desktop\\roamiodeals_T\\roamiodeals\\vendor\\laravel\\framework\\src\\Illuminate\\Pipeline\\Pipeline.php(180): Illuminate\\Cookie\\Middleware\\EncryptCookies->handle(Object(Illuminate\\Http\\Request), Object(Closure))
#38 C:\\Users\\komal\\OneDrive\\Desktop\\roamiodeals_T\\roamiodeals\\vendor\\laravel\\framework\\src\\Illuminate\\Pipeline\\Pipeline.php(116): Illuminate\\Pipeline\\Pipeline->Illuminate\\Pipeline\\{closure}(Object(Illuminate\\Http\\Request))
#39 C:\\Users\\komal\\OneDrive\\Desktop\\roamiodeals_T\\roamiodeals\\vendor\\laravel\\framework\\src\\Illuminate\\Routing\\Router.php(799): Illuminate\\Pipeline\\Pipeline->then(Object(Closure))
#40 C:\\Users\\komal\\OneDrive\\Desktop\\roamiodeals_T\\roamiodeals\\vendor\\laravel\\framework\\src\\Illuminate\\Routing\\Router.php(776): Illuminate\\Routing\\Router->runRouteWithinStack(Object(Illuminate\\Routing\\Route), Object(Illuminate\\Http\\Request))
#41 C:\\Users\\komal\\OneDrive\\Desktop\\roamiodeals_T\\roamiodeals\\vendor\\laravel\\framework\\src\\Illuminate\\Routing\\Router.php(740): Illuminate\\Routing\\Router->runRoute(Object(Illuminate\\Http\\Request), Object(Illuminate\\Routing\\Route))
#42 C:\\Users\\komal\\OneDrive\\Desktop\\roamiodeals_T\\roamiodeals\\vendor\\laravel\\framework\\src\\Illuminate\\Routing\\Router.php(729): Illuminate\\Routing\\Router->dispatchToRoute(Object(Illuminate\\Http\\Request))
#43 C:\\Users\\komal\\OneDrive\\Desktop\\roamiodeals_T\\roamiodeals\\vendor\\laravel\\framework\\src\\Illuminate\\Foundation\\Http\\Kernel.php(190): Illuminate\\Routing\\Router->dispatch(Object(Illuminate\\Http\\Request))
#44 C:\\Users\\komal\\OneDrive\\Desktop\\roamiodeals_T\\roamiodeals\\vendor\\laravel\\framework\\src\\Illuminate\\Pipeline\\Pipeline.php(141): Illuminate\\Foundation\\Http\\Kernel->Illuminate\\Foundation\\Http\\{closure}(Object(Illuminate\\Http\\Request))
#45 C:\\Users\\komal\\OneDrive\\Desktop\\roamiodeals_T\\roamiodeals\\themes\\Base\\Core\\Middleware\\RunUpdater.php(72): Illuminate\\Pipeline\\Pipeline->Illuminate\\Pipeline\\{closure}(Object(Illuminate\\Http\\Request))
#46 C:\\Users\\komal\\OneDrive\\Desktop\\roamiodeals_T\\roamiodeals\\vendor\\laravel\\framework\\src\\Illuminate\\Pipeline\\Pipeline.php(180): Themes\\Base\\Core\\Middleware\\RunUpdater->handle(Object(Illuminate\\Http\\Request), Object(Closure))
#47 C:\\Users\\komal\\OneDrive\\Desktop\\roamiodeals_T\\roamiodeals\\vendor\\barryvdh\\laravel-debugbar\\src\\Middleware\\InjectDebugbar.php(66): Illuminate\\Pipeline\\Pipeline->Illuminate\\Pipeline\\{closure}(Object(Illuminate\\Http\\Request))
#48 C:\\Users\\komal\\OneDrive\\Desktop\\roamiodeals_T\\roamiodeals\\vendor\\laravel\\framework\\src\\Illuminate\\Pipeline\\Pipeline.php(180): Barryvdh\\Debugbar\\Middleware\\InjectDebugbar->handle(Object(Illuminate\\Http\\Request), Object(Closure))
#49 C:\\Users\\komal\\OneDrive\\Desktop\\roamiodeals_T\\roamiodeals\\vendor\\laravel\\framework\\src\\Illuminate\\Foundation\\Http\\Middleware\\TransformsRequest.php(21): Illuminate\\Pipeline\\Pipeline->Illuminate\\Pipeline\\{closure}(Object(Illuminate\\Http\\Request))
#50 C:\\Users\\komal\\OneDrive\\Desktop\\roamiodeals_T\\roamiodeals\\vendor\\laravel\\framework\\src\\Illuminate\\Foundation\\Http\\Middleware\\ConvertEmptyStringsToNull.php(31): Illuminate\\Foundation\\Http\\Middleware\\TransformsRequest->handle(Object(Illuminate\\Http\\Request), Object(Closure))
#51 C:\\Users\\komal\\OneDrive\\Desktop\\roamiodeals_T\\roamiodeals\\vendor\\laravel\\framework\\src\\Illuminate\\Pipeline\\Pipeline.php(180): Illuminate\\Foundation\\Http\\Middleware\\ConvertEmptyStringsToNull->handle(Object(Illuminate\\Http\\Request), Object(Closure))
#52 C:\\Users\\komal\\OneDrive\\Desktop\\roamiodeals_T\\roamiodeals\\vendor\\laravel\\framework\\src\\Illuminate\\Foundation\\Http\\Middleware\\TransformsRequest.php(21): Illuminate\\Pipeline\\Pipeline->Illuminate\\Pipeline\\{closure}(Object(Illuminate\\Http\\Request))
#53 C:\\Users\\komal\\OneDrive\\Desktop\\roamiodeals_T\\roamiodeals\\vendor\\laravel\\framework\\src\\Illuminate\\Foundation\\Http\\Middleware\\TrimStrings.php(40): Illuminate\\Foundation\\Http\\Middleware\\TransformsRequest->handle(Object(Illuminate\\Http\\Request), Object(Closure))
#54 C:\\Users\\komal\\OneDrive\\Desktop\\roamiodeals_T\\roamiodeals\\vendor\\laravel\\framework\\src\\Illuminate\\Pipeline\\Pipeline.php(180): Illuminate\\Foundation\\Http\\Middleware\\TrimStrings->handle(Object(Illuminate\\Http\\Request), Object(Closure))
#55 C:\\Users\\komal\\OneDrive\\Desktop\\roamiodeals_T\\roamiodeals\\vendor\\laravel\\framework\\src\\Illuminate\\Foundation\\Http\\Middleware\\ValidatePostSize.php(27): Illuminate\\Pipeline\\Pipeline->Illuminate\\Pipeline\\{closure}(Object(Illuminate\\Http\\Request))
#56 C:\\Users\\komal\\OneDrive\\Desktop\\roamiodeals_T\\roamiodeals\\vendor\\laravel\\framework\\src\\Illuminate\\Pipeline\\Pipeline.php(180): Illuminate\\Foundation\\Http\\Middleware\\ValidatePostSize->handle(Object(Illuminate\\Http\\Request), Object(Closure))
#57 C:\\Users\\komal\\OneDrive\\Desktop\\roamiodeals_T\\roamiodeals\\vendor\\laravel\\framework\\src\\Illuminate\\Foundation\\Http\\Middleware\\PreventRequestsDuringMaintenance.php(86): Illuminate\\Pipeline\\Pipeline->Illuminate\\Pipeline\\{closure}(Object(Illuminate\\Http\\Request))
#58 C:\\Users\\komal\\OneDrive\\Desktop\\roamiodeals_T\\roamiodeals\\vendor\\laravel\\framework\\src\\Illuminate\\Pipeline\\Pipeline.php(180): Illuminate\\Foundation\\Http\\Middleware\\PreventRequestsDuringMaintenance->handle(Object(Illuminate\\Http\\Request), Object(Closure))
#59 C:\\Users\\komal\\OneDrive\\Desktop\\roamiodeals_T\\roamiodeals\\vendor\\laravel\\framework\\src\\Illuminate\\Http\\Middleware\\HandleCors.php(49): Illuminate\\Pipeline\\Pipeline->Illuminate\\Pipeline\\{closure}(Object(Illuminate\\Http\\Request))
#60 C:\\Users\\komal\\OneDrive\\Desktop\\roamiodeals_T\\roamiodeals\\vendor\\laravel\\framework\\src\\Illuminate\\Pipeline\\Pipeline.php(180): Illuminate\\Http\\Middleware\\HandleCors->handle(Object(Illuminate\\Http\\Request), Object(Closure))
#61 C:\\Users\\komal\\OneDrive\\Desktop\\roamiodeals_T\\roamiodeals\\app\\Http\\Middleware\\RedirectToInstaller.php(40): Illuminate\\Pipeline\\Pipeline->Illuminate\\Pipeline\\{closure}(Object(Illuminate\\Http\\Request))
#62 C:\\Users\\komal\\OneDrive\\Desktop\\roamiodeals_T\\roamiodeals\\vendor\\laravel\\framework\\src\\Illuminate\\Pipeline\\Pipeline.php(180): App\\Http\\Middleware\\RedirectToInstaller->handle(Object(Illuminate\\Http\\Request), Object(Closure))
#63 C:\\Users\\komal\\OneDrive\\Desktop\\roamiodeals_T\\roamiodeals\\vendor\\laravel\\framework\\src\\Illuminate\\Http\\Middleware\\TrustProxies.php(39): Illuminate\\Pipeline\\Pipeline->Illuminate\\Pipeline\\{closure}(Object(Illuminate\\Http\\Request))
#64 C:\\Users\\komal\\OneDrive\\Desktop\\roamiodeals_T\\roamiodeals\\vendor\\laravel\\framework\\src\\Illuminate\\Pipeline\\Pipeline.php(180): Illuminate\\Http\\Middleware\\TrustProxies->handle(Object(Illuminate\\Http\\Request), Object(Closure))
#65 C:\\Users\\komal\\OneDrive\\Desktop\\roamiodeals_T\\roamiodeals\\vendor\\laravel\\framework\\src\\Illuminate\\Pipeline\\Pipeline.php(116): Illuminate\\Pipeline\\Pipeline->Illuminate\\Pipeline\\{closure}(Object(Illuminate\\Http\\Request))
#66 C:\\Users\\komal\\OneDrive\\Desktop\\roamiodeals_T\\roamiodeals\\vendor\\laravel\\framework\\src\\Illuminate\\Foundation\\Http\\Kernel.php(165): Illuminate\\Pipeline\\Pipeline->then(Object(Closure))
#67 C:\\Users\\komal\\OneDrive\\Desktop\\roamiodeals_T\\roamiodeals\\vendor\\laravel\\framework\\src\\Illuminate\\Foundation\\Http\\Kernel.php(134): Illuminate\\Foundation\\Http\\Kernel->sendRequestThroughRouter(Object(Illuminate\\Http\\Request))
#68 C:\\Users\\komal\\OneDrive\\Desktop\\roamiodeals_T\\roamiodeals\\public\\index.php(72): Illuminate\\Foundation\\Http\\Kernel->handle(Object(Illuminate\\Http\\Request))
#69 C:\\Users\\komal\\OneDrive\\Desktop\\roamiodeals_T\\roamiodeals\\server.php(21): require_once('C:\\\\Users\\\\komal\\\\...')
#70 {main}
"} 
