[2023-05-28 18:27:11] production.ERROR: Route [event.admin.edietbanner] not defined. {"view":{"view":"/home/u533143048/domains/techdocklabs.com/public_html/roamiodeals/modules/Event/Views/admin/banner.blade.php","data":[]},"userId":1,"exception":"[object] (Spatie\\LaravelIgnition\\Exceptions\\ViewException(code: 0): Route [event.admin.edietbanner] not defined. at /home/u533143048/domains/techdocklabs.com/public_html/roamiodeals/vendor/laravel/framework/src/Illuminate/Routing/UrlGenerator.php:467)
[stacktrace]
#0 /home/u533143048/domains/techdocklabs.com/public_html/roamiodeals/vendor/laravel/framework/src/Illuminate/Foundation/helpers.php(822): Illuminate\\Routing\\UrlGenerator->route()
#1 /home/u533143048/domains/techdocklabs.com/public_html/roamiodeals/modules/Event/Views/admin/banner.blade.php(37): route()
#2 /home/u533143048/domains/techdocklabs.com/public_html/roamiodeals/vendor/laravel/framework/src/Illuminate/Filesystem/Filesystem.php(109): require('/home/u53314304...')
#3 /home/u533143048/domains/techdocklabs.com/public_html/roamiodeals/vendor/laravel/framework/src/Illuminate/Filesystem/Filesystem.php(110): Illuminate\\Filesystem\\Filesystem::Illuminate\\Filesystem\\{closure}()
#4 /home/u533143048/domains/techdocklabs.com/public_html/roamiodeals/vendor/laravel/framework/src/Illuminate/View/Engines/PhpEngine.php(58): Illuminate\\Filesystem\\Filesystem->getRequire()
#5 /home/u533143048/domains/techdocklabs.com/public_html/roamiodeals/vendor/laravel/framework/src/Illuminate/View/Engines/CompilerEngine.php(70): Illuminate\\View\\Engines\\PhpEngine->evaluatePath()
#6 /home/u533143048/domains/techdocklabs.com/public_html/roamiodeals/vendor/laravel/framework/src/Illuminate/View/View.php(152): Illuminate\\View\\Engines\\CompilerEngine->get()
#7 /home/u533143048/domains/techdocklabs.com/public_html/roamiodeals/vendor/laravel/framework/src/Illuminate/View/View.php(135): Illuminate\\View\\View->getContents()
#8 /home/u533143048/domains/techdocklabs.com/public_html/roamiodeals/vendor/laravel/framework/src/Illuminate/View/View.php(104): Illuminate\\View\\View->renderContents()
#9 /home/u533143048/domains/techdocklabs.com/public_html/roamiodeals/vendor/laravel/framework/src/Illuminate/Http/Response.php(69): Illuminate\\View\\View->render()
#10 /home/u533143048/domains/techdocklabs.com/public_html/roamiodeals/vendor/laravel/framework/src/Illuminate/Http/Response.php(35): Illuminate\\Http\\Response->setContent()
#11 /home/u533143048/domains/techdocklabs.com/public_html/roamiodeals/vendor/laravel/framework/src/Illuminate/Routing/Router.php(906): Illuminate\\Http\\Response->__construct()
#12 /home/u533143048/domains/techdocklabs.com/public_html/roamiodeals/vendor/laravel/framework/src/Illuminate/Routing/Router.php(875): Illuminate\\Routing\\Router::toResponse()
#13 /home/u533143048/domains/techdocklabs.com/public_html/roamiodeals/vendor/laravel/framework/src/Illuminate/Routing/Router.php(798): Illuminate\\Routing\\Router->prepareResponse()
#14 /home/u533143048/domains/techdocklabs.com/public_html/roamiodeals/vendor/laravel/framework/src/Illuminate/Pipeline/Pipeline.php(141): Illuminate\\Routing\\Router->Illuminate\\Routing\\{closure}()
#15 /home/u533143048/domains/techdocklabs.com/public_html/roamiodeals/app/Http/Middleware/Dashboard.php(25): Illuminate\\Pipeline\\Pipeline->Illuminate\\Pipeline\\{closure}()
#16 /home/u533143048/domains/techdocklabs.com/public_html/roamiodeals/vendor/laravel/framework/src/Illuminate/Pipeline/Pipeline.php(180): App\\Http\\Middleware\\Dashboard->handle()
#17 /home/u533143048/domains/techdocklabs.com/public_html/roamiodeals/app/Http/Middleware/RequireChangePassword.php(41): Illuminate\\Pipeline\\Pipeline->Illuminate\\Pipeline\\{closure}()
#18 /home/u533143048/domains/techdocklabs.com/public_html/roamiodeals/vendor/laravel/framework/src/Illuminate/Pipeline/Pipeline.php(180): App\\Http\\Middleware\\RequireChangePassword->handle()
#19 /home/u533143048/domains/techdocklabs.com/public_html/roamiodeals/app/Http/Middleware/SetLanguageForAdmin.php(37): Illuminate\\Pipeline\\Pipeline->Illuminate\\Pipeline\\{closure}()
#20 /home/u533143048/domains/techdocklabs.com/public_html/roamiodeals/vendor/laravel/framework/src/Illuminate/Pipeline/Pipeline.php(180): App\\Http\\Middleware\\SetLanguageForAdmin->handle()
#21 /home/u533143048/domains/techdocklabs.com/public_html/roamiodeals/app/Http/Middleware/SetCurrentCurrency.php(48): Illuminate\\Pipeline\\Pipeline->Illuminate\\Pipeline\\{closure}()
#22 /home/u533143048/domains/techdocklabs.com/public_html/roamiodeals/vendor/laravel/framework/src/Illuminate/Pipeline/Pipeline.php(180): App\\Http\\Middleware\\SetCurrentCurrency->handle()
#23 /home/u533143048/domains/techdocklabs.com/public_html/roamiodeals/app/Http/Middleware/HideDebugbar.php(32): Illuminate\\Pipeline\\Pipeline->Illuminate\\Pipeline\\{closure}()
#24 /home/u533143048/domains/techdocklabs.com/public_html/roamiodeals/vendor/laravel/framework/src/Illuminate/Pipeline/Pipeline.php(180): App\\Http\\Middleware\\HideDebugbar->handle()
#25 /home/u533143048/domains/techdocklabs.com/public_html/roamiodeals/app/Http/Middleware/RedirectForMultiLanguage.php(58): Illuminate\\Pipeline\\Pipeline->Illuminate\\Pipeline\\{closure}()
#26 /home/u533143048/domains/techdocklabs.com/public_html/roamiodeals/vendor/laravel/framework/src/Illuminate/Pipeline/Pipeline.php(180): App\\Http\\Middleware\\RedirectForMultiLanguage->handle()
#27 /home/u533143048/domains/techdocklabs.com/public_html/roamiodeals/vendor/laravel/framework/src/Illuminate/Routing/Middleware/SubstituteBindings.php(50): Illuminate\\Pipeline\\Pipeline->Illuminate\\Pipeline\\{closure}()
#28 /home/u533143048/domains/techdocklabs.com/public_html/roamiodeals/vendor/laravel/framework/src/Illuminate/Pipeline/Pipeline.php(180): Illuminate\\Routing\\Middleware\\SubstituteBindings->handle()
#29 /home/u533143048/domains/techdocklabs.com/public_html/roamiodeals/vendor/laravel/framework/src/Illuminate/Foundation/Http/Middleware/VerifyCsrfToken.php(78): Illuminate\\Pipeline\\Pipeline->Illuminate\\Pipeline\\{closure}()
#30 /home/u533143048/domains/techdocklabs.com/public_html/roamiodeals/vendor/laravel/framework/src/Illuminate/Pipeline/Pipeline.php(180): Illuminate\\Foundation\\Http\\Middleware\\VerifyCsrfToken->handle()
#31 /home/u533143048/domains/techdocklabs.com/public_html/roamiodeals/vendor/laravel/framework/src/Illuminate/View/Middleware/ShareErrorsFromSession.php(49): Illuminate\\Pipeline\\Pipeline->Illuminate\\Pipeline\\{closure}()
#32 /home/u533143048/domains/techdocklabs.com/public_html/roamiodeals/vendor/laravel/framework/src/Illuminate/Pipeline/Pipeline.php(180): Illuminate\\View\\Middleware\\ShareErrorsFromSession->handle()
#33 /home/u533143048/domains/techdocklabs.com/public_html/roamiodeals/vendor/laravel/framework/src/Illuminate/Session/Middleware/StartSession.php(121): Illuminate\\Pipeline\\Pipeline->Illuminate\\Pipeline\\{closure}()
#34 /home/u533143048/domains/techdocklabs.com/public_html/roamiodeals/vendor/laravel/framework/src/Illuminate/Session/Middleware/StartSession.php(64): Illuminate\\Session\\Middleware\\StartSession->handleStatefulRequest()
#35 /home/u533143048/domains/techdocklabs.com/public_html/roamiodeals/vendor/laravel/framework/src/Illuminate/Pipeline/Pipeline.php(180): Illuminate\\Session\\Middleware\\StartSession->handle()
#36 /home/u533143048/domains/techdocklabs.com/public_html/roamiodeals/vendor/laravel/framework/src/Illuminate/Cookie/Middleware/AddQueuedCookiesToResponse.php(37): Illuminate\\Pipeline\\Pipeline->Illuminate\\Pipeline\\{closure}()
#37 /home/u533143048/domains/techdocklabs.com/public_html/roamiodeals/vendor/laravel/framework/src/Illuminate/Pipeline/Pipeline.php(180): Illuminate\\Cookie\\Middleware\\AddQueuedCookiesToResponse->handle()
#38 /home/u533143048/domains/techdocklabs.com/public_html/roamiodeals/vendor/laravel/framework/src/Illuminate/Cookie/Middleware/EncryptCookies.php(67): Illuminate\\Pipeline\\Pipeline->Illuminate\\Pipeline\\{closure}()
#39 /home/u533143048/domains/techdocklabs.com/public_html/roamiodeals/vendor/laravel/framework/src/Illuminate/Pipeline/Pipeline.php(180): Illuminate\\Cookie\\Middleware\\EncryptCookies->handle()
#40 /home/u533143048/domains/techdocklabs.com/public_html/roamiodeals/vendor/laravel/framework/src/Illuminate/Pipeline/Pipeline.php(116): Illuminate\\Pipeline\\Pipeline->Illuminate\\Pipeline\\{closure}()
#41 /home/u533143048/domains/techdocklabs.com/public_html/roamiodeals/vendor/laravel/framework/src/Illuminate/Routing/Router.php(799): Illuminate\\Pipeline\\Pipeline->then()
#42 /home/u533143048/domains/techdocklabs.com/public_html/roamiodeals/vendor/laravel/framework/src/Illuminate/Routing/Router.php(776): Illuminate\\Routing\\Router->runRouteWithinStack()
#43 /home/u533143048/domains/techdocklabs.com/public_html/roamiodeals/vendor/laravel/framework/src/Illuminate/Routing/Router.php(740): Illuminate\\Routing\\Router->runRoute()
#44 /home/u533143048/domains/techdocklabs.com/public_html/roamiodeals/vendor/laravel/framework/src/Illuminate/Routing/Router.php(729): Illuminate\\Routing\\Router->dispatchToRoute()
#45 /home/u533143048/domains/techdocklabs.com/public_html/roamiodeals/vendor/laravel/framework/src/Illuminate/Foundation/Http/Kernel.php(190): Illuminate\\Routing\\Router->dispatch()
#46 /home/u533143048/domains/techdocklabs.com/public_html/roamiodeals/vendor/laravel/framework/src/Illuminate/Pipeline/Pipeline.php(141): Illuminate\\Foundation\\Http\\Kernel->Illuminate\\Foundation\\Http\\{closure}()
#47 /home/u533143048/domains/techdocklabs.com/public_html/roamiodeals/themes/Base/Core/Middleware/RunUpdater.php(72): Illuminate\\Pipeline\\Pipeline->Illuminate\\Pipeline\\{closure}()
#48 /home/u533143048/domains/techdocklabs.com/public_html/roamiodeals/vendor/laravel/framework/src/Illuminate/Pipeline/Pipeline.php(180): Themes\\Base\\Core\\Middleware\\RunUpdater->handle()
#49 /home/u533143048/domains/techdocklabs.com/public_html/roamiodeals/vendor/barryvdh/laravel-debugbar/src/Middleware/InjectDebugbar.php(66): Illuminate\\Pipeline\\Pipeline->Illuminate\\Pipeline\\{closure}()
#50 /home/u533143048/domains/techdocklabs.com/public_html/roamiodeals/vendor/laravel/framework/src/Illuminate/Pipeline/Pipeline.php(180): Barryvdh\\Debugbar\\Middleware\\InjectDebugbar->handle()
#51 /home/u533143048/domains/techdocklabs.com/public_html/roamiodeals/vendor/laravel/framework/src/Illuminate/Foundation/Http/Middleware/TransformsRequest.php(21): Illuminate\\Pipeline\\Pipeline->Illuminate\\Pipeline\\{closure}()
#52 /home/u533143048/domains/techdocklabs.com/public_html/roamiodeals/vendor/laravel/framework/src/Illuminate/Foundation/Http/Middleware/ConvertEmptyStringsToNull.php(31): Illuminate\\Foundation\\Http\\Middleware\\TransformsRequest->handle()
#53 /home/u533143048/domains/techdocklabs.com/public_html/roamiodeals/vendor/laravel/framework/src/Illuminate/Pipeline/Pipeline.php(180): Illuminate\\Foundation\\Http\\Middleware\\ConvertEmptyStringsToNull->handle()
#54 /home/u533143048/domains/techdocklabs.com/public_html/roamiodeals/vendor/laravel/framework/src/Illuminate/Foundation/Http/Middleware/TransformsRequest.php(21): Illuminate\\Pipeline\\Pipeline->Illuminate\\Pipeline\\{closure}()
#55 /home/u533143048/domains/techdocklabs.com/public_html/roamiodeals/vendor/laravel/framework/src/Illuminate/Foundation/Http/Middleware/TrimStrings.php(40): Illuminate\\Foundation\\Http\\Middleware\\TransformsRequest->handle()
#56 /home/u533143048/domains/techdocklabs.com/public_html/roamiodeals/vendor/laravel/framework/src/Illuminate/Pipeline/Pipeline.php(180): Illuminate\\Foundation\\Http\\Middleware\\TrimStrings->handle()
#57 /home/u533143048/domains/techdocklabs.com/public_html/roamiodeals/vendor/laravel/framework/src/Illuminate/Foundation/Http/Middleware/ValidatePostSize.php(27): Illuminate\\Pipeline\\Pipeline->Illuminate\\Pipeline\\{closure}()
#58 /home/u533143048/domains/techdocklabs.com/public_html/roamiodeals/vendor/laravel/framework/src/Illuminate/Pipeline/Pipeline.php(180): Illuminate\\Foundation\\Http\\Middleware\\ValidatePostSize->handle()
#59 /home/u533143048/domains/techdocklabs.com/public_html/roamiodeals/vendor/laravel/framework/src/Illuminate/Foundation/Http/Middleware/PreventRequestsDuringMaintenance.php(86): Illuminate\\Pipeline\\Pipeline->Illuminate\\Pipeline\\{closure}()
#60 /home/u533143048/domains/techdocklabs.com/public_html/roamiodeals/vendor/laravel/framework/src/Illuminate/Pipeline/Pipeline.php(180): Illuminate\\Foundation\\Http\\Middleware\\PreventRequestsDuringMaintenance->handle()
#61 /home/u533143048/domains/techdocklabs.com/public_html/roamiodeals/vendor/laravel/framework/src/Illuminate/Http/Middleware/HandleCors.php(49): Illuminate\\Pipeline\\Pipeline->Illuminate\\Pipeline\\{closure}()
#62 /home/u533143048/domains/techdocklabs.com/public_html/roamiodeals/vendor/laravel/framework/src/Illuminate/Pipeline/Pipeline.php(180): Illuminate\\Http\\Middleware\\HandleCors->handle()
#63 /home/u533143048/domains/techdocklabs.com/public_html/roamiodeals/app/Http/Middleware/RedirectToInstaller.php(40): Illuminate\\Pipeline\\Pipeline->Illuminate\\Pipeline\\{closure}()
#64 /home/u533143048/domains/techdocklabs.com/public_html/roamiodeals/vendor/laravel/framework/src/Illuminate/Pipeline/Pipeline.php(180): App\\Http\\Middleware\\RedirectToInstaller->handle()
#65 /home/u533143048/domains/techdocklabs.com/public_html/roamiodeals/vendor/laravel/framework/src/Illuminate/Http/Middleware/TrustProxies.php(39): Illuminate\\Pipeline\\Pipeline->Illuminate\\Pipeline\\{closure}()
#66 /home/u533143048/domains/techdocklabs.com/public_html/roamiodeals/vendor/laravel/framework/src/Illuminate/Pipeline/Pipeline.php(180): Illuminate\\Http\\Middleware\\TrustProxies->handle()
#67 /home/u533143048/domains/techdocklabs.com/public_html/roamiodeals/vendor/laravel/framework/src/Illuminate/Pipeline/Pipeline.php(116): Illuminate\\Pipeline\\Pipeline->Illuminate\\Pipeline\\{closure}()
#68 /home/u533143048/domains/techdocklabs.com/public_html/roamiodeals/vendor/laravel/framework/src/Illuminate/Foundation/Http/Kernel.php(165): Illuminate\\Pipeline\\Pipeline->then()
#69 /home/u533143048/domains/techdocklabs.com/public_html/roamiodeals/vendor/laravel/framework/src/Illuminate/Foundation/Http/Kernel.php(134): Illuminate\\Foundation\\Http\\Kernel->sendRequestThroughRouter()
#70 /home/u533143048/domains/techdocklabs.com/public_html/roamiodeals/public/index.php(72): Illuminate\\Foundation\\Http\\Kernel->handle()
#71 {main}

[previous exception] [object] (Symfony\\Component\\Routing\\Exception\\RouteNotFoundException(code: 0): Route [event.admin.edietbanner] not defined. at /home/u533143048/domains/techdocklabs.com/public_html/roamiodeals/vendor/laravel/framework/src/Illuminate/Routing/UrlGenerator.php:467)
[stacktrace]
#0 /home/u533143048/domains/techdocklabs.com/public_html/roamiodeals/vendor/laravel/framework/src/Illuminate/Foundation/helpers.php(822): Illuminate\\Routing\\UrlGenerator->route()
#1 /home/u533143048/domains/techdocklabs.com/public_html/roamiodeals/storage/framework/views/ab2f3f1ecd607b1c126733808bffdd9e60a4f585.php(37): route()
#2 /home/u533143048/domains/techdocklabs.com/public_html/roamiodeals/vendor/laravel/framework/src/Illuminate/Filesystem/Filesystem.php(109): require('/home/u53314304...')
#3 /home/u533143048/domains/techdocklabs.com/public_html/roamiodeals/vendor/laravel/framework/src/Illuminate/Filesystem/Filesystem.php(110): Illuminate\\Filesystem\\Filesystem::Illuminate\\Filesystem\\{closure}()
#4 /home/u533143048/domains/techdocklabs.com/public_html/roamiodeals/vendor/laravel/framework/src/Illuminate/View/Engines/PhpEngine.php(58): Illuminate\\Filesystem\\Filesystem->getRequire()
#5 /home/u533143048/domains/techdocklabs.com/public_html/roamiodeals/vendor/laravel/framework/src/Illuminate/View/Engines/CompilerEngine.php(70): Illuminate\\View\\Engines\\PhpEngine->evaluatePath()
#6 /home/u533143048/domains/techdocklabs.com/public_html/roamiodeals/vendor/laravel/framework/src/Illuminate/View/View.php(152): Illuminate\\View\\Engines\\CompilerEngine->get()
#7 /home/u533143048/domains/techdocklabs.com/public_html/roamiodeals/vendor/laravel/framework/src/Illuminate/View/View.php(135): Illuminate\\View\\View->getContents()
#8 /home/u533143048/domains/techdocklabs.com/public_html/roamiodeals/vendor/laravel/framework/src/Illuminate/View/View.php(104): Illuminate\\View\\View->renderContents()
#9 /home/u533143048/domains/techdocklabs.com/public_html/roamiodeals/vendor/laravel/framework/src/Illuminate/Http/Response.php(69): Illuminate\\View\\View->render()
#10 /home/u533143048/domains/techdocklabs.com/public_html/roamiodeals/vendor/laravel/framework/src/Illuminate/Http/Response.php(35): Illuminate\\Http\\Response->setContent()
#11 /home/u533143048/domains/techdocklabs.com/public_html/roamiodeals/vendor/laravel/framework/src/Illuminate/Routing/Router.php(906): Illuminate\\Http\\Response->__construct()
#12 /home/u533143048/domains/techdocklabs.com/public_html/roamiodeals/vendor/laravel/framework/src/Illuminate/Routing/Router.php(875): Illuminate\\Routing\\Router::toResponse()
#13 /home/u533143048/domains/techdocklabs.com/public_html/roamiodeals/vendor/laravel/framework/src/Illuminate/Routing/Router.php(798): Illuminate\\Routing\\Router->prepareResponse()
#14 /home/u533143048/domains/techdocklabs.com/public_html/roamiodeals/vendor/laravel/framework/src/Illuminate/Pipeline/Pipeline.php(141): Illuminate\\Routing\\Router->Illuminate\\Routing\\{closure}()
#15 /home/u533143048/domains/techdocklabs.com/public_html/roamiodeals/app/Http/Middleware/Dashboard.php(25): Illuminate\\Pipeline\\Pipeline->Illuminate\\Pipeline\\{closure}()
#16 /home/u533143048/domains/techdocklabs.com/public_html/roamiodeals/vendor/laravel/framework/src/Illuminate/Pipeline/Pipeline.php(180): App\\Http\\Middleware\\Dashboard->handle()
#17 /home/u533143048/domains/techdocklabs.com/public_html/roamiodeals/app/Http/Middleware/RequireChangePassword.php(41): Illuminate\\Pipeline\\Pipeline->Illuminate\\Pipeline\\{closure}()
#18 /home/u533143048/domains/techdocklabs.com/public_html/roamiodeals/vendor/laravel/framework/src/Illuminate/Pipeline/Pipeline.php(180): App\\Http\\Middleware\\RequireChangePassword->handle()
#19 /home/u533143048/domains/techdocklabs.com/public_html/roamiodeals/app/Http/Middleware/SetLanguageForAdmin.php(37): Illuminate\\Pipeline\\Pipeline->Illuminate\\Pipeline\\{closure}()
#20 /home/u533143048/domains/techdocklabs.com/public_html/roamiodeals/vendor/laravel/framework/src/Illuminate/Pipeline/Pipeline.php(180): App\\Http\\Middleware\\SetLanguageForAdmin->handle()
#21 /home/u533143048/domains/techdocklabs.com/public_html/roamiodeals/app/Http/Middleware/SetCurrentCurrency.php(48): Illuminate\\Pipeline\\Pipeline->Illuminate\\Pipeline\\{closure}()
#22 /home/u533143048/domains/techdocklabs.com/public_html/roamiodeals/vendor/laravel/framework/src/Illuminate/Pipeline/Pipeline.php(180): App\\Http\\Middleware\\SetCurrentCurrency->handle()
#23 /home/u533143048/domains/techdocklabs.com/public_html/roamiodeals/app/Http/Middleware/HideDebugbar.php(32): Illuminate\\Pipeline\\Pipeline->Illuminate\\Pipeline\\{closure}()
#24 /home/u533143048/domains/techdocklabs.com/public_html/roamiodeals/vendor/laravel/framework/src/Illuminate/Pipeline/Pipeline.php(180): App\\Http\\Middleware\\HideDebugbar->handle()
#25 /home/u533143048/domains/techdocklabs.com/public_html/roamiodeals/app/Http/Middleware/RedirectForMultiLanguage.php(58): Illuminate\\Pipeline\\Pipeline->Illuminate\\Pipeline\\{closure}()
#26 /home/u533143048/domains/techdocklabs.com/public_html/roamiodeals/vendor/laravel/framework/src/Illuminate/Pipeline/Pipeline.php(180): App\\Http\\Middleware\\RedirectForMultiLanguage->handle()
#27 /home/u533143048/domains/techdocklabs.com/public_html/roamiodeals/vendor/laravel/framework/src/Illuminate/Routing/Middleware/SubstituteBindings.php(50): Illuminate\\Pipeline\\Pipeline->Illuminate\\Pipeline\\{closure}()
#28 /home/u533143048/domains/techdocklabs.com/public_html/roamiodeals/vendor/laravel/framework/src/Illuminate/Pipeline/Pipeline.php(180): Illuminate\\Routing\\Middleware\\SubstituteBindings->handle()
#29 /home/u533143048/domains/techdocklabs.com/public_html/roamiodeals/vendor/laravel/framework/src/Illuminate/Foundation/Http/Middleware/VerifyCsrfToken.php(78): Illuminate\\Pipeline\\Pipeline->Illuminate\\Pipeline\\{closure}()
#30 /home/u533143048/domains/techdocklabs.com/public_html/roamiodeals/vendor/laravel/framework/src/Illuminate/Pipeline/Pipeline.php(180): Illuminate\\Foundation\\Http\\Middleware\\VerifyCsrfToken->handle()
#31 /home/u533143048/domains/techdocklabs.com/public_html/roamiodeals/vendor/laravel/framework/src/Illuminate/View/Middleware/ShareErrorsFromSession.php(49): Illuminate\\Pipeline\\Pipeline->Illuminate\\Pipeline\\{closure}()
#32 /home/u533143048/domains/techdocklabs.com/public_html/roamiodeals/vendor/laravel/framework/src/Illuminate/Pipeline/Pipeline.php(180): Illuminate\\View\\Middleware\\ShareErrorsFromSession->handle()
#33 /home/u533143048/domains/techdocklabs.com/public_html/roamiodeals/vendor/laravel/framework/src/Illuminate/Session/Middleware/StartSession.php(121): Illuminate\\Pipeline\\Pipeline->Illuminate\\Pipeline\\{closure}()
#34 /home/u533143048/domains/techdocklabs.com/public_html/roamiodeals/vendor/laravel/framework/src/Illuminate/Session/Middleware/StartSession.php(64): Illuminate\\Session\\Middleware\\StartSession->handleStatefulRequest()
#35 /home/u533143048/domains/techdocklabs.com/public_html/roamiodeals/vendor/laravel/framework/src/Illuminate/Pipeline/Pipeline.php(180): Illuminate\\Session\\Middleware\\StartSession->handle()
#36 /home/u533143048/domains/techdocklabs.com/public_html/roamiodeals/vendor/laravel/framework/src/Illuminate/Cookie/Middleware/AddQueuedCookiesToResponse.php(37): Illuminate\\Pipeline\\Pipeline->Illuminate\\Pipeline\\{closure}()
#37 /home/u533143048/domains/techdocklabs.com/public_html/roamiodeals/vendor/laravel/framework/src/Illuminate/Pipeline/Pipeline.php(180): Illuminate\\Cookie\\Middleware\\AddQueuedCookiesToResponse->handle()
#38 /home/u533143048/domains/techdocklabs.com/public_html/roamiodeals/vendor/laravel/framework/src/Illuminate/Cookie/Middleware/EncryptCookies.php(67): Illuminate\\Pipeline\\Pipeline->Illuminate\\Pipeline\\{closure}()
#39 /home/u533143048/domains/techdocklabs.com/public_html/roamiodeals/vendor/laravel/framework/src/Illuminate/Pipeline/Pipeline.php(180): Illuminate\\Cookie\\Middleware\\EncryptCookies->handle()
#40 /home/u533143048/domains/techdocklabs.com/public_html/roamiodeals/vendor/laravel/framework/src/Illuminate/Pipeline/Pipeline.php(116): Illuminate\\Pipeline\\Pipeline->Illuminate\\Pipeline\\{closure}()
#41 /home/u533143048/domains/techdocklabs.com/public_html/roamiodeals/vendor/laravel/framework/src/Illuminate/Routing/Router.php(799): Illuminate\\Pipeline\\Pipeline->then()
#42 /home/u533143048/domains/techdocklabs.com/public_html/roamiodeals/vendor/laravel/framework/src/Illuminate/Routing/Router.php(776): Illuminate\\Routing\\Router->runRouteWithinStack()
#43 /home/u533143048/domains/techdocklabs.com/public_html/roamiodeals/vendor/laravel/framework/src/Illuminate/Routing/Router.php(740): Illuminate\\Routing\\Router->runRoute()
#44 /home/u533143048/domains/techdocklabs.com/public_html/roamiodeals/vendor/laravel/framework/src/Illuminate/Routing/Router.php(729): Illuminate\\Routing\\Router->dispatchToRoute()
#45 /home/u533143048/domains/techdocklabs.com/public_html/roamiodeals/vendor/laravel/framework/src/Illuminate/Foundation/Http/Kernel.php(190): Illuminate\\Routing\\Router->dispatch()
#46 /home/u533143048/domains/techdocklabs.com/public_html/roamiodeals/vendor/laravel/framework/src/Illuminate/Pipeline/Pipeline.php(141): Illuminate\\Foundation\\Http\\Kernel->Illuminate\\Foundation\\Http\\{closure}()
#47 /home/u533143048/domains/techdocklabs.com/public_html/roamiodeals/themes/Base/Core/Middleware/RunUpdater.php(72): Illuminate\\Pipeline\\Pipeline->Illuminate\\Pipeline\\{closure}()
#48 /home/u533143048/domains/techdocklabs.com/public_html/roamiodeals/vendor/laravel/framework/src/Illuminate/Pipeline/Pipeline.php(180): Themes\\Base\\Core\\Middleware\\RunUpdater->handle()
#49 /home/u533143048/domains/techdocklabs.com/public_html/roamiodeals/vendor/barryvdh/laravel-debugbar/src/Middleware/InjectDebugbar.php(66): Illuminate\\Pipeline\\Pipeline->Illuminate\\Pipeline\\{closure}()
#50 /home/u533143048/domains/techdocklabs.com/public_html/roamiodeals/vendor/laravel/framework/src/Illuminate/Pipeline/Pipeline.php(180): Barryvdh\\Debugbar\\Middleware\\InjectDebugbar->handle()
#51 /home/u533143048/domains/techdocklabs.com/public_html/roamiodeals/vendor/laravel/framework/src/Illuminate/Foundation/Http/Middleware/TransformsRequest.php(21): Illuminate\\Pipeline\\Pipeline->Illuminate\\Pipeline\\{closure}()
#52 /home/u533143048/domains/techdocklabs.com/public_html/roamiodeals/vendor/laravel/framework/src/Illuminate/Foundation/Http/Middleware/ConvertEmptyStringsToNull.php(31): Illuminate\\Foundation\\Http\\Middleware\\TransformsRequest->handle()
#53 /home/u533143048/domains/techdocklabs.com/public_html/roamiodeals/vendor/laravel/framework/src/Illuminate/Pipeline/Pipeline.php(180): Illuminate\\Foundation\\Http\\Middleware\\ConvertEmptyStringsToNull->handle()
#54 /home/u533143048/domains/techdocklabs.com/public_html/roamiodeals/vendor/laravel/framework/src/Illuminate/Foundation/Http/Middleware/TransformsRequest.php(21): Illuminate\\Pipeline\\Pipeline->Illuminate\\Pipeline\\{closure}()
#55 /home/u533143048/domains/techdocklabs.com/public_html/roamiodeals/vendor/laravel/framework/src/Illuminate/Foundation/Http/Middleware/TrimStrings.php(40): Illuminate\\Foundation\\Http\\Middleware\\TransformsRequest->handle()
#56 /home/u533143048/domains/techdocklabs.com/public_html/roamiodeals/vendor/laravel/framework/src/Illuminate/Pipeline/Pipeline.php(180): Illuminate\\Foundation\\Http\\Middleware\\TrimStrings->handle()
#57 /home/u533143048/domains/techdocklabs.com/public_html/roamiodeals/vendor/laravel/framework/src/Illuminate/Foundation/Http/Middleware/ValidatePostSize.php(27): Illuminate\\Pipeline\\Pipeline->Illuminate\\Pipeline\\{closure}()
#58 /home/u533143048/domains/techdocklabs.com/public_html/roamiodeals/vendor/laravel/framework/src/Illuminate/Pipeline/Pipeline.php(180): Illuminate\\Foundation\\Http\\Middleware\\ValidatePostSize->handle()
#59 /home/u533143048/domains/techdocklabs.com/public_html/roamiodeals/vendor/laravel/framework/src/Illuminate/Foundation/Http/Middleware/PreventRequestsDuringMaintenance.php(86): Illuminate\\Pipeline\\Pipeline->Illuminate\\Pipeline\\{closure}()
#60 /home/u533143048/domains/techdocklabs.com/public_html/roamiodeals/vendor/laravel/framework/src/Illuminate/Pipeline/Pipeline.php(180): Illuminate\\Foundation\\Http\\Middleware\\PreventRequestsDuringMaintenance->handle()
#61 /home/u533143048/domains/techdocklabs.com/public_html/roamiodeals/vendor/laravel/framework/src/Illuminate/Http/Middleware/HandleCors.php(49): Illuminate\\Pipeline\\Pipeline->Illuminate\\Pipeline\\{closure}()
#62 /home/u533143048/domains/techdocklabs.com/public_html/roamiodeals/vendor/laravel/framework/src/Illuminate/Pipeline/Pipeline.php(180): Illuminate\\Http\\Middleware\\HandleCors->handle()
#63 /home/u533143048/domains/techdocklabs.com/public_html/roamiodeals/app/Http/Middleware/RedirectToInstaller.php(40): Illuminate\\Pipeline\\Pipeline->Illuminate\\Pipeline\\{closure}()
#64 /home/u533143048/domains/techdocklabs.com/public_html/roamiodeals/vendor/laravel/framework/src/Illuminate/Pipeline/Pipeline.php(180): App\\Http\\Middleware\\RedirectToInstaller->handle()
#65 /home/u533143048/domains/techdocklabs.com/public_html/roamiodeals/vendor/laravel/framework/src/Illuminate/Http/Middleware/TrustProxies.php(39): Illuminate\\Pipeline\\Pipeline->Illuminate\\Pipeline\\{closure}()
#66 /home/u533143048/domains/techdocklabs.com/public_html/roamiodeals/vendor/laravel/framework/src/Illuminate/Pipeline/Pipeline.php(180): Illuminate\\Http\\Middleware\\TrustProxies->handle()
#67 /home/u533143048/domains/techdocklabs.com/public_html/roamiodeals/vendor/laravel/framework/src/Illuminate/Pipeline/Pipeline.php(116): Illuminate\\Pipeline\\Pipeline->Illuminate\\Pipeline\\{closure}()
#68 /home/u533143048/domains/techdocklabs.com/public_html/roamiodeals/vendor/laravel/framework/src/Illuminate/Foundation/Http/Kernel.php(165): Illuminate\\Pipeline\\Pipeline->then()
#69 /home/u533143048/domains/techdocklabs.com/public_html/roamiodeals/vendor/laravel/framework/src/Illuminate/Foundation/Http/Kernel.php(134): Illuminate\\Foundation\\Http\\Kernel->sendRequestThroughRouter()
#70 /home/u533143048/domains/techdocklabs.com/public_html/roamiodeals/public/index.php(72): Illuminate\\Foundation\\Http\\Kernel->handle()
#71 {main}
"} 
