[2023-06-28 10:22:30] production.ERROR: syntax error, unexpected token "}" {"exception":"[object] (ParseError(code: 0): syntax error, unexpected token \"}\" at C:\\Users\\komal\\OneDrive\\Desktop\\roamiodeals_T\\roamiodeals\\modules\\Hotel\\Routes\\web.php:10)
[stacktrace]
#0 C:\\Users\\komal\\OneDrive\\Desktop\\roamiodeals_T\\roamiodeals\\vendor\\laravel\\framework\\src\\Illuminate\\Routing\\Router.php(503): Illuminate\\Routing\\RouteFileRegistrar->register('C:\\\\Users\\\\komal\\\\...')
#1 C:\\Users\\komal\\OneDrive\\Desktop\\roamiodeals_T\\roamiodeals\\vendor\\laravel\\framework\\src\\Illuminate\\Routing\\Router.php(457): Illuminate\\Routing\\Router->loadRoutes('C:\\\\Users\\\\komal\\\\...')
#2 C:\\Users\\komal\\OneDrive\\Desktop\\roamiodeals_T\\roamiodeals\\vendor\\laravel\\framework\\src\\Illuminate\\Routing\\RouteRegistrar.php(192): Illuminate\\Routing\\Router->group(Array, 'C:\\\\Users\\\\komal\\\\...')
#3 C:\\Users\\komal\\OneDrive\\Desktop\\roamiodeals_T\\roamiodeals\\modules\\Hotel\\RouterServiceProvider.php(57): Illuminate\\Routing\\RouteRegistrar->group('C:\\\\Users\\\\komal\\\\...')
#4 C:\\Users\\komal\\OneDrive\\Desktop\\roamiodeals_T\\roamiodeals\\modules\\Hotel\\RouterServiceProvider.php(39): Modules\\Hotel\\RouterServiceProvider->mapWebRoutes()
#5 C:\\Users\\komal\\OneDrive\\Desktop\\roamiodeals_T\\roamiodeals\\vendor\\laravel\\framework\\src\\Illuminate\\Container\\BoundMethod.php(36): Modules\\Hotel\\RouterServiceProvider->map()
#6 C:\\Users\\komal\\OneDrive\\Desktop\\roamiodeals_T\\roamiodeals\\vendor\\laravel\\framework\\src\\Illuminate\\Container\\Util.php(41): Illuminate\\Container\\BoundMethod::Illuminate\\Container\\{closure}()
#7 C:\\Users\\komal\\OneDrive\\Desktop\\roamiodeals_T\\roamiodeals\\vendor\\laravel\\framework\\src\\Illuminate\\Container\\BoundMethod.php(93): Illuminate\\Container\\Util::unwrapIfClosure(Object(Closure))
#8 C:\\Users\\komal\\OneDrive\\Desktop\\roamiodeals_T\\roamiodeals\\vendor\\laravel\\framework\\src\\Illuminate\\Container\\BoundMethod.php(37): Illuminate\\Container\\BoundMethod::callBoundMethod(Object(Illuminate\\Foundation\\Application), Array, Object(Closure))
#9 C:\\Users\\komal\\OneDrive\\Desktop\\roamiodeals_T\\roamiodeals\\vendor\\laravel\\framework\\src\\Illuminate\\Container\\Container.php(651): Illuminate\\Container\\BoundMethod::call(Object(Illuminate\\Foundation\\Application), Array, Array, NULL)
#10 C:\\Users\\komal\\OneDrive\\Desktop\\roamiodeals_T\\roamiodeals\\vendor\\laravel\\framework\\src\\Illuminate\\Foundation\\Support\\Providers\\RouteServiceProvider.php(122): Illuminate\\Container\\Container->call(Array)
#11 C:\\Users\\komal\\OneDrive\\Desktop\\roamiodeals_T\\roamiodeals\\vendor\\laravel\\framework\\src\\Illuminate\\Foundation\\Support\\Providers\\RouteServiceProvider.php(45): Illuminate\\Foundation\\Support\\Providers\\RouteServiceProvider->loadRoutes()
#12 C:\\Users\\komal\\OneDrive\\Desktop\\roamiodeals_T\\roamiodeals\\vendor\\laravel\\framework\\src\\Illuminate\\Container\\BoundMethod.php(36): Illuminate\\Foundation\\Support\\Providers\\RouteServiceProvider->Illuminate\\Foundation\\Support\\Providers\\{closure}()
#13 C:\\Users\\komal\\OneDrive\\Desktop\\roamiodeals_T\\roamiodeals\\vendor\\laravel\\framework\\src\\Illuminate\\Container\\Util.php(41): Illuminate\\Container\\BoundMethod::Illuminate\\Container\\{closure}()
#14 C:\\Users\\komal\\OneDrive\\Desktop\\roamiodeals_T\\roamiodeals\\vendor\\laravel\\framework\\src\\Illuminate\\Container\\BoundMethod.php(81): Illuminate\\Container\\Util::unwrapIfClosure(Object(Closure))
#15 C:\\Users\\komal\\OneDrive\\Desktop\\roamiodeals_T\\roamiodeals\\vendor\\laravel\\framework\\src\\Illuminate\\Container\\BoundMethod.php(37): Illuminate\\Container\\BoundMethod::callBoundMethod(Object(Illuminate\\Foundation\\Application), Object(Closure), Object(Closure))
#16 C:\\Users\\komal\\OneDrive\\Desktop\\roamiodeals_T\\roamiodeals\\vendor\\laravel\\framework\\src\\Illuminate\\Container\\Container.php(651): Illuminate\\Container\\BoundMethod::call(Object(Illuminate\\Foundation\\Application), Object(Closure), Array, NULL)
#17 C:\\Users\\komal\\OneDrive\\Desktop\\roamiodeals_T\\roamiodeals\\vendor\\laravel\\framework\\src\\Illuminate\\Support\\ServiceProvider.php(119): Illuminate\\Container\\Container->call(Object(Closure))
#18 C:\\Users\\komal\\OneDrive\\Desktop\\roamiodeals_T\\roamiodeals\\vendor\\laravel\\framework\\src\\Illuminate\\Foundation\\Application.php(936): Illuminate\\Support\\ServiceProvider->callBootedCallbacks()
#19 C:\\Users\\komal\\OneDrive\\Desktop\\roamiodeals_T\\roamiodeals\\vendor\\laravel\\framework\\src\\Illuminate\\Foundation\\Application.php(914): Illuminate\\Foundation\\Application->bootProvider(Object(Modules\\Hotel\\RouterServiceProvider))
#20 [internal function]: Illuminate\\Foundation\\Application->Illuminate\\Foundation\\{closure}(Object(Modules\\Hotel\\RouterServiceProvider), 50)
#21 C:\\Users\\komal\\OneDrive\\Desktop\\roamiodeals_T\\roamiodeals\\vendor\\laravel\\framework\\src\\Illuminate\\Foundation\\Application.php(915): array_walk(Array, Object(Closure))
#22 C:\\Users\\komal\\OneDrive\\Desktop\\roamiodeals_T\\roamiodeals\\vendor\\laravel\\framework\\src\\Illuminate\\Foundation\\Bootstrap\\BootProviders.php(17): Illuminate\\Foundation\\Application->boot()
#23 C:\\Users\\komal\\OneDrive\\Desktop\\roamiodeals_T\\roamiodeals\\vendor\\laravel\\framework\\src\\Illuminate\\Foundation\\Application.php(242): Illuminate\\Foundation\\Bootstrap\\BootProviders->bootstrap(Object(Illuminate\\Foundation\\Application))
#24 C:\\Users\\komal\\OneDrive\\Desktop\\roamiodeals_T\\roamiodeals\\vendor\\laravel\\framework\\src\\Illuminate\\Foundation\\Console\\Kernel.php(383): Illuminate\\Foundation\\Application->bootstrapWith(Array)
#25 C:\\Users\\komal\\OneDrive\\Desktop\\roamiodeals_T\\roamiodeals\\vendor\\laravel\\framework\\src\\Illuminate\\Foundation\\Console\\Kernel.php(153): Illuminate\\Foundation\\Console\\Kernel->bootstrap()
#26 Command line code(1): Illuminate\\Foundation\\Console\\Kernel->handle(Object(Symfony\\Component\\Console\\Input\\ArgvInput), Object(Symfony\\Component\\Console\\Output\\ConsoleOutput))
#27 {main}
"} 
[2023-06-28 10:35:47] production.ERROR: syntax error, unexpected variable "$is_ajax" {"exception":"[object] (ParseError(code: 0): syntax error, unexpected variable \"$is_ajax\" at C:\\Users\\komal\\OneDrive\\Desktop\\roamiodeals_T\\roamiodeals\\modules\\Hotel\\Controllers\\HotelController.php:48)
[stacktrace]
#0 C:\\Users\\komal\\OneDrive\\Desktop\\roamiodeals_T\\roamiodeals\\vendor\\composer\\ClassLoader.php(428): Composer\\Autoload\\includeFile('C:\\\\Users\\\\komal\\\\...')
#1 [internal function]: Composer\\Autoload\\ClassLoader->loadClass('Modules\\\\Hotel\\\\C...')
#2 C:\\Users\\komal\\OneDrive\\Desktop\\roamiodeals_T\\roamiodeals\\vendor\\laravel\\framework\\src\\Illuminate\\Routing\\Route.php(1091): is_a('Modules\\\\Hotel\\\\C...', 'Illuminate\\\\Rout...', true)
#3 C:\\Users\\komal\\OneDrive\\Desktop\\roamiodeals_T\\roamiodeals\\vendor\\laravel\\framework\\src\\Illuminate\\Routing\\Route.php(1030): Illuminate\\Routing\\Route->controllerMiddleware()
#4 C:\\Users\\komal\\OneDrive\\Desktop\\roamiodeals_T\\roamiodeals\\vendor\\laravel\\framework\\src\\Illuminate\\Routing\\Router.php(810): Illuminate\\Routing\\Route->gatherMiddleware()
#5 C:\\Users\\komal\\OneDrive\\Desktop\\roamiodeals_T\\roamiodeals\\vendor\\laravel\\framework\\src\\Illuminate\\Routing\\Router.php(792): Illuminate\\Routing\\Router->gatherRouteMiddleware(Object(Illuminate\\Routing\\Route))
#6 C:\\Users\\komal\\OneDrive\\Desktop\\roamiodeals_T\\roamiodeals\\vendor\\laravel\\framework\\src\\Illuminate\\Routing\\Router.php(776): Illuminate\\Routing\\Router->runRouteWithinStack(Object(Illuminate\\Routing\\Route), Object(Illuminate\\Http\\Request))
#7 C:\\Users\\komal\\OneDrive\\Desktop\\roamiodeals_T\\roamiodeals\\vendor\\laravel\\framework\\src\\Illuminate\\Routing\\Router.php(740): Illuminate\\Routing\\Router->runRoute(Object(Illuminate\\Http\\Request), Object(Illuminate\\Routing\\Route))
#8 C:\\Users\\komal\\OneDrive\\Desktop\\roamiodeals_T\\roamiodeals\\vendor\\laravel\\framework\\src\\Illuminate\\Routing\\Router.php(729): Illuminate\\Routing\\Router->dispatchToRoute(Object(Illuminate\\Http\\Request))
#9 C:\\Users\\komal\\OneDrive\\Desktop\\roamiodeals_T\\roamiodeals\\vendor\\laravel\\framework\\src\\Illuminate\\Foundation\\Http\\Kernel.php(190): Illuminate\\Routing\\Router->dispatch(Object(Illuminate\\Http\\Request))
#10 C:\\Users\\komal\\OneDrive\\Desktop\\roamiodeals_T\\roamiodeals\\vendor\\laravel\\framework\\src\\Illuminate\\Pipeline\\Pipeline.php(141): Illuminate\\Foundation\\Http\\Kernel->Illuminate\\Foundation\\Http\\{closure}(Object(Illuminate\\Http\\Request))
#11 C:\\Users\\komal\\OneDrive\\Desktop\\roamiodeals_T\\roamiodeals\\themes\\Base\\Core\\Middleware\\RunUpdater.php(72): Illuminate\\Pipeline\\Pipeline->Illuminate\\Pipeline\\{closure}(Object(Illuminate\\Http\\Request))
#12 C:\\Users\\komal\\OneDrive\\Desktop\\roamiodeals_T\\roamiodeals\\vendor\\laravel\\framework\\src\\Illuminate\\Pipeline\\Pipeline.php(180): Themes\\Base\\Core\\Middleware\\RunUpdater->handle(Object(Illuminate\\Http\\Request), Object(Closure))
#13 C:\\Users\\komal\\OneDrive\\Desktop\\roamiodeals_T\\roamiodeals\\vendor\\barryvdh\\laravel-debugbar\\src\\Middleware\\InjectDebugbar.php(66): Illuminate\\Pipeline\\Pipeline->Illuminate\\Pipeline\\{closure}(Object(Illuminate\\Http\\Request))
#14 C:\\Users\\komal\\OneDrive\\Desktop\\roamiodeals_T\\roamiodeals\\vendor\\laravel\\framework\\src\\Illuminate\\Pipeline\\Pipeline.php(180): Barryvdh\\Debugbar\\Middleware\\InjectDebugbar->handle(Object(Illuminate\\Http\\Request), Object(Closure))
#15 C:\\Users\\komal\\OneDrive\\Desktop\\roamiodeals_T\\roamiodeals\\vendor\\laravel\\framework\\src\\Illuminate\\Foundation\\Http\\Middleware\\TransformsRequest.php(21): Illuminate\\Pipeline\\Pipeline->Illuminate\\Pipeline\\{closure}(Object(Illuminate\\Http\\Request))
#16 C:\\Users\\komal\\OneDrive\\Desktop\\roamiodeals_T\\roamiodeals\\vendor\\laravel\\framework\\src\\Illuminate\\Foundation\\Http\\Middleware\\ConvertEmptyStringsToNull.php(31): Illuminate\\Foundation\\Http\\Middleware\\TransformsRequest->handle(Object(Illuminate\\Http\\Request), Object(Closure))
#17 C:\\Users\\komal\\OneDrive\\Desktop\\roamiodeals_T\\roamiodeals\\vendor\\laravel\\framework\\src\\Illuminate\\Pipeline\\Pipeline.php(180): Illuminate\\Foundation\\Http\\Middleware\\ConvertEmptyStringsToNull->handle(Object(Illuminate\\Http\\Request), Object(Closure))
#18 C:\\Users\\komal\\OneDrive\\Desktop\\roamiodeals_T\\roamiodeals\\vendor\\laravel\\framework\\src\\Illuminate\\Foundation\\Http\\Middleware\\TransformsRequest.php(21): Illuminate\\Pipeline\\Pipeline->Illuminate\\Pipeline\\{closure}(Object(Illuminate\\Http\\Request))
#19 C:\\Users\\komal\\OneDrive\\Desktop\\roamiodeals_T\\roamiodeals\\vendor\\laravel\\framework\\src\\Illuminate\\Foundation\\Http\\Middleware\\TrimStrings.php(40): Illuminate\\Foundation\\Http\\Middleware\\TransformsRequest->handle(Object(Illuminate\\Http\\Request), Object(Closure))
#20 C:\\Users\\komal\\OneDrive\\Desktop\\roamiodeals_T\\roamiodeals\\vendor\\laravel\\framework\\src\\Illuminate\\Pipeline\\Pipeline.php(180): Illuminate\\Foundation\\Http\\Middleware\\TrimStrings->handle(Object(Illuminate\\Http\\Request), Object(Closure))
#21 C:\\Users\\komal\\OneDrive\\Desktop\\roamiodeals_T\\roamiodeals\\vendor\\laravel\\framework\\src\\Illuminate\\Foundation\\Http\\Middleware\\ValidatePostSize.php(27): Illuminate\\Pipeline\\Pipeline->Illuminate\\Pipeline\\{closure}(Object(Illuminate\\Http\\Request))
#22 C:\\Users\\komal\\OneDrive\\Desktop\\roamiodeals_T\\roamiodeals\\vendor\\laravel\\framework\\src\\Illuminate\\Pipeline\\Pipeline.php(180): Illuminate\\Foundation\\Http\\Middleware\\ValidatePostSize->handle(Object(Illuminate\\Http\\Request), Object(Closure))
#23 C:\\Users\\komal\\OneDrive\\Desktop\\roamiodeals_T\\roamiodeals\\vendor\\laravel\\framework\\src\\Illuminate\\Foundation\\Http\\Middleware\\PreventRequestsDuringMaintenance.php(86): Illuminate\\Pipeline\\Pipeline->Illuminate\\Pipeline\\{closure}(Object(Illuminate\\Http\\Request))
#24 C:\\Users\\komal\\OneDrive\\Desktop\\roamiodeals_T\\roamiodeals\\vendor\\laravel\\framework\\src\\Illuminate\\Pipeline\\Pipeline.php(180): Illuminate\\Foundation\\Http\\Middleware\\PreventRequestsDuringMaintenance->handle(Object(Illuminate\\Http\\Request), Object(Closure))
#25 C:\\Users\\komal\\OneDrive\\Desktop\\roamiodeals_T\\roamiodeals\\vendor\\laravel\\framework\\src\\Illuminate\\Http\\Middleware\\HandleCors.php(49): Illuminate\\Pipeline\\Pipeline->Illuminate\\Pipeline\\{closure}(Object(Illuminate\\Http\\Request))
#26 C:\\Users\\komal\\OneDrive\\Desktop\\roamiodeals_T\\roamiodeals\\vendor\\laravel\\framework\\src\\Illuminate\\Pipeline\\Pipeline.php(180): Illuminate\\Http\\Middleware\\HandleCors->handle(Object(Illuminate\\Http\\Request), Object(Closure))
#27 C:\\Users\\komal\\OneDrive\\Desktop\\roamiodeals_T\\roamiodeals\\app\\Http\\Middleware\\RedirectToInstaller.php(40): Illuminate\\Pipeline\\Pipeline->Illuminate\\Pipeline\\{closure}(Object(Illuminate\\Http\\Request))
#28 C:\\Users\\komal\\OneDrive\\Desktop\\roamiodeals_T\\roamiodeals\\vendor\\laravel\\framework\\src\\Illuminate\\Pipeline\\Pipeline.php(180): App\\Http\\Middleware\\RedirectToInstaller->handle(Object(Illuminate\\Http\\Request), Object(Closure))
#29 C:\\Users\\komal\\OneDrive\\Desktop\\roamiodeals_T\\roamiodeals\\vendor\\laravel\\framework\\src\\Illuminate\\Http\\Middleware\\TrustProxies.php(39): Illuminate\\Pipeline\\Pipeline->Illuminate\\Pipeline\\{closure}(Object(Illuminate\\Http\\Request))
#30 C:\\Users\\komal\\OneDrive\\Desktop\\roamiodeals_T\\roamiodeals\\vendor\\laravel\\framework\\src\\Illuminate\\Pipeline\\Pipeline.php(180): Illuminate\\Http\\Middleware\\TrustProxies->handle(Object(Illuminate\\Http\\Request), Object(Closure))
#31 C:\\Users\\komal\\OneDrive\\Desktop\\roamiodeals_T\\roamiodeals\\vendor\\laravel\\framework\\src\\Illuminate\\Pipeline\\Pipeline.php(116): Illuminate\\Pipeline\\Pipeline->Illuminate\\Pipeline\\{closure}(Object(Illuminate\\Http\\Request))
#32 C:\\Users\\komal\\OneDrive\\Desktop\\roamiodeals_T\\roamiodeals\\vendor\\laravel\\framework\\src\\Illuminate\\Foundation\\Http\\Kernel.php(165): Illuminate\\Pipeline\\Pipeline->then(Object(Closure))
#33 C:\\Users\\komal\\OneDrive\\Desktop\\roamiodeals_T\\roamiodeals\\vendor\\laravel\\framework\\src\\Illuminate\\Foundation\\Http\\Kernel.php(134): Illuminate\\Foundation\\Http\\Kernel->sendRequestThroughRouter(Object(Illuminate\\Http\\Request))
#34 C:\\Users\\komal\\OneDrive\\Desktop\\roamiodeals_T\\roamiodeals\\public\\index.php(72): Illuminate\\Foundation\\Http\\Kernel->handle(Object(Illuminate\\Http\\Request))
#35 C:\\Users\\komal\\OneDrive\\Desktop\\roamiodeals_T\\roamiodeals\\server.php(21): require_once('C:\\\\Users\\\\komal\\\\...')
#36 {main}
"} 
[2023-06-28 10:35:50] production.ERROR: syntax error, unexpected variable "$is_ajax" {"exception":"[object] (ParseError(code: 0): syntax error, unexpected variable \"$is_ajax\" at C:\\Users\\komal\\OneDrive\\Desktop\\roamiodeals_T\\roamiodeals\\modules\\Hotel\\Controllers\\HotelController.php:48)
[stacktrace]
#0 C:\\Users\\komal\\OneDrive\\Desktop\\roamiodeals_T\\roamiodeals\\vendor\\composer\\ClassLoader.php(428): Composer\\Autoload\\includeFile('C:\\\\Users\\\\komal\\\\...')
#1 [internal function]: Composer\\Autoload\\ClassLoader->loadClass('Modules\\\\Hotel\\\\C...')
#2 C:\\Users\\komal\\OneDrive\\Desktop\\roamiodeals_T\\roamiodeals\\vendor\\barryvdh\\laravel-debugbar\\src\\DataCollector\\RouteCollector.php(93): class_exists('Modules\\\\Hotel\\\\C...')
#3 C:\\Users\\komal\\OneDrive\\Desktop\\roamiodeals_T\\roamiodeals\\vendor\\barryvdh\\laravel-debugbar\\src\\DataCollector\\RouteCollector.php(63): Barryvdh\\Debugbar\\DataCollector\\RouteCollector->getRouteInformation(Object(Illuminate\\Routing\\Route))
#4 C:\\Users\\komal\\OneDrive\\Desktop\\roamiodeals_T\\roamiodeals\\vendor\\barryvdh\\laravel-debugbar\\src\\LaravelDebugbar.php(867): Barryvdh\\Debugbar\\DataCollector\\RouteCollector->collect()
#5 C:\\Users\\komal\\OneDrive\\Desktop\\roamiodeals_T\\roamiodeals\\vendor\\maximebf\\debugbar\\src\\DebugBar\\DebugBar.php(265): Barryvdh\\Debugbar\\LaravelDebugbar->collect()
#6 C:\\Users\\komal\\OneDrive\\Desktop\\roamiodeals_T\\roamiodeals\\vendor\\maximebf\\debugbar\\src\\DebugBar\\JavascriptRenderer.php(1045): DebugBar\\DebugBar->getData()
#7 C:\\Users\\komal\\OneDrive\\Desktop\\roamiodeals_T\\roamiodeals\\vendor\\barryvdh\\laravel-debugbar\\src\\LaravelDebugbar.php(904): DebugBar\\JavascriptRenderer->render()
#8 C:\\Users\\komal\\OneDrive\\Desktop\\roamiodeals_T\\roamiodeals\\vendor\\barryvdh\\laravel-debugbar\\src\\LaravelDebugbar.php(788): Barryvdh\\Debugbar\\LaravelDebugbar->injectDebugbar(Object(Illuminate\\Http\\Response))
#9 C:\\Users\\komal\\OneDrive\\Desktop\\roamiodeals_T\\roamiodeals\\vendor\\barryvdh\\laravel-debugbar\\src\\Middleware\\InjectDebugbar.php(72): Barryvdh\\Debugbar\\LaravelDebugbar->modifyResponse(Object(Illuminate\\Http\\Request), Object(Illuminate\\Http\\Response))
#10 C:\\Users\\komal\\OneDrive\\Desktop\\roamiodeals_T\\roamiodeals\\vendor\\laravel\\framework\\src\\Illuminate\\Pipeline\\Pipeline.php(180): Barryvdh\\Debugbar\\Middleware\\InjectDebugbar->handle(Object(Illuminate\\Http\\Request), Object(Closure))
#11 C:\\Users\\komal\\OneDrive\\Desktop\\roamiodeals_T\\roamiodeals\\vendor\\laravel\\framework\\src\\Illuminate\\Foundation\\Http\\Middleware\\TransformsRequest.php(21): Illuminate\\Pipeline\\Pipeline->Illuminate\\Pipeline\\{closure}(Object(Illuminate\\Http\\Request))
#12 C:\\Users\\komal\\OneDrive\\Desktop\\roamiodeals_T\\roamiodeals\\vendor\\laravel\\framework\\src\\Illuminate\\Foundation\\Http\\Middleware\\ConvertEmptyStringsToNull.php(31): Illuminate\\Foundation\\Http\\Middleware\\TransformsRequest->handle(Object(Illuminate\\Http\\Request), Object(Closure))
#13 C:\\Users\\komal\\OneDrive\\Desktop\\roamiodeals_T\\roamiodeals\\vendor\\laravel\\framework\\src\\Illuminate\\Pipeline\\Pipeline.php(180): Illuminate\\Foundation\\Http\\Middleware\\ConvertEmptyStringsToNull->handle(Object(Illuminate\\Http\\Request), Object(Closure))
#14 C:\\Users\\komal\\OneDrive\\Desktop\\roamiodeals_T\\roamiodeals\\vendor\\laravel\\framework\\src\\Illuminate\\Foundation\\Http\\Middleware\\TransformsRequest.php(21): Illuminate\\Pipeline\\Pipeline->Illuminate\\Pipeline\\{closure}(Object(Illuminate\\Http\\Request))
#15 C:\\Users\\komal\\OneDrive\\Desktop\\roamiodeals_T\\roamiodeals\\vendor\\laravel\\framework\\src\\Illuminate\\Foundation\\Http\\Middleware\\TrimStrings.php(40): Illuminate\\Foundation\\Http\\Middleware\\TransformsRequest->handle(Object(Illuminate\\Http\\Request), Object(Closure))
#16 C:\\Users\\komal\\OneDrive\\Desktop\\roamiodeals_T\\roamiodeals\\vendor\\laravel\\framework\\src\\Illuminate\\Pipeline\\Pipeline.php(180): Illuminate\\Foundation\\Http\\Middleware\\TrimStrings->handle(Object(Illuminate\\Http\\Request), Object(Closure))
#17 C:\\Users\\komal\\OneDrive\\Desktop\\roamiodeals_T\\roamiodeals\\vendor\\laravel\\framework\\src\\Illuminate\\Foundation\\Http\\Middleware\\ValidatePostSize.php(27): Illuminate\\Pipeline\\Pipeline->Illuminate\\Pipeline\\{closure}(Object(Illuminate\\Http\\Request))
#18 C:\\Users\\komal\\OneDrive\\Desktop\\roamiodeals_T\\roamiodeals\\vendor\\laravel\\framework\\src\\Illuminate\\Pipeline\\Pipeline.php(180): Illuminate\\Foundation\\Http\\Middleware\\ValidatePostSize->handle(Object(Illuminate\\Http\\Request), Object(Closure))
#19 C:\\Users\\komal\\OneDrive\\Desktop\\roamiodeals_T\\roamiodeals\\vendor\\laravel\\framework\\src\\Illuminate\\Foundation\\Http\\Middleware\\PreventRequestsDuringMaintenance.php(86): Illuminate\\Pipeline\\Pipeline->Illuminate\\Pipeline\\{closure}(Object(Illuminate\\Http\\Request))
#20 C:\\Users\\komal\\OneDrive\\Desktop\\roamiodeals_T\\roamiodeals\\vendor\\laravel\\framework\\src\\Illuminate\\Pipeline\\Pipeline.php(180): Illuminate\\Foundation\\Http\\Middleware\\PreventRequestsDuringMaintenance->handle(Object(Illuminate\\Http\\Request), Object(Closure))
#21 C:\\Users\\komal\\OneDrive\\Desktop\\roamiodeals_T\\roamiodeals\\vendor\\laravel\\framework\\src\\Illuminate\\Http\\Middleware\\HandleCors.php(49): Illuminate\\Pipeline\\Pipeline->Illuminate\\Pipeline\\{closure}(Object(Illuminate\\Http\\Request))
#22 C:\\Users\\komal\\OneDrive\\Desktop\\roamiodeals_T\\roamiodeals\\vendor\\laravel\\framework\\src\\Illuminate\\Pipeline\\Pipeline.php(180): Illuminate\\Http\\Middleware\\HandleCors->handle(Object(Illuminate\\Http\\Request), Object(Closure))
#23 C:\\Users\\komal\\OneDrive\\Desktop\\roamiodeals_T\\roamiodeals\\app\\Http\\Middleware\\RedirectToInstaller.php(40): Illuminate\\Pipeline\\Pipeline->Illuminate\\Pipeline\\{closure}(Object(Illuminate\\Http\\Request))
#24 C:\\Users\\komal\\OneDrive\\Desktop\\roamiodeals_T\\roamiodeals\\vendor\\laravel\\framework\\src\\Illuminate\\Pipeline\\Pipeline.php(180): App\\Http\\Middleware\\RedirectToInstaller->handle(Object(Illuminate\\Http\\Request), Object(Closure))
#25 C:\\Users\\komal\\OneDrive\\Desktop\\roamiodeals_T\\roamiodeals\\vendor\\laravel\\framework\\src\\Illuminate\\Http\\Middleware\\TrustProxies.php(39): Illuminate\\Pipeline\\Pipeline->Illuminate\\Pipeline\\{closure}(Object(Illuminate\\Http\\Request))
#26 C:\\Users\\komal\\OneDrive\\Desktop\\roamiodeals_T\\roamiodeals\\vendor\\laravel\\framework\\src\\Illuminate\\Pipeline\\Pipeline.php(180): Illuminate\\Http\\Middleware\\TrustProxies->handle(Object(Illuminate\\Http\\Request), Object(Closure))
#27 C:\\Users\\komal\\OneDrive\\Desktop\\roamiodeals_T\\roamiodeals\\vendor\\laravel\\framework\\src\\Illuminate\\Pipeline\\Pipeline.php(116): Illuminate\\Pipeline\\Pipeline->Illuminate\\Pipeline\\{closure}(Object(Illuminate\\Http\\Request))
#28 C:\\Users\\komal\\OneDrive\\Desktop\\roamiodeals_T\\roamiodeals\\vendor\\laravel\\framework\\src\\Illuminate\\Foundation\\Http\\Kernel.php(165): Illuminate\\Pipeline\\Pipeline->then(Object(Closure))
#29 C:\\Users\\komal\\OneDrive\\Desktop\\roamiodeals_T\\roamiodeals\\vendor\\laravel\\framework\\src\\Illuminate\\Foundation\\Http\\Kernel.php(134): Illuminate\\Foundation\\Http\\Kernel->sendRequestThroughRouter(Object(Illuminate\\Http\\Request))
#30 C:\\Users\\komal\\OneDrive\\Desktop\\roamiodeals_T\\roamiodeals\\public\\index.php(72): Illuminate\\Foundation\\Http\\Kernel->handle(Object(Illuminate\\Http\\Request))
#31 C:\\Users\\komal\\OneDrive\\Desktop\\roamiodeals_T\\roamiodeals\\server.php(21): require_once('C:\\\\Users\\\\komal\\\\...')
#32 {main}
"} 
[2023-06-28 11:32:41] production.ERROR: syntax error, unexpected identifier "Route" {"exception":"[object] (ParseError(code: 0): syntax error, unexpected identifier \"Route\" at C:\\Users\\komal\\OneDrive\\Desktop\\roamiodeals_T\\roamiodeals\\modules\\Event\\Routes\\web.php:12)
[stacktrace]
#0 C:\\Users\\komal\\OneDrive\\Desktop\\roamiodeals_T\\roamiodeals\\vendor\\laravel\\framework\\src\\Illuminate\\Routing\\Router.php(503): Illuminate\\Routing\\RouteFileRegistrar->register('C:\\\\Users\\\\komal\\\\...')
#1 C:\\Users\\komal\\OneDrive\\Desktop\\roamiodeals_T\\roamiodeals\\vendor\\laravel\\framework\\src\\Illuminate\\Routing\\Router.php(457): Illuminate\\Routing\\Router->loadRoutes('C:\\\\Users\\\\komal\\\\...')
#2 C:\\Users\\komal\\OneDrive\\Desktop\\roamiodeals_T\\roamiodeals\\vendor\\laravel\\framework\\src\\Illuminate\\Routing\\RouteRegistrar.php(192): Illuminate\\Routing\\Router->group(Array, 'C:\\\\Users\\\\komal\\\\...')
#3 C:\\Users\\komal\\OneDrive\\Desktop\\roamiodeals_T\\roamiodeals\\modules\\Event\\RouterServiceProvider.php(57): Illuminate\\Routing\\RouteRegistrar->group('C:\\\\Users\\\\komal\\\\...')
#4 C:\\Users\\komal\\OneDrive\\Desktop\\roamiodeals_T\\roamiodeals\\modules\\Event\\RouterServiceProvider.php(39): Modules\\Event\\RouterServiceProvider->mapWebRoutes()
#5 C:\\Users\\komal\\OneDrive\\Desktop\\roamiodeals_T\\roamiodeals\\vendor\\laravel\\framework\\src\\Illuminate\\Container\\BoundMethod.php(36): Modules\\Event\\RouterServiceProvider->map()
#6 C:\\Users\\komal\\OneDrive\\Desktop\\roamiodeals_T\\roamiodeals\\vendor\\laravel\\framework\\src\\Illuminate\\Container\\Util.php(41): Illuminate\\Container\\BoundMethod::Illuminate\\Container\\{closure}()
#7 C:\\Users\\komal\\OneDrive\\Desktop\\roamiodeals_T\\roamiodeals\\vendor\\laravel\\framework\\src\\Illuminate\\Container\\BoundMethod.php(93): Illuminate\\Container\\Util::unwrapIfClosure(Object(Closure))
#8 C:\\Users\\komal\\OneDrive\\Desktop\\roamiodeals_T\\roamiodeals\\vendor\\laravel\\framework\\src\\Illuminate\\Container\\BoundMethod.php(37): Illuminate\\Container\\BoundMethod::callBoundMethod(Object(Illuminate\\Foundation\\Application), Array, Object(Closure))
#9 C:\\Users\\komal\\OneDrive\\Desktop\\roamiodeals_T\\roamiodeals\\vendor\\laravel\\framework\\src\\Illuminate\\Container\\Container.php(651): Illuminate\\Container\\BoundMethod::call(Object(Illuminate\\Foundation\\Application), Array, Array, NULL)
#10 C:\\Users\\komal\\OneDrive\\Desktop\\roamiodeals_T\\roamiodeals\\vendor\\laravel\\framework\\src\\Illuminate\\Foundation\\Support\\Providers\\RouteServiceProvider.php(122): Illuminate\\Container\\Container->call(Array)
#11 C:\\Users\\komal\\OneDrive\\Desktop\\roamiodeals_T\\roamiodeals\\vendor\\laravel\\framework\\src\\Illuminate\\Foundation\\Support\\Providers\\RouteServiceProvider.php(45): Illuminate\\Foundation\\Support\\Providers\\RouteServiceProvider->loadRoutes()
#12 C:\\Users\\komal\\OneDrive\\Desktop\\roamiodeals_T\\roamiodeals\\vendor\\laravel\\framework\\src\\Illuminate\\Container\\BoundMethod.php(36): Illuminate\\Foundation\\Support\\Providers\\RouteServiceProvider->Illuminate\\Foundation\\Support\\Providers\\{closure}()
#13 C:\\Users\\komal\\OneDrive\\Desktop\\roamiodeals_T\\roamiodeals\\vendor\\laravel\\framework\\src\\Illuminate\\Container\\Util.php(41): Illuminate\\Container\\BoundMethod::Illuminate\\Container\\{closure}()
#14 C:\\Users\\komal\\OneDrive\\Desktop\\roamiodeals_T\\roamiodeals\\vendor\\laravel\\framework\\src\\Illuminate\\Container\\BoundMethod.php(81): Illuminate\\Container\\Util::unwrapIfClosure(Object(Closure))
#15 C:\\Users\\komal\\OneDrive\\Desktop\\roamiodeals_T\\roamiodeals\\vendor\\laravel\\framework\\src\\Illuminate\\Container\\BoundMethod.php(37): Illuminate\\Container\\BoundMethod::callBoundMethod(Object(Illuminate\\Foundation\\Application), Object(Closure), Object(Closure))
#16 C:\\Users\\komal\\OneDrive\\Desktop\\roamiodeals_T\\roamiodeals\\vendor\\laravel\\framework\\src\\Illuminate\\Container\\Container.php(651): Illuminate\\Container\\BoundMethod::call(Object(Illuminate\\Foundation\\Application), Object(Closure), Array, NULL)
#17 C:\\Users\\komal\\OneDrive\\Desktop\\roamiodeals_T\\roamiodeals\\vendor\\laravel\\framework\\src\\Illuminate\\Support\\ServiceProvider.php(119): Illuminate\\Container\\Container->call(Object(Closure))
#18 C:\\Users\\komal\\OneDrive\\Desktop\\roamiodeals_T\\roamiodeals\\vendor\\laravel\\framework\\src\\Illuminate\\Foundation\\Application.php(936): Illuminate\\Support\\ServiceProvider->callBootedCallbacks()
#19 C:\\Users\\komal\\OneDrive\\Desktop\\roamiodeals_T\\roamiodeals\\vendor\\laravel\\framework\\src\\Illuminate\\Foundation\\Application.php(914): Illuminate\\Foundation\\Application->bootProvider(Object(Modules\\Event\\RouterServiceProvider))
#20 [internal function]: Illuminate\\Foundation\\Application->Illuminate\\Foundation\\{closure}(Object(Modules\\Event\\RouterServiceProvider), 56)
#21 C:\\Users\\komal\\OneDrive\\Desktop\\roamiodeals_T\\roamiodeals\\vendor\\laravel\\framework\\src\\Illuminate\\Foundation\\Application.php(915): array_walk(Array, Object(Closure))
#22 C:\\Users\\komal\\OneDrive\\Desktop\\roamiodeals_T\\roamiodeals\\vendor\\laravel\\framework\\src\\Illuminate\\Foundation\\Bootstrap\\BootProviders.php(17): Illuminate\\Foundation\\Application->boot()
#23 C:\\Users\\komal\\OneDrive\\Desktop\\roamiodeals_T\\roamiodeals\\vendor\\laravel\\framework\\src\\Illuminate\\Foundation\\Application.php(242): Illuminate\\Foundation\\Bootstrap\\BootProviders->bootstrap(Object(Illuminate\\Foundation\\Application))
#24 C:\\Users\\komal\\OneDrive\\Desktop\\roamiodeals_T\\roamiodeals\\vendor\\laravel\\framework\\src\\Illuminate\\Foundation\\Console\\Kernel.php(383): Illuminate\\Foundation\\Application->bootstrapWith(Array)
#25 C:\\Users\\komal\\OneDrive\\Desktop\\roamiodeals_T\\roamiodeals\\vendor\\laravel\\framework\\src\\Illuminate\\Foundation\\Console\\Kernel.php(153): Illuminate\\Foundation\\Console\\Kernel->bootstrap()
#26 Command line code(1): Illuminate\\Foundation\\Console\\Kernel->handle(Object(Symfony\\Component\\Console\\Input\\ArgvInput), Object(Symfony\\Component\\Console\\Output\\ConsoleOutput))
#27 {main}
"} 
